#
# An unexpected error has occurred (11)
#
Stack:
/lib/x86_64-linux-gnu/libc.so.6(+0x42520) [0x7f4f0b642520]
/home/user/software/vivado2023/Vivado/2023.2/lib/lnx64.o/librdi_synth.so(DFPin::range() const+0x9) [0x7f4ed710a3d9]
/home/user/software/vivado2023/Vivado/2023.2/lib/lnx64.o/librdi_synth.so(HARTRegInfo::isValidForBlock(HARTRegInfo::Synchronousity)+0x1b2c) [0x7f4ed683a53c]
/home/user/software/vivado2023/Vivado/2023.2/lib/lnx64.o/librdi_synth.so(+0x112c00c) [0x7f4ed5b2c00c]
/home/user/software/vivado2023/Vivado/2023.2/lib/lnx64.o/librdi_synth.so(HARTHOptPrepDsp::prepDspConnections(DFNode*)+0x4c8) [0x7f4ed5b2d628]
/home/user/software/vivado2023/Vivado/2023.2/lib/lnx64.o/librdi_synth.so(DFPin::travelTopDownIter(DFGraphTraverseFuncVoid&, UFlags<Option>, UHashList<DFEdge*, DFEdge*, UEKey<DFEdge*>, UHashListNode<DFEdge*>, DFEdge*>*, DFGraph*)+0x580) [0x7f4ed710d710]
/home/user/software/vivado2023/Vivado/2023.2/lib/lnx64.o/librdi_synth.so(DFGraph::traverseTopDown(DFGraphTraverseFuncVoid&, UFlags<Option>, UHashList<DFEdge*, DFEdge*, UEKey<DFEdge*>, UHashListNode<DFEdge*>, DFEdge*>*, DFGraph*)+0xb9) [0x7f4ed70f2bf9]
/home/user/software/vivado2023/Vivado/2023.2/lib/lnx64.o/librdi_synth.so(DFGraph::traverseTopDown(void (*)(DFNode*), UFlags<Option>, UHashList<DFEdge*, DFEdge*, UEKey<DFEdge*>, UHashListNode<DFEdge*>, DFEdge*>*, DFGraph*)+0x20) [0x7f4ed70f2d20]
/home/user/software/vivado2023/Vivado/2023.2/lib/lnx64.o/librdi_synth.so(HARTHOptPost::topDownPass(void (*)(DFNode*), std::__cxx11::basic_string<char, std::char_traits<char>, std::allocator<char> >, bool)+0x1e) [0x7f4ed5afa0fe]
/home/user/software/vivado2023/Vivado/2023.2/lib/lnx64.o/librdi_synth.so(HARTHOptPost::prepDsps()+0x5b3) [0x7f4ed5afabf3]
/home/user/software/vivado2023/Vivado/2023.2/lib/lnx64.o/librdi_synth.so(HARTHOptPost::optimize()+0x1c80) [0x7f4ed5afe920]
/home/user/software/vivado2023/Vivado/2023.2/lib/lnx64.o/librdi_synth.so(HARTHOptDfg::optimizePass2()+0x1ba00) [0x7f4ed630c4d0]
/home/user/software/vivado2023/Vivado/2023.2/lib/lnx64.o/librdi_synth.so(HARTNDb::optimizeAndMap()+0x1078) [0x7f4ed5c466f8]
/home/user/software/vivado2023/Vivado/2023.2/lib/lnx64.o/librdi_synth.so(HARTNDb::map()+0x1b) [0x7f4ed5c4704b]
/home/user/software/vivado2023/Vivado/2023.2/lib/lnx64.o/librdi_synth.so(+0x14998d3) [0x7f4ed5e998d3]
/home/user/software/vivado2023/Vivado/2023.2/lib/lnx64.o/librdi_synth.so(+0x1321b35) [0x7f4ed5d21b35]
/home/user/software/vivado2023/Vivado/2023.2/lib/lnx64.o/libtcl8.5.so(+0x3356f) [0x7f4f0723356f]
/home/user/software/vivado2023/Vivado/2023.2/lib/lnx64.o/libtcl8.5.so(+0x34bf8) [0x7f4f07234bf8]
/home/user/software/vivado2023/Vivado/2023.2/lib/lnx64.o/libtcl8.5.so(Tcl_EvalEx+0x13) [0x7f4f07235163]
/home/user/software/vivado2023/Vivado/2023.2/lib/lnx64.o/libtcl8.5.so(TclEvalObjEx+0x1e0) [0x7f4f07235380]
/home/user/software/vivado2023/Vivado/2023.2/lib/lnx64.o/libtcl8.5.so(+0x3b445) [0x7f4f0723b445]
/home/user/software/vivado2023/Vivado/2023.2/lib/lnx64.o/libtcl8.5.so(+0x3356f) [0x7f4f0723356f]
/home/user/software/vivado2023/Vivado/2023.2/lib/lnx64.o/libtcl8.5.so(+0x76945) [0x7f4f07276945]
/home/user/software/vivado2023/Vivado/2023.2/lib/lnx64.o/libtcl8.5.so(+0x7e0f9) [0x7f4f0727e0f9]
/home/user/software/vivado2023/Vivado/2023.2/lib/lnx64.o/libtcl8.5.so(TclEvalObjEx+0x76) [0x7f4f07235216]
/home/user/software/vivado2023/Vivado/2023.2/lib/lnx64.o/librdi_commontasks.so(+0x261fb1) [0x7f4effa61fb1]
/home/user/software/vivado2023/Vivado/2023.2/lib/lnx64.o/libtcl8.5.so(+0x3356f) [0x7f4f0723356f]
/home/user/software/vivado2023/Vivado/2023.2/lib/lnx64.o/libtcl8.5.so(+0x76945) [0x7f4f07276945]
/home/user/software/vivado2023/Vivado/2023.2/lib/lnx64.o/libtcl8.5.so(TclObjInterpProcCore+0x420) [0x7f4f072b7ed0]
/home/user/software/vivado2023/Vivado/2023.2/lib/lnx64.o/libtcl8.5.so(+0x3356f) [0x7f4f0723356f]
/home/user/software/vivado2023/Vivado/2023.2/lib/lnx64.o/libtcl8.5.so(+0x76945) [0x7f4f07276945]
/home/user/software/vivado2023/Vivado/2023.2/lib/lnx64.o/libtcl8.5.so(+0x7e0f9) [0x7f4f0727e0f9]
/home/user/software/vivado2023/Vivado/2023.2/lib/lnx64.o/libtcl8.5.so(TclEvalObjEx+0x76) [0x7f4f07235216]
/home/user/software/vivado2023/Vivado/2023.2/lib/lnx64.o/librdi_commontasks.so(+0x261fb1) [0x7f4effa61fb1]
/home/user/software/vivado2023/Vivado/2023.2/lib/lnx64.o/libtcl8.5.so(+0x3356f) [0x7f4f0723356f]
/home/user/software/vivado2023/Vivado/2023.2/lib/lnx64.o/libtcl8.5.so(+0x76945) [0x7f4f07276945]
/home/user/software/vivado2023/Vivado/2023.2/lib/lnx64.o/libtcl8.5.so(Tcl_ExprObj+0xf8) [0x7f4f0727dcd8]
/home/user/software/vivado2023/Vivado/2023.2/lib/lnx64.o/libtcl8.5.so(Tcl_ExprBooleanObj+0x16) [0x7f4f07233f56]
/home/user/software/vivado2023/Vivado/2023.2/lib/lnx64.o/libtcl8.5.so(+0x3e7ae) [0x7f4f0723e7ae]
/home/user/software/vivado2023/Vivado/2023.2/lib/lnx64.o/libtcl8.5.so(+0x3356f) [0x7f4f0723356f]
/home/user/software/vivado2023/Vivado/2023.2/lib/lnx64.o/libtcl8.5.so(+0x34bf8) [0x7f4f07234bf8]
/home/user/software/vivado2023/Vivado/2023.2/lib/lnx64.o/libtcl8.5.so(Tcl_EvalEx+0x13) [0x7f4f07235163]
/home/user/software/vivado2023/Vivado/2023.2/lib/lnx64.o/libtcl8.5.so(Tcl_FSEvalFileEx+0x1da) [0x7f4f07299d2a]
/home/user/software/vivado2023/Vivado/2023.2/lib/lnx64.o/librdi_commontasks.so(+0x27e220) [0x7f4effa7e220]
/home/user/software/vivado2023/Vivado/2023.2/lib/lnx64.o/librdi_common.so(+0xd7d9bf) [0x7f4f0cf7d9bf]
/home/user/software/vivado2023/Vivado/2023.2/lib/lnx64.o/libtcl8.5.so(+0x3356f) [0x7f4f0723356f]
/home/user/software/vivado2023/Vivado/2023.2/lib/lnx64.o/libtcl8.5.so(+0x76945) [0x7f4f07276945]
/home/user/software/vivado2023/Vivado/2023.2/lib/lnx64.o/libtcl8.5.so(+0x7e0f9) [0x7f4f0727e0f9]
/home/user/software/vivado2023/Vivado/2023.2/lib/lnx64.o/libtcl8.5.so(TclEvalObjEx+0x76) [0x7f4f07235216]
/home/user/software/vivado2023/Vivado/2023.2/lib/lnx64.o/libtcl8.5.so(+0xb7637) [0x7f4f072b7637]
/home/user/software/vivado2023/Vivado/2023.2/lib/lnx64.o/libtcl8.5.so(+0x3356f) [0x7f4f0723356f]
/home/user/software/vivado2023/Vivado/2023.2/lib/lnx64.o/libtcl8.5.so(+0x76945) [0x7f4f07276945]
/home/user/software/vivado2023/Vivado/2023.2/lib/lnx64.o/libtcl8.5.so(+0x7e0f9) [0x7f4f0727e0f9]
/home/user/software/vivado2023/Vivado/2023.2/lib/lnx64.o/libtcl8.5.so(TclEvalObjEx+0x76) [0x7f4f07235216]
/home/user/software/vivado2023/Vivado/2023.2/lib/lnx64.o/librdi_commontasks.so(+0x261f0e) [0x7f4effa61f0e]
/home/user/software/vivado2023/Vivado/2023.2/lib/lnx64.o/libtcl8.5.so(+0x3356f) [0x7f4f0723356f]
/home/user/software/vivado2023/Vivado/2023.2/lib/lnx64.o/libtcl8.5.so(+0x34bf8) [0x7f4f07234bf8]
/home/user/software/vivado2023/Vivado/2023.2/lib/lnx64.o/libtcl8.5.so(+0xad566) [0x7f4f072ad566]
/home/user/software/vivado2023/Vivado/2023.2/lib/lnx64.o/libtcl8.5.so(+0x34785) [0x7f4f07234785]
/home/user/software/vivado2023/Vivado/2023.2/lib/lnx64.o/libtcl8.5.so(Tcl_EvalEx+0x13) [0x7f4f07235163]
/home/user/software/vivado2023/Vivado/2023.2/lib/lnx64.o/libtcl8.5.so(Tcl_FSEvalFileEx+0x1da) [0x7f4f07299d2a]
/home/user/software/vivado2023/Vivado/2023.2/lib/lnx64.o/librdi_commontasks.so(+0x27e220) [0x7f4effa7e220]
/home/user/software/vivado2023/Vivado/2023.2/lib/lnx64.o/librdi_common.so(+0xd7d9bf) [0x7f4f0cf7d9bf]
/home/user/software/vivado2023/Vivado/2023.2/lib/lnx64.o/libtcl8.5.so(+0x3356f) [0x7f4f0723356f]
/home/user/software/vivado2023/Vivado/2023.2/lib/lnx64.o/libtcl8.5.so(Tcl_EvalObjv+0x32) [0x7f4f072336a2]
/home/user/software/vivado2023/Vivado/2023.2/lib/lnx64.o/libtcl8.5.so(TclEvalObjEx+0x322) [0x7f4f072354c2]
/home/user/software/vivado2023/Vivado/2023.2/lib/lnx64.o/librdi_common.so(hdi::tcltasks::task_manager::eval_in_tcl(Tcl_Interp*, Tcl_Obj*, char const*, bool)+0x74d) [0x7f4f0cf7be1d]
/home/user/software/vivado2023/Vivado/2023.2/lib/lnx64.o/librdi_designutils.so(HRTInvoker::inProcessLaunch(HDGUIStatus&)+0x310) [0x7f4ef5824380]
/home/user/software/vivado2023/Vivado/2023.2/lib/lnx64.o/librdi_designutils.so(HRTInvoker::launch(HDGUIStatus&)+0x33) [0x7f4ef5824933]
/home/user/software/vivado2023/Vivado/2023.2/lib/lnx64.o/librdi_vivadotasks.so(+0x70211c) [0x7f4ecf50211c]
/home/user/software/vivado2023/Vivado/2023.2/lib/lnx64.o/librdi_vivadotasks.so(+0x70b832) [0x7f4ecf50b832]
/home/user/software/vivado2023/Vivado/2023.2/lib/lnx64.o/librdi_common.so(+0xd7d9bf) [0x7f4f0cf7d9bf]
/home/user/software/vivado2023/Vivado/2023.2/lib/lnx64.o/libtcl8.5.so(+0x3356f) [0x7f4f0723356f]
/home/user/software/vivado2023/Vivado/2023.2/lib/lnx64.o/libtcl8.5.so(+0x76945) [0x7f4f07276945]
/home/user/software/vivado2023/Vivado/2023.2/lib/lnx64.o/libtcl8.5.so(+0x7e0f9) [0x7f4f0727e0f9]
/home/user/software/vivado2023/Vivado/2023.2/lib/lnx64.o/libtcl8.5.so(TclEvalObjEx+0x76) [0x7f4f07235216]
/home/user/software/vivado2023/Vivado/2023.2/lib/lnx64.o/libtcl8.5.so(Tcl_RecordAndEvalObj+0x143) [0x7f4f07283bd3]
/home/user/software/vivado2023/Vivado/2023.2/lib/lnx64.o/librdi_commontasks.so(+0x2fc369) [0x7f4effafc369]
/home/user/software/vivado2023/Vivado/2023.2/lib/lnx64.o/libtcl8.5.so(Tcl_Main+0x620) [0x7f4f072a0740]
/home/user/software/vivado2023/Vivado/2023.2/lib/lnx64.o/librdi_common.so(+0xda6f7b) [0x7f4f0cfa6f7b]
/lib/x86_64-linux-gnu/libc.so.6(+0x94ac3) [0x7f4f0b694ac3]
/lib/x86_64-linux-gnu/libc.so.6(+0x126a40) [0x7f4f0b726a40]
