#
# An unexpected error has occurred (11)
#
Stack:
/lib/x86_64-linux-gnu/libc.so.6(+0x42520) [0x7fd6f3242520]
/home/user/software/vivado_2023.2/vivado2302/Vivado/2023.2/lib/lnx64.o/librdi_synth.so(NRealModC::userName(NNetC*, UAggName const&, unsigned int)+0x63) [0x7fd6bedce093]
/home/user/software/vivado_2023.2/vivado2302/Vivado/2023.2/lib/lnx64.o/librdi_synth.so(NNetC::setUserName(UString const&)+0xbf) [0x7fd6bedda8ff]
/home/user/software/vivado_2023.2/vivado2302/Vivado/2023.2/lib/lnx64.o/librdi_synth.so(SPinArray::createBus(NRealMod, URange, UString const&)+0x4f9) [0x7fd6bea70129]
/home/user/software/vivado_2023.2/vivado2302/Vivado/2023.2/lib/lnx64.o/librdi_synth.so(HSynMod::createBus()+0xec1) [0x7fd6be9a8a61]
/home/user/software/vivado_2023.2/vivado2302/Vivado/2023.2/lib/lnx64.o/librdi_synth.so(HSynMod::connectNets()+0x335) [0x7fd6be9ac005]
/home/user/software/vivado_2023.2/vivado2302/Vivado/2023.2/lib/lnx64.o/librdi_synth.so(HSynMod::regenerate(bool)+0x24) [0x7fd6be9a4f44]
/home/user/software/vivado_2023.2/vivado2302/Vivado/2023.2/lib/lnx64.o/librdi_synth.so(GSyn::generate(NRealMod, bool)+0x352) [0x7fd6be4fb422]
/home/user/software/vivado_2023.2/vivado2302/Vivado/2023.2/lib/lnx64.o/librdi_synth.so(NRealMod::regenerate(bool)+0x27) [0x7fd6be4fb5a7]
/home/user/software/vivado_2023.2/vivado2302/Vivado/2023.2/lib/lnx64.o/librdi_synth.so(HARTNDb::optimizeAndMap()+0x9bb) [0x7fd6bd84603b]
/home/user/software/vivado_2023.2/vivado2302/Vivado/2023.2/lib/lnx64.o/librdi_synth.so(HARTNDb::map()+0x1b) [0x7fd6bd84704b]
/home/user/software/vivado_2023.2/vivado2302/Vivado/2023.2/lib/lnx64.o/librdi_synth.so(+0x14998d3) [0x7fd6bda998d3]
/home/user/software/vivado_2023.2/vivado2302/Vivado/2023.2/lib/lnx64.o/librdi_synth.so(+0x1321b35) [0x7fd6bd921b35]
/home/user/software/vivado_2023.2/vivado2302/Vivado/2023.2/lib/lnx64.o/libtcl8.5.so(+0x3356f) [0x7fd6eee3356f]
/home/user/software/vivado_2023.2/vivado2302/Vivado/2023.2/lib/lnx64.o/libtcl8.5.so(+0x34bf8) [0x7fd6eee34bf8]
/home/user/software/vivado_2023.2/vivado2302/Vivado/2023.2/lib/lnx64.o/libtcl8.5.so(Tcl_EvalEx+0x13) [0x7fd6eee35163]
/home/user/software/vivado_2023.2/vivado2302/Vivado/2023.2/lib/lnx64.o/libtcl8.5.so(TclEvalObjEx+0x1e0) [0x7fd6eee35380]
/home/user/software/vivado_2023.2/vivado2302/Vivado/2023.2/lib/lnx64.o/libtcl8.5.so(+0x3b445) [0x7fd6eee3b445]
/home/user/software/vivado_2023.2/vivado2302/Vivado/2023.2/lib/lnx64.o/libtcl8.5.so(+0x3356f) [0x7fd6eee3356f]
/home/user/software/vivado_2023.2/vivado2302/Vivado/2023.2/lib/lnx64.o/libtcl8.5.so(+0x76945) [0x7fd6eee76945]
/home/user/software/vivado_2023.2/vivado2302/Vivado/2023.2/lib/lnx64.o/libtcl8.5.so(+0x7e0f9) [0x7fd6eee7e0f9]
/home/user/software/vivado_2023.2/vivado2302/Vivado/2023.2/lib/lnx64.o/libtcl8.5.so(TclEvalObjEx+0x76) [0x7fd6eee35216]
/home/user/software/vivado_2023.2/vivado2302/Vivado/2023.2/lib/lnx64.o/librdi_commontasks.so(+0x261fb1) [0x7fd6e7661fb1]
/home/user/software/vivado_2023.2/vivado2302/Vivado/2023.2/lib/lnx64.o/libtcl8.5.so(+0x3356f) [0x7fd6eee3356f]
/home/user/software/vivado_2023.2/vivado2302/Vivado/2023.2/lib/lnx64.o/libtcl8.5.so(+0x76945) [0x7fd6eee76945]
/home/user/software/vivado_2023.2/vivado2302/Vivado/2023.2/lib/lnx64.o/libtcl8.5.so(TclObjInterpProcCore+0x420) [0x7fd6eeeb7ed0]
/home/user/software/vivado_2023.2/vivado2302/Vivado/2023.2/lib/lnx64.o/libtcl8.5.so(+0x3356f) [0x7fd6eee3356f]
/home/user/software/vivado_2023.2/vivado2302/Vivado/2023.2/lib/lnx64.o/libtcl8.5.so(+0x76945) [0x7fd6eee76945]
/home/user/software/vivado_2023.2/vivado2302/Vivado/2023.2/lib/lnx64.o/libtcl8.5.so(+0x7e0f9) [0x7fd6eee7e0f9]
/home/user/software/vivado_2023.2/vivado2302/Vivado/2023.2/lib/lnx64.o/libtcl8.5.so(TclEvalObjEx+0x76) [0x7fd6eee35216]
/home/user/software/vivado_2023.2/vivado2302/Vivado/2023.2/lib/lnx64.o/librdi_commontasks.so(+0x261fb1) [0x7fd6e7661fb1]
/home/user/software/vivado_2023.2/vivado2302/Vivado/2023.2/lib/lnx64.o/libtcl8.5.so(+0x3356f) [0x7fd6eee3356f]
/home/user/software/vivado_2023.2/vivado2302/Vivado/2023.2/lib/lnx64.o/libtcl8.5.so(+0x76945) [0x7fd6eee76945]
/home/user/software/vivado_2023.2/vivado2302/Vivado/2023.2/lib/lnx64.o/libtcl8.5.so(Tcl_ExprObj+0xf8) [0x7fd6eee7dcd8]
/home/user/software/vivado_2023.2/vivado2302/Vivado/2023.2/lib/lnx64.o/libtcl8.5.so(Tcl_ExprBooleanObj+0x16) [0x7fd6eee33f56]
/home/user/software/vivado_2023.2/vivado2302/Vivado/2023.2/lib/lnx64.o/libtcl8.5.so(+0x3e7ae) [0x7fd6eee3e7ae]
/home/user/software/vivado_2023.2/vivado2302/Vivado/2023.2/lib/lnx64.o/libtcl8.5.so(+0x3356f) [0x7fd6eee3356f]
/home/user/software/vivado_2023.2/vivado2302/Vivado/2023.2/lib/lnx64.o/libtcl8.5.so(+0x34bf8) [0x7fd6eee34bf8]
/home/user/software/vivado_2023.2/vivado2302/Vivado/2023.2/lib/lnx64.o/libtcl8.5.so(Tcl_EvalEx+0x13) [0x7fd6eee35163]
/home/user/software/vivado_2023.2/vivado2302/Vivado/2023.2/lib/lnx64.o/libtcl8.5.so(Tcl_FSEvalFileEx+0x1da) [0x7fd6eee99d2a]
/home/user/software/vivado_2023.2/vivado2302/Vivado/2023.2/lib/lnx64.o/librdi_commontasks.so(+0x27e220) [0x7fd6e767e220]
/home/user/software/vivado_2023.2/vivado2302/Vivado/2023.2/lib/lnx64.o/librdi_common.so(+0xd7d9bf) [0x7fd6f4b7d9bf]
/home/user/software/vivado_2023.2/vivado2302/Vivado/2023.2/lib/lnx64.o/libtcl8.5.so(+0x3356f) [0x7fd6eee3356f]
/home/user/software/vivado_2023.2/vivado2302/Vivado/2023.2/lib/lnx64.o/libtcl8.5.so(+0x76945) [0x7fd6eee76945]
/home/user/software/vivado_2023.2/vivado2302/Vivado/2023.2/lib/lnx64.o/libtcl8.5.so(+0x7e0f9) [0x7fd6eee7e0f9]
/home/user/software/vivado_2023.2/vivado2302/Vivado/2023.2/lib/lnx64.o/libtcl8.5.so(TclEvalObjEx+0x76) [0x7fd6eee35216]
/home/user/software/vivado_2023.2/vivado2302/Vivado/2023.2/lib/lnx64.o/libtcl8.5.so(+0xb7637) [0x7fd6eeeb7637]
/home/user/software/vivado_2023.2/vivado2302/Vivado/2023.2/lib/lnx64.o/libtcl8.5.so(+0x3356f) [0x7fd6eee3356f]
/home/user/software/vivado_2023.2/vivado2302/Vivado/2023.2/lib/lnx64.o/libtcl8.5.so(+0x76945) [0x7fd6eee76945]
/home/user/software/vivado_2023.2/vivado2302/Vivado/2023.2/lib/lnx64.o/libtcl8.5.so(+0x7e0f9) [0x7fd6eee7e0f9]
/home/user/software/vivado_2023.2/vivado2302/Vivado/2023.2/lib/lnx64.o/libtcl8.5.so(TclEvalObjEx+0x76) [0x7fd6eee35216]
/home/user/software/vivado_2023.2/vivado2302/Vivado/2023.2/lib/lnx64.o/librdi_commontasks.so(+0x261f0e) [0x7fd6e7661f0e]
/home/user/software/vivado_2023.2/vivado2302/Vivado/2023.2/lib/lnx64.o/libtcl8.5.so(+0x3356f) [0x7fd6eee3356f]
/home/user/software/vivado_2023.2/vivado2302/Vivado/2023.2/lib/lnx64.o/libtcl8.5.so(+0x34bf8) [0x7fd6eee34bf8]
/home/user/software/vivado_2023.2/vivado2302/Vivado/2023.2/lib/lnx64.o/libtcl8.5.so(+0xad566) [0x7fd6eeead566]
/home/user/software/vivado_2023.2/vivado2302/Vivado/2023.2/lib/lnx64.o/libtcl8.5.so(+0x34785) [0x7fd6eee34785]
/home/user/software/vivado_2023.2/vivado2302/Vivado/2023.2/lib/lnx64.o/libtcl8.5.so(Tcl_EvalEx+0x13) [0x7fd6eee35163]
/home/user/software/vivado_2023.2/vivado2302/Vivado/2023.2/lib/lnx64.o/libtcl8.5.so(Tcl_FSEvalFileEx+0x1da) [0x7fd6eee99d2a]
/home/user/software/vivado_2023.2/vivado2302/Vivado/2023.2/lib/lnx64.o/librdi_commontasks.so(+0x27e220) [0x7fd6e767e220]
/home/user/software/vivado_2023.2/vivado2302/Vivado/2023.2/lib/lnx64.o/librdi_common.so(+0xd7d9bf) [0x7fd6f4b7d9bf]
/home/user/software/vivado_2023.2/vivado2302/Vivado/2023.2/lib/lnx64.o/libtcl8.5.so(+0x3356f) [0x7fd6eee3356f]
/home/user/software/vivado_2023.2/vivado2302/Vivado/2023.2/lib/lnx64.o/libtcl8.5.so(Tcl_EvalObjv+0x32) [0x7fd6eee336a2]
/home/user/software/vivado_2023.2/vivado2302/Vivado/2023.2/lib/lnx64.o/libtcl8.5.so(TclEvalObjEx+0x322) [0x7fd6eee354c2]
/home/user/software/vivado_2023.2/vivado2302/Vivado/2023.2/lib/lnx64.o/librdi_common.so(hdi::tcltasks::task_manager::eval_in_tcl(Tcl_Interp*, Tcl_Obj*, char const*, bool)+0x74d) [0x7fd6f4b7be1d]
/home/user/software/vivado_2023.2/vivado2302/Vivado/2023.2/lib/lnx64.o/librdi_designutils.so(HRTInvoker::inProcessLaunch(HDGUIStatus&)+0x310) [0x7fd6dd424380]
/home/user/software/vivado_2023.2/vivado2302/Vivado/2023.2/lib/lnx64.o/librdi_designutils.so(HRTInvoker::launch(HDGUIStatus&)+0x33) [0x7fd6dd424933]
/home/user/software/vivado_2023.2/vivado2302/Vivado/2023.2/lib/lnx64.o/librdi_vivadotasks.so(+0x70211c) [0x7fd6b710211c]
/home/user/software/vivado_2023.2/vivado2302/Vivado/2023.2/lib/lnx64.o/librdi_vivadotasks.so(+0x70b832) [0x7fd6b710b832]
/home/user/software/vivado_2023.2/vivado2302/Vivado/2023.2/lib/lnx64.o/librdi_common.so(+0xd7d9bf) [0x7fd6f4b7d9bf]
/home/user/software/vivado_2023.2/vivado2302/Vivado/2023.2/lib/lnx64.o/libtcl8.5.so(+0x3356f) [0x7fd6eee3356f]
/home/user/software/vivado_2023.2/vivado2302/Vivado/2023.2/lib/lnx64.o/libtcl8.5.so(+0x76945) [0x7fd6eee76945]
/home/user/software/vivado_2023.2/vivado2302/Vivado/2023.2/lib/lnx64.o/libtcl8.5.so(+0x7e0f9) [0x7fd6eee7e0f9]
/home/user/software/vivado_2023.2/vivado2302/Vivado/2023.2/lib/lnx64.o/libtcl8.5.so(TclEvalObjEx+0x76) [0x7fd6eee35216]
/home/user/software/vivado_2023.2/vivado2302/Vivado/2023.2/lib/lnx64.o/libtcl8.5.so(Tcl_RecordAndEvalObj+0x143) [0x7fd6eee83bd3]
/home/user/software/vivado_2023.2/vivado2302/Vivado/2023.2/lib/lnx64.o/librdi_commontasks.so(+0x2fc369) [0x7fd6e76fc369]
/home/user/software/vivado_2023.2/vivado2302/Vivado/2023.2/lib/lnx64.o/libtcl8.5.so(Tcl_Main+0x620) [0x7fd6eeea0740]
/home/user/software/vivado_2023.2/vivado2302/Vivado/2023.2/lib/lnx64.o/librdi_common.so(+0xda6f7b) [0x7fd6f4ba6f7b]
/lib/x86_64-linux-gnu/libc.so.6(+0x94ac3) [0x7fd6f3294ac3]
/lib/x86_64-linux-gnu/libc.so.6(+0x126a40) [0x7fd6f3326a40]
