#
# An unexpected error has occurred (11)
#
Stack:
/lib/x86_64-linux-gnu/libc.so.6(+0x42520) [0x7f109f242520]
/home/user/software/vivado2023/Vivado/2023.2/lib/lnx64.o/librdi_synth.so(ConstProp::reconnect(NNet, NNet)+0x579) [0x7f106a4ba7d9]
/home/user/software/vivado2023/Vivado/2023.2/lib/lnx64.o/librdi_synth.so(ConstProp::getEquivalentNet(NNet, bool, UHashSet<NNetC*, NNetC*, UEKey<NNetC*>, UHashSetNode<NNetC*>, NNetC*, UEValue<NNetC*, UHashSetNode<NNetC*> > >*)+0xce8) [0x7f106a4bb8a8]
/home/user/software/vivado2023/Vivado/2023.2/lib/lnx64.o/librdi_synth.so(ConstProp::propagateXORCY(NInst, bool)+0x17a) [0x7f106aa7538a]
/home/user/software/vivado2023/Vivado/2023.2/lib/lnx64.o/librdi_synth.so(ConstProp::evaluateCombinational(NInst, bool, UHashSet<NNetC*, NNetC*, UEKey<NNetC*>, UHashSetNode<NNetC*>, NNetC*, UEValue<NNetC*, UHashSetNode<NNetC*> > >*)+0xc84) [0x7f106a4c6904]
/home/user/software/vivado2023/Vivado/2023.2/lib/lnx64.o/librdi_synth.so(ConstProp::evaluate(NInst, int, bool, UHashSet<NNetC*, NNetC*, UEKey<NNetC*>, UHashSetNode<NNetC*>, NNetC*, UEValue<NNetC*, UHashSetNode<NNetC*> > >*)+0x482) [0x7f106a4c6f92]
/home/user/software/vivado2023/Vivado/2023.2/lib/lnx64.o/librdi_synth.so(ConstProp::getEquivalentNet(NNet, bool, UHashSet<NNetC*, NNetC*, UEKey<NNetC*>, UHashSetNode<NNetC*>, NNetC*, UEValue<NNetC*, UHashSetNode<NNetC*> > >*)+0x20e) [0x7f106a4badce]
/home/user/software/vivado2023/Vivado/2023.2/lib/lnx64.o/librdi_synth.so(ConstProp::getBDDsOfInputs(NInst, UHashMap<NNetC*, int, NNetC*, UEKey<NNetC*> >&, int&, bool&, bool, UHashSet<NNetC*, NNetC*, UEKey<NNetC*>, UHashSetNode<NNetC*>, NNetC*, UEValue<NNetC*, UHashSetNode<NNetC*> > >*, BDD&)+0x1aa) [0x7f106a4bbada]
/home/user/software/vivado2023/Vivado/2023.2/lib/lnx64.o/librdi_synth.so(ConstProp::evaluateCombinational(NInst, bool, UHashSet<NNetC*, NNetC*, UEKey<NNetC*>, UHashSetNode<NNetC*>, NNetC*, UEValue<NNetC*, UHashSetNode<NNetC*> > >*)+0x257) [0x7f106a4c5ed7]
/home/user/software/vivado2023/Vivado/2023.2/lib/lnx64.o/librdi_synth.so(ConstProp::evaluate(NInst, int, bool, UHashSet<NNetC*, NNetC*, UEKey<NNetC*>, UHashSetNode<NNetC*>, NNetC*, UEValue<NNetC*, UHashSetNode<NNetC*> > >*)+0x482) [0x7f106a4c6f92]
/home/user/software/vivado2023/Vivado/2023.2/lib/lnx64.o/librdi_synth.so(ConstProp::getEquivalentNet(NNet, bool, UHashSet<NNetC*, NNetC*, UEKey<NNetC*>, UHashSetNode<NNetC*>, NNetC*, UEValue<NNetC*, UHashSetNode<NNetC*> > >*)+0x20e) [0x7f106a4badce]
/home/user/software/vivado2023/Vivado/2023.2/lib/lnx64.o/librdi_synth.so(ConstProp::getBDDsOfInputs(NInst, UHashMap<NNetC*, int, NNetC*, UEKey<NNetC*> >&, int&, bool&, bool, UHashSet<NNetC*, NNetC*, UEKey<NNetC*>, UHashSetNode<NNetC*>, NNetC*, UEValue<NNetC*, UHashSetNode<NNetC*> > >*, BDD&)+0x1aa) [0x7f106a4bbada]
/home/user/software/vivado2023/Vivado/2023.2/lib/lnx64.o/librdi_synth.so(ConstProp::evaluateCombinational(NInst, bool, UHashSet<NNetC*, NNetC*, UEKey<NNetC*>, UHashSetNode<NNetC*>, NNetC*, UEValue<NNetC*, UHashSetNode<NNetC*> > >*)+0x257) [0x7f106a4c5ed7]
/home/user/software/vivado2023/Vivado/2023.2/lib/lnx64.o/librdi_synth.so(ConstProp::evaluate(NInst, int, bool, UHashSet<NNetC*, NNetC*, UEKey<NNetC*>, UHashSetNode<NNetC*>, NNetC*, UEValue<NNetC*, UHashSetNode<NNetC*> > >*)+0x482) [0x7f106a4c6f92]
/home/user/software/vivado2023/Vivado/2023.2/lib/lnx64.o/librdi_synth.so(ConstProp::getEquivalentNet(NNet, bool, UHashSet<NNetC*, NNetC*, UEKey<NNetC*>, UHashSetNode<NNetC*>, NNetC*, UEValue<NNetC*, UHashSetNode<NNetC*> > >*)+0x20e) [0x7f106a4badce]
/home/user/software/vivado2023/Vivado/2023.2/lib/lnx64.o/librdi_synth.so(ConstProp::getBDDsOfInputs(NInst, UHashMap<NNetC*, int, NNetC*, UEKey<NNetC*> >&, int&, bool&, bool, UHashSet<NNetC*, NNetC*, UEKey<NNetC*>, UHashSetNode<NNetC*>, NNetC*, UEValue<NNetC*, UHashSetNode<NNetC*> > >*, BDD&)+0x1aa) [0x7f106a4bbada]
/home/user/software/vivado2023/Vivado/2023.2/lib/lnx64.o/librdi_synth.so(ConstProp::evaluateCombinational(NInst, bool, UHashSet<NNetC*, NNetC*, UEKey<NNetC*>, UHashSetNode<NNetC*>, NNetC*, UEValue<NNetC*, UHashSetNode<NNetC*> > >*)+0x257) [0x7f106a4c5ed7]
/home/user/software/vivado2023/Vivado/2023.2/lib/lnx64.o/librdi_synth.so(ConstProp::evaluate(NInst, int, bool, UHashSet<NNetC*, NNetC*, UEKey<NNetC*>, UHashSetNode<NNetC*>, NNetC*, UEValue<NNetC*, UHashSetNode<NNetC*> > >*)+0x482) [0x7f106a4c6f92]
/home/user/software/vivado2023/Vivado/2023.2/lib/lnx64.o/librdi_synth.so(ConstProp::getEquivalentNet(NNet, bool, UHashSet<NNetC*, NNetC*, UEKey<NNetC*>, UHashSetNode<NNetC*>, NNetC*, UEValue<NNetC*, UHashSetNode<NNetC*> > >*)+0x20e) [0x7f106a4badce]
/home/user/software/vivado2023/Vivado/2023.2/lib/lnx64.o/librdi_synth.so(ConstProp::getBDDsOfInputs(NInst, UHashMap<NNetC*, int, NNetC*, UEKey<NNetC*> >&, int&, bool&, bool, UHashSet<NNetC*, NNetC*, UEKey<NNetC*>, UHashSetNode<NNetC*>, NNetC*, UEValue<NNetC*, UHashSetNode<NNetC*> > >*, BDD&)+0x1aa) [0x7f106a4bbada]
/home/user/software/vivado2023/Vivado/2023.2/lib/lnx64.o/librdi_synth.so(ConstProp::evaluateCombinational(NInst, bool, UHashSet<NNetC*, NNetC*, UEKey<NNetC*>, UHashSetNode<NNetC*>, NNetC*, UEValue<NNetC*, UHashSetNode<NNetC*> > >*)+0x257) [0x7f106a4c5ed7]
/home/user/software/vivado2023/Vivado/2023.2/lib/lnx64.o/librdi_synth.so(ConstProp::evaluate(NInst, int, bool, UHashSet<NNetC*, NNetC*, UEKey<NNetC*>, UHashSetNode<NNetC*>, NNetC*, UEValue<NNetC*, UHashSetNode<NNetC*> > >*)+0x482) [0x7f106a4c6f92]
/home/user/software/vivado2023/Vivado/2023.2/lib/lnx64.o/librdi_synth.so(ConstProp::getEquivalentNet(NNet, bool, UHashSet<NNetC*, NNetC*, UEKey<NNetC*>, UHashSetNode<NNetC*>, NNetC*, UEValue<NNetC*, UHashSetNode<NNetC*> > >*)+0x20e) [0x7f106a4badce]
/home/user/software/vivado2023/Vivado/2023.2/lib/lnx64.o/librdi_synth.so(ConstProp::getBDDsOfInputs(NInst, UHashMap<NNetC*, int, NNetC*, UEKey<NNetC*> >&, int&, bool&, bool, UHashSet<NNetC*, NNetC*, UEKey<NNetC*>, UHashSetNode<NNetC*>, NNetC*, UEValue<NNetC*, UHashSetNode<NNetC*> > >*, BDD&)+0x1aa) [0x7f106a4bbada]
/home/user/software/vivado2023/Vivado/2023.2/lib/lnx64.o/librdi_synth.so(ConstProp::evaluateCombinational(NInst, bool, UHashSet<NNetC*, NNetC*, UEKey<NNetC*>, UHashSetNode<NNetC*>, NNetC*, UEValue<NNetC*, UHashSetNode<NNetC*> > >*)+0x257) [0x7f106a4c5ed7]
/home/user/software/vivado2023/Vivado/2023.2/lib/lnx64.o/librdi_synth.so(ConstProp::evaluate(NInst, int, bool, UHashSet<NNetC*, NNetC*, UEKey<NNetC*>, UHashSetNode<NNetC*>, NNetC*, UEValue<NNetC*, UHashSetNode<NNetC*> > >*)+0x482) [0x7f106a4c6f92]
/home/user/software/vivado2023/Vivado/2023.2/lib/lnx64.o/librdi_synth.so(ConstProp::getEquivalentNet(NNet, bool, UHashSet<NNetC*, NNetC*, UEKey<NNetC*>, UHashSetNode<NNetC*>, NNetC*, UEValue<NNetC*, UHashSetNode<NNetC*> > >*)+0x20e) [0x7f106a4badce]
/home/user/software/vivado2023/Vivado/2023.2/lib/lnx64.o/librdi_synth.so(ConstProp::getBDDsOfInputs(NInst, UHashMap<NNetC*, int, NNetC*, UEKey<NNetC*> >&, int&, bool&, bool, UHashSet<NNetC*, NNetC*, UEKey<NNetC*>, UHashSetNode<NNetC*>, NNetC*, UEValue<NNetC*, UHashSetNode<NNetC*> > >*, BDD&)+0x1aa) [0x7f106a4bbada]
/home/user/software/vivado2023/Vivado/2023.2/lib/lnx64.o/librdi_synth.so(ConstProp::evaluateCombinational(NInst, bool, UHashSet<NNetC*, NNetC*, UEKey<NNetC*>, UHashSetNode<NNetC*>, NNetC*, UEValue<NNetC*, UHashSetNode<NNetC*> > >*)+0x257) [0x7f106a4c5ed7]
/home/user/software/vivado2023/Vivado/2023.2/lib/lnx64.o/librdi_synth.so(ConstProp::evaluate(NInst, int, bool, UHashSet<NNetC*, NNetC*, UEKey<NNetC*>, UHashSetNode<NNetC*>, NNetC*, UEValue<NNetC*, UHashSetNode<NNetC*> > >*)+0x482) [0x7f106a4c6f92]
/home/user/software/vivado2023/Vivado/2023.2/lib/lnx64.o/librdi_synth.so(ConstProp::getEquivalentNet(NNet, bool, UHashSet<NNetC*, NNetC*, UEKey<NNetC*>, UHashSetNode<NNetC*>, NNetC*, UEValue<NNetC*, UHashSetNode<NNetC*> > >*)+0x20e) [0x7f106a4badce]
/home/user/software/vivado2023/Vivado/2023.2/lib/lnx64.o/librdi_synth.so(ConstProp::getBDDsOfInputs(NInst, UHashMap<NNetC*, int, NNetC*, UEKey<NNetC*> >&, int&, bool&, bool, UHashSet<NNetC*, NNetC*, UEKey<NNetC*>, UHashSetNode<NNetC*>, NNetC*, UEValue<NNetC*, UHashSetNode<NNetC*> > >*, BDD&)+0x1aa) [0x7f106a4bbada]
/home/user/software/vivado2023/Vivado/2023.2/lib/lnx64.o/librdi_synth.so(ConstProp::evaluateCombinational(NInst, bool, UHashSet<NNetC*, NNetC*, UEKey<NNetC*>, UHashSetNode<NNetC*>, NNetC*, UEValue<NNetC*, UHashSetNode<NNetC*> > >*)+0x257) [0x7f106a4c5ed7]
/home/user/software/vivado2023/Vivado/2023.2/lib/lnx64.o/librdi_synth.so(ConstProp::evaluate(NInst, int, bool, UHashSet<NNetC*, NNetC*, UEKey<NNetC*>, UHashSetNode<NNetC*>, NNetC*, UEValue<NNetC*, UHashSetNode<NNetC*> > >*)+0x482) [0x7f106a4c6f92]
/home/user/software/vivado2023/Vivado/2023.2/lib/lnx64.o/librdi_synth.so(ConstProp::getEquivalentNet(NNet, bool, UHashSet<NNetC*, NNetC*, UEKey<NNetC*>, UHashSetNode<NNetC*>, NNetC*, UEValue<NNetC*, UHashSetNode<NNetC*> > >*)+0x20e) [0x7f106a4badce]
/home/user/software/vivado2023/Vivado/2023.2/lib/lnx64.o/librdi_synth.so(ConstProp::evaluateModule(NInst, NRealMod, int, bool, UHashSet<NNetC*, NNetC*, UEKey<NNetC*>, UHashSetNode<NNetC*>, NNetC*, UEValue<NNetC*, UHashSetNode<NNetC*> > >*)+0x169) [0x7f106a4c1c89]
/home/user/software/vivado2023/Vivado/2023.2/lib/lnx64.o/librdi_synth.so(ConstProp::evaluate(NInst, int, bool, UHashSet<NNetC*, NNetC*, UEKey<NNetC*>, UHashSetNode<NNetC*>, NNetC*, UEValue<NNetC*, UHashSetNode<NNetC*> > >*)+0x445) [0x7f106a4c6f55]
/home/user/software/vivado2023/Vivado/2023.2/lib/lnx64.o/librdi_synth.so(ConstProp::getEquivalentNet(NNet, bool, UHashSet<NNetC*, NNetC*, UEKey<NNetC*>, UHashSetNode<NNetC*>, NNetC*, UEValue<NNetC*, UHashSetNode<NNetC*> > >*)+0x20e) [0x7f106a4badce]
/home/user/software/vivado2023/Vivado/2023.2/lib/lnx64.o/librdi_synth.so(ConstProp::propagate(bool, bool, bool, bool, bool, bool, bool, bool, bool, int)+0xc34) [0x7f106a4c8674]
/home/user/software/vivado2023/Vivado/2023.2/lib/lnx64.o/librdi_synth.so(HARTNDb::constPropBottomUpNew(NRealMod, UHashSet<UString, UString, UEKey<UString>, UHashSetNode<UString>, UString, UEValue<UString, UHashSetNode<UString> > >&, UHashSet<UString, UString, UEKey<UString>, UHashSetNode<UString>, UString, UEValue<UString, UHashSetNode<UString> > >&)+0x581) [0x7f106983c961]
/home/user/software/vivado2023/Vivado/2023.2/lib/lnx64.o/librdi_synth.so(HARTNDb::constProp()+0x33d) [0x7f106983d66d]
/home/user/software/vivado2023/Vivado/2023.2/lib/lnx64.o/librdi_synth.so(+0x1449083) [0x7f1069a49083]
/home/user/software/vivado2023/Vivado/2023.2/lib/lnx64.o/librdi_synth.so(+0x1321b35) [0x7f1069921b35]
/home/user/software/vivado2023/Vivado/2023.2/lib/lnx64.o/libtcl8.5.so(+0x3356f) [0x7f109ae3356f]
/home/user/software/vivado2023/Vivado/2023.2/lib/lnx64.o/libtcl8.5.so(+0x34bf8) [0x7f109ae34bf8]
/home/user/software/vivado2023/Vivado/2023.2/lib/lnx64.o/libtcl8.5.so(Tcl_EvalEx+0x13) [0x7f109ae35163]
/home/user/software/vivado2023/Vivado/2023.2/lib/lnx64.o/libtcl8.5.so(TclEvalObjEx+0x1e0) [0x7f109ae35380]
/home/user/software/vivado2023/Vivado/2023.2/lib/lnx64.o/libtcl8.5.so(+0x3b445) [0x7f109ae3b445]
/home/user/software/vivado2023/Vivado/2023.2/lib/lnx64.o/libtcl8.5.so(+0x3356f) [0x7f109ae3356f]
/home/user/software/vivado2023/Vivado/2023.2/lib/lnx64.o/libtcl8.5.so(+0x76945) [0x7f109ae76945]
/home/user/software/vivado2023/Vivado/2023.2/lib/lnx64.o/libtcl8.5.so(+0x7e0f9) [0x7f109ae7e0f9]
/home/user/software/vivado2023/Vivado/2023.2/lib/lnx64.o/libtcl8.5.so(TclEvalObjEx+0x76) [0x7f109ae35216]
/home/user/software/vivado2023/Vivado/2023.2/lib/lnx64.o/librdi_commontasks.so(+0x261fb1) [0x7f1093661fb1]
/home/user/software/vivado2023/Vivado/2023.2/lib/lnx64.o/libtcl8.5.so(+0x3356f) [0x7f109ae3356f]
/home/user/software/vivado2023/Vivado/2023.2/lib/lnx64.o/libtcl8.5.so(+0x76945) [0x7f109ae76945]
/home/user/software/vivado2023/Vivado/2023.2/lib/lnx64.o/libtcl8.5.so(TclObjInterpProcCore+0x420) [0x7f109aeb7ed0]
/home/user/software/vivado2023/Vivado/2023.2/lib/lnx64.o/libtcl8.5.so(+0x3356f) [0x7f109ae3356f]
/home/user/software/vivado2023/Vivado/2023.2/lib/lnx64.o/libtcl8.5.so(+0x76945) [0x7f109ae76945]
/home/user/software/vivado2023/Vivado/2023.2/lib/lnx64.o/libtcl8.5.so(TclObjInterpProcCore+0x420) [0x7f109aeb7ed0]
/home/user/software/vivado2023/Vivado/2023.2/lib/lnx64.o/libtcl8.5.so(+0x3356f) [0x7f109ae3356f]
/home/user/software/vivado2023/Vivado/2023.2/lib/lnx64.o/libtcl8.5.so(+0x76945) [0x7f109ae76945]
/home/user/software/vivado2023/Vivado/2023.2/lib/lnx64.o/libtcl8.5.so(TclObjInterpProcCore+0x420) [0x7f109aeb7ed0]
/home/user/software/vivado2023/Vivado/2023.2/lib/lnx64.o/libtcl8.5.so(+0x3356f) [0x7f109ae3356f]
/home/user/software/vivado2023/Vivado/2023.2/lib/lnx64.o/libtcl8.5.so(+0x34bf8) [0x7f109ae34bf8]
/home/user/software/vivado2023/Vivado/2023.2/lib/lnx64.o/libtcl8.5.so(Tcl_EvalEx+0x13) [0x7f109ae35163]
/home/user/software/vivado2023/Vivado/2023.2/lib/lnx64.o/libtcl8.5.so(TclEvalObjEx+0x1e0) [0x7f109ae35380]
/home/user/software/vivado2023/Vivado/2023.2/lib/lnx64.o/libtcl8.5.so(+0x3b445) [0x7f109ae3b445]
/home/user/software/vivado2023/Vivado/2023.2/lib/lnx64.o/libtcl8.5.so(+0x3356f) [0x7f109ae3356f]
/home/user/software/vivado2023/Vivado/2023.2/lib/lnx64.o/libtcl8.5.so(+0x76945) [0x7f109ae76945]
/home/user/software/vivado2023/Vivado/2023.2/lib/lnx64.o/libtcl8.5.so(+0x7e0f9) [0x7f109ae7e0f9]
/home/user/software/vivado2023/Vivado/2023.2/lib/lnx64.o/libtcl8.5.so(TclEvalObjEx+0x76) [0x7f109ae35216]
/home/user/software/vivado2023/Vivado/2023.2/lib/lnx64.o/librdi_commontasks.so(+0x261fb1) [0x7f1093661fb1]
/home/user/software/vivado2023/Vivado/2023.2/lib/lnx64.o/libtcl8.5.so(+0x3356f) [0x7f109ae3356f]
/home/user/software/vivado2023/Vivado/2023.2/lib/lnx64.o/libtcl8.5.so(+0x76945) [0x7f109ae76945]
/home/user/software/vivado2023/Vivado/2023.2/lib/lnx64.o/libtcl8.5.so(+0x7e0f9) [0x7f109ae7e0f9]
/home/user/software/vivado2023/Vivado/2023.2/lib/lnx64.o/libtcl8.5.so(TclEvalObjEx+0x76) [0x7f109ae35216]
/home/user/software/vivado2023/Vivado/2023.2/lib/lnx64.o/libtcl8.5.so(+0x3e824) [0x7f109ae3e824]
/home/user/software/vivado2023/Vivado/2023.2/lib/lnx64.o/libtcl8.5.so(+0x3356f) [0x7f109ae3356f]
/home/user/software/vivado2023/Vivado/2023.2/lib/lnx64.o/libtcl8.5.so(+0x34bf8) [0x7f109ae34bf8]
/home/user/software/vivado2023/Vivado/2023.2/lib/lnx64.o/libtcl8.5.so(Tcl_EvalEx+0x13) [0x7f109ae35163]
/home/user/software/vivado2023/Vivado/2023.2/lib/lnx64.o/libtcl8.5.so(Tcl_FSEvalFileEx+0x1da) [0x7f109ae99d2a]
/home/user/software/vivado2023/Vivado/2023.2/lib/lnx64.o/librdi_commontasks.so(+0x27e220) [0x7f109367e220]
/home/user/software/vivado2023/Vivado/2023.2/lib/lnx64.o/librdi_common.so(+0xd7d9bf) [0x7f10a0b7d9bf]
/home/user/software/vivado2023/Vivado/2023.2/lib/lnx64.o/libtcl8.5.so(+0x3356f) [0x7f109ae3356f]
/home/user/software/vivado2023/Vivado/2023.2/lib/lnx64.o/libtcl8.5.so(+0x34bf8) [0x7f109ae34bf8]
/home/user/software/vivado2023/Vivado/2023.2/lib/lnx64.o/libtcl8.5.so(Tcl_EvalEx+0x13) [0x7f109ae35163]
/home/user/software/vivado2023/Vivado/2023.2/lib/lnx64.o/libtcl8.5.so(Tcl_FSEvalFileEx+0x1da) [0x7f109ae99d2a]
/home/user/software/vivado2023/Vivado/2023.2/lib/lnx64.o/librdi_commontasks.so(+0x27e220) [0x7f109367e220]
/home/user/software/vivado2023/Vivado/2023.2/lib/lnx64.o/librdi_common.so(+0xd7d9bf) [0x7f10a0b7d9bf]
/home/user/software/vivado2023/Vivado/2023.2/lib/lnx64.o/libtcl8.5.so(+0x3356f) [0x7f109ae3356f]
/home/user/software/vivado2023/Vivado/2023.2/lib/lnx64.o/libtcl8.5.so(+0x34bf8) [0x7f109ae34bf8]
/home/user/software/vivado2023/Vivado/2023.2/lib/lnx64.o/libtcl8.5.so(Tcl_EvalEx+0x13) [0x7f109ae35163]
/home/user/software/vivado2023/Vivado/2023.2/lib/lnx64.o/libtcl8.5.so(TclEvalObjEx+0x3cf) [0x7f109ae3556f]
/home/user/software/vivado2023/Vivado/2023.2/lib/lnx64.o/libtcl8.5.so(+0xb7589) [0x7f109aeb7589]
/home/user/software/vivado2023/Vivado/2023.2/lib/lnx64.o/libtcl8.5.so(+0x3356f) [0x7f109ae3356f]
/home/user/software/vivado2023/Vivado/2023.2/lib/lnx64.o/libtcl8.5.so(+0x76945) [0x7f109ae76945]
/home/user/software/vivado2023/Vivado/2023.2/lib/lnx64.o/libtcl8.5.so(TclObjInterpProcCore+0x420) [0x7f109aeb7ed0]
/home/user/software/vivado2023/Vivado/2023.2/lib/lnx64.o/libtcl8.5.so(+0x3356f) [0x7f109ae3356f]
/home/user/software/vivado2023/Vivado/2023.2/lib/lnx64.o/libtcl8.5.so(+0x34bf8) [0x7f109ae34bf8]
/home/user/software/vivado2023/Vivado/2023.2/lib/lnx64.o/libtcl8.5.so(Tcl_EvalEx+0x13) [0x7f109ae35163]
/home/user/software/vivado2023/Vivado/2023.2/lib/lnx64.o/libtcl8.5.so(TclEvalObjEx+0x3cf) [0x7f109ae3556f]
/home/user/software/vivado2023/Vivado/2023.2/lib/lnx64.o/libtcl8.5.so(+0xb7589) [0x7f109aeb7589]
/home/user/software/vivado2023/Vivado/2023.2/lib/lnx64.o/libtcl8.5.so(+0x3356f) [0x7f109ae3356f]
/home/user/software/vivado2023/Vivado/2023.2/lib/lnx64.o/libtcl8.5.so(+0x76945) [0x7f109ae76945]
/home/user/software/vivado2023/Vivado/2023.2/lib/lnx64.o/libtcl8.5.so(TclObjInterpProcCore+0x420) [0x7f109aeb7ed0]
/home/user/software/vivado2023/Vivado/2023.2/lib/lnx64.o/libtcl8.5.so(+0x3356f) [0x7f109ae3356f]
/home/user/software/vivado2023/Vivado/2023.2/lib/lnx64.o/libtcl8.5.so(+0x34bf8) [0x7f109ae34bf8]
/home/user/software/vivado2023/Vivado/2023.2/lib/lnx64.o/libtcl8.5.so(Tcl_EvalEx+0x13) [0x7f109ae35163]
/home/user/software/vivado2023/Vivado/2023.2/lib/lnx64.o/libtcl8.5.so(TclEvalObjEx+0x1e0) [0x7f109ae35380]
/home/user/software/vivado2023/Vivado/2023.2/lib/lnx64.o/libtcl8.5.so(+0x3b445) [0x7f109ae3b445]
/home/user/software/vivado2023/Vivado/2023.2/lib/lnx64.o/libtcl8.5.so(+0x3356f) [0x7f109ae3356f]
/home/user/software/vivado2023/Vivado/2023.2/lib/lnx64.o/libtcl8.5.so(+0x76945) [0x7f109ae76945]
/home/user/software/vivado2023/Vivado/2023.2/lib/lnx64.o/libtcl8.5.so(+0x7e0f9) [0x7f109ae7e0f9]
/home/user/software/vivado2023/Vivado/2023.2/lib/lnx64.o/libtcl8.5.so(TclEvalObjEx+0x76) [0x7f109ae35216]
/home/user/software/vivado2023/Vivado/2023.2/lib/lnx64.o/librdi_commontasks.so(+0x261fb1) [0x7f1093661fb1]
/home/user/software/vivado2023/Vivado/2023.2/lib/lnx64.o/libtcl8.5.so(+0x3356f) [0x7f109ae3356f]
/home/user/software/vivado2023/Vivado/2023.2/lib/lnx64.o/libtcl8.5.so(+0x76945) [0x7f109ae76945]
/home/user/software/vivado2023/Vivado/2023.2/lib/lnx64.o/libtcl8.5.so(TclObjInterpProcCore+0x420) [0x7f109aeb7ed0]
/home/user/software/vivado2023/Vivado/2023.2/lib/lnx64.o/libtcl8.5.so(+0x3356f) [0x7f109ae3356f]
/home/user/software/vivado2023/Vivado/2023.2/lib/lnx64.o/libtcl8.5.so(Tcl_EvalObjv+0x32) [0x7f109ae336a2]
/home/user/software/vivado2023/Vivado/2023.2/lib/lnx64.o/libtcl8.5.so(TclEvalObjEx+0x322) [0x7f109ae354c2]
/home/user/software/vivado2023/Vivado/2023.2/lib/lnx64.o/librdi_common.so(hdi::tcltasks::task_manager::eval_in_tcl(Tcl_Interp*, Tcl_Obj*, char const*, bool)+0x74d) [0x7f10a0b7be1d]
/home/user/software/vivado2023/Vivado/2023.2/lib/lnx64.o/librdi_synth.so(HARTSWorker::runInternal()+0xe5) [0x7f106a48bff5]
/home/user/software/vivado2023/Vivado/2023.2/lib/lnx64.o/librdi_synth.so(HARTSWorker::runJob(HARTSWorkerConfig&)+0x3f) [0x7f106a48d7af]
/home/user/software/vivado2023/Vivado/2023.2/lib/lnx64.o/librdi_synth.so(HARTSWorker::mainLoop()+0x8b) [0x7f106a48f49b]
/home/user/software/vivado2023/Vivado/2023.2/lib/lnx64.o/librdi_synth.so(HARTNDb::parallelListen(char const*, char const*, char const*)+0x39) [0x7f106989f9f9]
/home/user/software/vivado2023/Vivado/2023.2/lib/lnx64.o/librdi_synth.so(+0x146e474) [0x7f1069a6e474]
/home/user/software/vivado2023/Vivado/2023.2/lib/lnx64.o/librdi_synth.so(+0x1321b35) [0x7f1069921b35]
/home/user/software/vivado2023/Vivado/2023.2/lib/lnx64.o/libtcl8.5.so(+0x3356f) [0x7f109ae3356f]
/home/user/software/vivado2023/Vivado/2023.2/lib/lnx64.o/libtcl8.5.so(+0x34bf8) [0x7f109ae34bf8]
/home/user/software/vivado2023/Vivado/2023.2/lib/lnx64.o/libtcl8.5.so(Tcl_EvalEx+0x13) [0x7f109ae35163]
/home/user/software/vivado2023/Vivado/2023.2/lib/lnx64.o/libtcl8.5.so(TclEvalObjEx+0x1e0) [0x7f109ae35380]
/home/user/software/vivado2023/Vivado/2023.2/lib/lnx64.o/libtcl8.5.so(+0x3b445) [0x7f109ae3b445]
/home/user/software/vivado2023/Vivado/2023.2/lib/lnx64.o/libtcl8.5.so(+0x3356f) [0x7f109ae3356f]
/home/user/software/vivado2023/Vivado/2023.2/lib/lnx64.o/libtcl8.5.so(+0x76945) [0x7f109ae76945]
/home/user/software/vivado2023/Vivado/2023.2/lib/lnx64.o/libtcl8.5.so(+0x7e0f9) [0x7f109ae7e0f9]
/home/user/software/vivado2023/Vivado/2023.2/lib/lnx64.o/libtcl8.5.so(TclEvalObjEx+0x76) [0x7f109ae35216]
/home/user/software/vivado2023/Vivado/2023.2/lib/lnx64.o/librdi_commontasks.so(+0x261f0e) [0x7f1093661f0e]
/home/user/software/vivado2023/Vivado/2023.2/lib/lnx64.o/libtcl8.5.so(+0x3356f) [0x7f109ae3356f]
/home/user/software/vivado2023/Vivado/2023.2/lib/lnx64.o/libtcl8.5.so(+0x76945) [0x7f109ae76945]
/home/user/software/vivado2023/Vivado/2023.2/lib/lnx64.o/libtcl8.5.so(TclObjInterpProcCore+0x420) [0x7f109aeb7ed0]
/home/user/software/vivado2023/Vivado/2023.2/lib/lnx64.o/libtcl8.5.so(+0x3356f) [0x7f109ae3356f]
/home/user/software/vivado2023/Vivado/2023.2/lib/lnx64.o/libtcl8.5.so(+0x76945) [0x7f109ae76945]
/home/user/software/vivado2023/Vivado/2023.2/lib/lnx64.o/libtcl8.5.so(+0x7e0f9) [0x7f109ae7e0f9]
/home/user/software/vivado2023/Vivado/2023.2/lib/lnx64.o/libtcl8.5.so(TclEvalObjEx+0x76) [0x7f109ae35216]
/home/user/software/vivado2023/Vivado/2023.2/lib/lnx64.o/libtcl8.5.so(+0x3e824) [0x7f109ae3e824]
/home/user/software/vivado2023/Vivado/2023.2/lib/lnx64.o/libtcl8.5.so(+0x3356f) [0x7f109ae3356f]
/home/user/software/vivado2023/Vivado/2023.2/lib/lnx64.o/libtcl8.5.so(+0x34bf8) [0x7f109ae34bf8]
/home/user/software/vivado2023/Vivado/2023.2/lib/lnx64.o/libtcl8.5.so(Tcl_EvalEx+0x13) [0x7f109ae35163]
/home/user/software/vivado2023/Vivado/2023.2/lib/lnx64.o/libtcl8.5.so(Tcl_FSEvalFileEx+0x1da) [0x7f109ae99d2a]
/home/user/software/vivado2023/Vivado/2023.2/lib/lnx64.o/librdi_commontasks.so(+0x27e220) [0x7f109367e220]
/home/user/software/vivado2023/Vivado/2023.2/lib/lnx64.o/librdi_common.so(+0xd7d9bf) [0x7f10a0b7d9bf]
/home/user/software/vivado2023/Vivado/2023.2/lib/lnx64.o/libtcl8.5.so(+0x3356f) [0x7f109ae3356f]
/home/user/software/vivado2023/Vivado/2023.2/lib/lnx64.o/libtcl8.5.so(Tcl_EvalObjv+0x32) [0x7f109ae336a2]
/home/user/software/vivado2023/Vivado/2023.2/lib/lnx64.o/libtcl8.5.so(TclEvalObjEx+0x322) [0x7f109ae354c2]
/home/user/software/vivado2023/Vivado/2023.2/lib/lnx64.o/librdi_commontasks.so(+0x2c5b6d) [0x7f10936c5b6d]
/home/user/software/vivado2023/Vivado/2023.2/lib/lnx64.o/librdi_commontasks.so(+0x2c717f) [0x7f10936c717f]
/home/user/software/vivado2023/Vivado/2023.2/lib/lnx64.o/librdi_common.so(+0xd7d9bf) [0x7f10a0b7d9bf]
/home/user/software/vivado2023/Vivado/2023.2/lib/lnx64.o/libtcl8.5.so(+0x3356f) [0x7f109ae3356f]
/home/user/software/vivado2023/Vivado/2023.2/lib/lnx64.o/libtcl8.5.so(Tcl_EvalObjv+0x32) [0x7f109ae336a2]
/home/user/software/vivado2023/Vivado/2023.2/lib/lnx64.o/libtcl8.5.so(TclEvalObjEx+0x322) [0x7f109ae354c2]
/home/user/software/vivado2023/Vivado/2023.2/lib/lnx64.o/librdi_commonmain.so(+0xe752) [0x7f10a18d7752]
/home/user/software/vivado2023/Vivado/2023.2/lib/lnx64.o/libtcl8.5.so(Tcl_Main+0x1d0) [0x7f109aea02f0]
/home/user/software/vivado2023/Vivado/2023.2/lib/lnx64.o/librdi_common.so(+0xda6f7b) [0x7f10a0ba6f7b]
/lib/x86_64-linux-gnu/libc.so.6(+0x94ac3) [0x7f109f294ac3]
/lib/x86_64-linux-gnu/libc.so.6(+0x126a40) [0x7f109f326a40]
