#
# An unexpected error has occurred (11)
#
Stack:
/lib/x86_64-linux-gnu/libc.so.6(+0x42520) [0x7fa791642520]
/home/user/software/vivado_2023.2/vivado2302/Vivado/2023.2/lib/lnx64.o/librdi_synth.so(HARTOptMux::findEnc(HARTArray<DFNode*>&, HARTArray<DFNode*>&, HARTArray<DFNode*>&, DFNode*&, DFPin*&)+0xf9e) [0x7fa75bb79bde]
/home/user/software/vivado_2023.2/vivado2302/Vivado/2023.2/lib/lnx64.o/librdi_synth.so(HARTOptMux::prioToBinary(DFGraph*, HARTArray<DFNode*>&)+0x4be) [0x7fa75bb8856e]
/home/user/software/vivado_2023.2/vivado2302/Vivado/2023.2/lib/lnx64.o/librdi_synth.so(HARTOptMux::prioToBinaryTopo(DFGraph*)+0x2dd) [0x7fa75bb8a23d]
/home/user/software/vivado_2023.2/vivado2302/Vivado/2023.2/lib/lnx64.o/librdi_synth.so(HARTHOptPost::optimize()+0x1d75) [0x7fa75bafea15]
/home/user/software/vivado_2023.2/vivado2302/Vivado/2023.2/lib/lnx64.o/librdi_synth.so(HARTHOptDfg::optimizePass2()+0x1ba00) [0x7fa75c30c4d0]
/home/user/software/vivado_2023.2/vivado2302/Vivado/2023.2/lib/lnx64.o/librdi_synth.so(HARTNDb::optimizeAndMap()+0x1078) [0x7fa75bc466f8]
/home/user/software/vivado_2023.2/vivado2302/Vivado/2023.2/lib/lnx64.o/librdi_synth.so(HARTNDb::map()+0x1b) [0x7fa75bc4704b]
/home/user/software/vivado_2023.2/vivado2302/Vivado/2023.2/lib/lnx64.o/librdi_synth.so(+0x14998d3) [0x7fa75be998d3]
/home/user/software/vivado_2023.2/vivado2302/Vivado/2023.2/lib/lnx64.o/librdi_synth.so(+0x1321b35) [0x7fa75bd21b35]
/home/user/software/vivado_2023.2/vivado2302/Vivado/2023.2/lib/lnx64.o/libtcl8.5.so(+0x3356f) [0x7fa78d23356f]
/home/user/software/vivado_2023.2/vivado2302/Vivado/2023.2/lib/lnx64.o/libtcl8.5.so(+0x34bf8) [0x7fa78d234bf8]
/home/user/software/vivado_2023.2/vivado2302/Vivado/2023.2/lib/lnx64.o/libtcl8.5.so(Tcl_EvalEx+0x13) [0x7fa78d235163]
/home/user/software/vivado_2023.2/vivado2302/Vivado/2023.2/lib/lnx64.o/libtcl8.5.so(TclEvalObjEx+0x1e0) [0x7fa78d235380]
/home/user/software/vivado_2023.2/vivado2302/Vivado/2023.2/lib/lnx64.o/libtcl8.5.so(+0x3b445) [0x7fa78d23b445]
/home/user/software/vivado_2023.2/vivado2302/Vivado/2023.2/lib/lnx64.o/libtcl8.5.so(+0x3356f) [0x7fa78d23356f]
/home/user/software/vivado_2023.2/vivado2302/Vivado/2023.2/lib/lnx64.o/libtcl8.5.so(+0x76945) [0x7fa78d276945]
/home/user/software/vivado_2023.2/vivado2302/Vivado/2023.2/lib/lnx64.o/libtcl8.5.so(+0x7e0f9) [0x7fa78d27e0f9]
/home/user/software/vivado_2023.2/vivado2302/Vivado/2023.2/lib/lnx64.o/libtcl8.5.so(TclEvalObjEx+0x76) [0x7fa78d235216]
/home/user/software/vivado_2023.2/vivado2302/Vivado/2023.2/lib/lnx64.o/librdi_commontasks.so(+0x261fb1) [0x7fa785a61fb1]
/home/user/software/vivado_2023.2/vivado2302/Vivado/2023.2/lib/lnx64.o/libtcl8.5.so(+0x3356f) [0x7fa78d23356f]
/home/user/software/vivado_2023.2/vivado2302/Vivado/2023.2/lib/lnx64.o/libtcl8.5.so(+0x76945) [0x7fa78d276945]
/home/user/software/vivado_2023.2/vivado2302/Vivado/2023.2/lib/lnx64.o/libtcl8.5.so(TclObjInterpProcCore+0x420) [0x7fa78d2b7ed0]
/home/user/software/vivado_2023.2/vivado2302/Vivado/2023.2/lib/lnx64.o/libtcl8.5.so(+0x3356f) [0x7fa78d23356f]
/home/user/software/vivado_2023.2/vivado2302/Vivado/2023.2/lib/lnx64.o/libtcl8.5.so(+0x76945) [0x7fa78d276945]
/home/user/software/vivado_2023.2/vivado2302/Vivado/2023.2/lib/lnx64.o/libtcl8.5.so(+0x7e0f9) [0x7fa78d27e0f9]
/home/user/software/vivado_2023.2/vivado2302/Vivado/2023.2/lib/lnx64.o/libtcl8.5.so(TclEvalObjEx+0x76) [0x7fa78d235216]
/home/user/software/vivado_2023.2/vivado2302/Vivado/2023.2/lib/lnx64.o/librdi_commontasks.so(+0x261fb1) [0x7fa785a61fb1]
/home/user/software/vivado_2023.2/vivado2302/Vivado/2023.2/lib/lnx64.o/libtcl8.5.so(+0x3356f) [0x7fa78d23356f]
/home/user/software/vivado_2023.2/vivado2302/Vivado/2023.2/lib/lnx64.o/libtcl8.5.so(+0x76945) [0x7fa78d276945]
/home/user/software/vivado_2023.2/vivado2302/Vivado/2023.2/lib/lnx64.o/libtcl8.5.so(Tcl_ExprObj+0xf8) [0x7fa78d27dcd8]
/home/user/software/vivado_2023.2/vivado2302/Vivado/2023.2/lib/lnx64.o/libtcl8.5.so(Tcl_ExprBooleanObj+0x16) [0x7fa78d233f56]
/home/user/software/vivado_2023.2/vivado2302/Vivado/2023.2/lib/lnx64.o/libtcl8.5.so(+0x3e7ae) [0x7fa78d23e7ae]
/home/user/software/vivado_2023.2/vivado2302/Vivado/2023.2/lib/lnx64.o/libtcl8.5.so(+0x3356f) [0x7fa78d23356f]
/home/user/software/vivado_2023.2/vivado2302/Vivado/2023.2/lib/lnx64.o/libtcl8.5.so(+0x34bf8) [0x7fa78d234bf8]
/home/user/software/vivado_2023.2/vivado2302/Vivado/2023.2/lib/lnx64.o/libtcl8.5.so(Tcl_EvalEx+0x13) [0x7fa78d235163]
/home/user/software/vivado_2023.2/vivado2302/Vivado/2023.2/lib/lnx64.o/libtcl8.5.so(Tcl_FSEvalFileEx+0x1da) [0x7fa78d299d2a]
/home/user/software/vivado_2023.2/vivado2302/Vivado/2023.2/lib/lnx64.o/librdi_commontasks.so(+0x27e220) [0x7fa785a7e220]
/home/user/software/vivado_2023.2/vivado2302/Vivado/2023.2/lib/lnx64.o/librdi_common.so(+0xd7d9bf) [0x7fa792f7d9bf]
/home/user/software/vivado_2023.2/vivado2302/Vivado/2023.2/lib/lnx64.o/libtcl8.5.so(+0x3356f) [0x7fa78d23356f]
/home/user/software/vivado_2023.2/vivado2302/Vivado/2023.2/lib/lnx64.o/libtcl8.5.so(+0x76945) [0x7fa78d276945]
/home/user/software/vivado_2023.2/vivado2302/Vivado/2023.2/lib/lnx64.o/libtcl8.5.so(+0x7e0f9) [0x7fa78d27e0f9]
/home/user/software/vivado_2023.2/vivado2302/Vivado/2023.2/lib/lnx64.o/libtcl8.5.so(TclEvalObjEx+0x76) [0x7fa78d235216]
/home/user/software/vivado_2023.2/vivado2302/Vivado/2023.2/lib/lnx64.o/libtcl8.5.so(+0xb7637) [0x7fa78d2b7637]
/home/user/software/vivado_2023.2/vivado2302/Vivado/2023.2/lib/lnx64.o/libtcl8.5.so(+0x3356f) [0x7fa78d23356f]
/home/user/software/vivado_2023.2/vivado2302/Vivado/2023.2/lib/lnx64.o/libtcl8.5.so(+0x76945) [0x7fa78d276945]
/home/user/software/vivado_2023.2/vivado2302/Vivado/2023.2/lib/lnx64.o/libtcl8.5.so(+0x7e0f9) [0x7fa78d27e0f9]
/home/user/software/vivado_2023.2/vivado2302/Vivado/2023.2/lib/lnx64.o/libtcl8.5.so(TclEvalObjEx+0x76) [0x7fa78d235216]
/home/user/software/vivado_2023.2/vivado2302/Vivado/2023.2/lib/lnx64.o/librdi_commontasks.so(+0x261f0e) [0x7fa785a61f0e]
/home/user/software/vivado_2023.2/vivado2302/Vivado/2023.2/lib/lnx64.o/libtcl8.5.so(+0x3356f) [0x7fa78d23356f]
/home/user/software/vivado_2023.2/vivado2302/Vivado/2023.2/lib/lnx64.o/libtcl8.5.so(+0x34bf8) [0x7fa78d234bf8]
/home/user/software/vivado_2023.2/vivado2302/Vivado/2023.2/lib/lnx64.o/libtcl8.5.so(+0xad566) [0x7fa78d2ad566]
/home/user/software/vivado_2023.2/vivado2302/Vivado/2023.2/lib/lnx64.o/libtcl8.5.so(+0x34785) [0x7fa78d234785]
/home/user/software/vivado_2023.2/vivado2302/Vivado/2023.2/lib/lnx64.o/libtcl8.5.so(Tcl_EvalEx+0x13) [0x7fa78d235163]
/home/user/software/vivado_2023.2/vivado2302/Vivado/2023.2/lib/lnx64.o/libtcl8.5.so(Tcl_FSEvalFileEx+0x1da) [0x7fa78d299d2a]
/home/user/software/vivado_2023.2/vivado2302/Vivado/2023.2/lib/lnx64.o/librdi_commontasks.so(+0x27e220) [0x7fa785a7e220]
/home/user/software/vivado_2023.2/vivado2302/Vivado/2023.2/lib/lnx64.o/librdi_common.so(+0xd7d9bf) [0x7fa792f7d9bf]
/home/user/software/vivado_2023.2/vivado2302/Vivado/2023.2/lib/lnx64.o/libtcl8.5.so(+0x3356f) [0x7fa78d23356f]
/home/user/software/vivado_2023.2/vivado2302/Vivado/2023.2/lib/lnx64.o/libtcl8.5.so(Tcl_EvalObjv+0x32) [0x7fa78d2336a2]
/home/user/software/vivado_2023.2/vivado2302/Vivado/2023.2/lib/lnx64.o/libtcl8.5.so(TclEvalObjEx+0x322) [0x7fa78d2354c2]
/home/user/software/vivado_2023.2/vivado2302/Vivado/2023.2/lib/lnx64.o/librdi_common.so(hdi::tcltasks::task_manager::eval_in_tcl(Tcl_Interp*, Tcl_Obj*, char const*, bool)+0x74d) [0x7fa792f7be1d]
/home/user/software/vivado_2023.2/vivado2302/Vivado/2023.2/lib/lnx64.o/librdi_designutils.so(HRTInvoker::inProcessLaunch(HDGUIStatus&)+0x310) [0x7fa77b824380]
/home/user/software/vivado_2023.2/vivado2302/Vivado/2023.2/lib/lnx64.o/librdi_designutils.so(HRTInvoker::launch(HDGUIStatus&)+0x33) [0x7fa77b824933]
/home/user/software/vivado_2023.2/vivado2302/Vivado/2023.2/lib/lnx64.o/librdi_vivadotasks.so(+0x70211c) [0x7fa75550211c]
/home/user/software/vivado_2023.2/vivado2302/Vivado/2023.2/lib/lnx64.o/librdi_vivadotasks.so(+0x70b832) [0x7fa75550b832]
/home/user/software/vivado_2023.2/vivado2302/Vivado/2023.2/lib/lnx64.o/librdi_common.so(+0xd7d9bf) [0x7fa792f7d9bf]
/home/user/software/vivado_2023.2/vivado2302/Vivado/2023.2/lib/lnx64.o/libtcl8.5.so(+0x3356f) [0x7fa78d23356f]
/home/user/software/vivado_2023.2/vivado2302/Vivado/2023.2/lib/lnx64.o/libtcl8.5.so(+0x76945) [0x7fa78d276945]
/home/user/software/vivado_2023.2/vivado2302/Vivado/2023.2/lib/lnx64.o/libtcl8.5.so(+0x7e0f9) [0x7fa78d27e0f9]
/home/user/software/vivado_2023.2/vivado2302/Vivado/2023.2/lib/lnx64.o/libtcl8.5.so(TclEvalObjEx+0x76) [0x7fa78d235216]
/home/user/software/vivado_2023.2/vivado2302/Vivado/2023.2/lib/lnx64.o/libtcl8.5.so(Tcl_RecordAndEvalObj+0x143) [0x7fa78d283bd3]
/home/user/software/vivado_2023.2/vivado2302/Vivado/2023.2/lib/lnx64.o/librdi_commontasks.so(+0x2fc369) [0x7fa785afc369]
/home/user/software/vivado_2023.2/vivado2302/Vivado/2023.2/lib/lnx64.o/libtcl8.5.so(Tcl_Main+0x620) [0x7fa78d2a0740]
/home/user/software/vivado_2023.2/vivado2302/Vivado/2023.2/lib/lnx64.o/librdi_common.so(+0xda6f7b) [0x7fa792fa6f7b]
/lib/x86_64-linux-gnu/libc.so.6(+0x94ac3) [0x7fa791694ac3]
/lib/x86_64-linux-gnu/libc.so.6(+0x126a40) [0x7fa791726a40]
