#
# An unexpected error has occurred (6)
#
Stack:
/lib/x86_64-linux-gnu/libc.so.6(+0x42520) [0x7f39bec42520]
/lib/x86_64-linux-gnu/libc.so.6(pthread_kill+0x12c) [0x7f39bec969fc]
/lib/x86_64-linux-gnu/libc.so.6(raise+0x16) [0x7f39bec42476]
/lib/x86_64-linux-gnu/libc.so.6(abort+0xd3) [0x7f39bec287f3]
/home/user/software/vivado_2023.2/vivado2302/Vivado/2023.2/lib/lnx64.o/libtcl8.5.so(Tcl_PanicVA+0x10e) [0x7f39ba8aaa8e]
/home/user/software/vivado_2023.2/vivado2302/Vivado/2023.2/lib/lnx64.o/libtcl8.5.so(Tcl_Panic+0x8c) [0x7f39ba8aab9c]
/home/user/software/vivado_2023.2/vivado2302/Vivado/2023.2/lib/lnx64.o/libtcl8.5.so(TclStackFree+0x49) [0x7f39ba874fb9]
/home/user/software/vivado_2023.2/vivado2302/Vivado/2023.2/lib/lnx64.o/libtcl8.5.so(+0x7600b) [0x7f39ba87600b]
/home/user/software/vivado_2023.2/vivado2302/Vivado/2023.2/lib/lnx64.o/libtcl8.5.so(+0x7e0f9) [0x7f39ba87e0f9]
/home/user/software/vivado_2023.2/vivado2302/Vivado/2023.2/lib/lnx64.o/libtcl8.5.so(TclEvalObjEx+0x76) [0x7f39ba835216]
/home/user/software/vivado_2023.2/vivado2302/Vivado/2023.2/lib/lnx64.o/libtcl8.5.so(+0xb7637) [0x7f39ba8b7637]
/home/user/software/vivado_2023.2/vivado2302/Vivado/2023.2/lib/lnx64.o/libtcl8.5.so(+0x3356f) [0x7f39ba83356f]
/home/user/software/vivado_2023.2/vivado2302/Vivado/2023.2/lib/lnx64.o/libtcl8.5.so(+0x76945) [0x7f39ba876945]
/home/user/software/vivado_2023.2/vivado2302/Vivado/2023.2/lib/lnx64.o/libtcl8.5.so(+0x7e0f9) [0x7f39ba87e0f9]
/home/user/software/vivado_2023.2/vivado2302/Vivado/2023.2/lib/lnx64.o/libtcl8.5.so(TclEvalObjEx+0x76) [0x7f39ba835216]
/home/user/software/vivado_2023.2/vivado2302/Vivado/2023.2/lib/lnx64.o/librdi_commontasks.so(+0x261f0e) [0x7f39b3061f0e]
/home/user/software/vivado_2023.2/vivado2302/Vivado/2023.2/lib/lnx64.o/libtcl8.5.so(+0x3356f) [0x7f39ba83356f]
/home/user/software/vivado_2023.2/vivado2302/Vivado/2023.2/lib/lnx64.o/libtcl8.5.so(+0x34bf8) [0x7f39ba834bf8]
/home/user/software/vivado_2023.2/vivado2302/Vivado/2023.2/lib/lnx64.o/libtcl8.5.so(+0xad566) [0x7f39ba8ad566]
/home/user/software/vivado_2023.2/vivado2302/Vivado/2023.2/lib/lnx64.o/libtcl8.5.so(+0x34785) [0x7f39ba834785]
/home/user/software/vivado_2023.2/vivado2302/Vivado/2023.2/lib/lnx64.o/libtcl8.5.so(Tcl_EvalEx+0x13) [0x7f39ba835163]
/home/user/software/vivado_2023.2/vivado2302/Vivado/2023.2/lib/lnx64.o/libtcl8.5.so(Tcl_FSEvalFileEx+0x1da) [0x7f39ba899d2a]
/home/user/software/vivado_2023.2/vivado2302/Vivado/2023.2/lib/lnx64.o/librdi_commontasks.so(+0x27e220) [0x7f39b307e220]
/home/user/software/vivado_2023.2/vivado2302/Vivado/2023.2/lib/lnx64.o/librdi_common.so(+0xd7d9bf) [0x7f39c057d9bf]
/home/user/software/vivado_2023.2/vivado2302/Vivado/2023.2/lib/lnx64.o/libtcl8.5.so(+0x3356f) [0x7f39ba83356f]
/home/user/software/vivado_2023.2/vivado2302/Vivado/2023.2/lib/lnx64.o/libtcl8.5.so(Tcl_EvalObjv+0x32) [0x7f39ba8336a2]
/home/user/software/vivado_2023.2/vivado2302/Vivado/2023.2/lib/lnx64.o/libtcl8.5.so(TclEvalObjEx+0x322) [0x7f39ba8354c2]
/home/user/software/vivado_2023.2/vivado2302/Vivado/2023.2/lib/lnx64.o/librdi_common.so(hdi::tcltasks::task_manager::eval_in_tcl(Tcl_Interp*, Tcl_Obj*, char const*, bool)+0x74d) [0x7f39c057be1d]
/home/user/software/vivado_2023.2/vivado2302/Vivado/2023.2/lib/lnx64.o/librdi_designutils.so(HRTInvoker::inProcessLaunch(HDGUIStatus&)+0x310) [0x7f39a8e24380]
/home/user/software/vivado_2023.2/vivado2302/Vivado/2023.2/lib/lnx64.o/librdi_designutils.so(HRTInvoker::launch(HDGUIStatus&)+0x33) [0x7f39a8e24933]
/home/user/software/vivado_2023.2/vivado2302/Vivado/2023.2/lib/lnx64.o/librdi_vivadotasks.so(+0x70211c) [0x7f3982b0211c]
/home/user/software/vivado_2023.2/vivado2302/Vivado/2023.2/lib/lnx64.o/librdi_vivadotasks.so(+0x70b832) [0x7f3982b0b832]
/home/user/software/vivado_2023.2/vivado2302/Vivado/2023.2/lib/lnx64.o/librdi_common.so(+0xd7d9bf) [0x7f39c057d9bf]
/home/user/software/vivado_2023.2/vivado2302/Vivado/2023.2/lib/lnx64.o/libtcl8.5.so(+0x3356f) [0x7f39ba83356f]
/home/user/software/vivado_2023.2/vivado2302/Vivado/2023.2/lib/lnx64.o/libtcl8.5.so(+0x76945) [0x7f39ba876945]
/home/user/software/vivado_2023.2/vivado2302/Vivado/2023.2/lib/lnx64.o/libtcl8.5.so(+0x7e0f9) [0x7f39ba87e0f9]
/home/user/software/vivado_2023.2/vivado2302/Vivado/2023.2/lib/lnx64.o/libtcl8.5.so(TclEvalObjEx+0x76) [0x7f39ba835216]
/home/user/software/vivado_2023.2/vivado2302/Vivado/2023.2/lib/lnx64.o/libtcl8.5.so(Tcl_RecordAndEvalObj+0x143) [0x7f39ba883bd3]
/home/user/software/vivado_2023.2/vivado2302/Vivado/2023.2/lib/lnx64.o/librdi_commontasks.so(+0x2fc369) [0x7f39b30fc369]
/home/user/software/vivado_2023.2/vivado2302/Vivado/2023.2/lib/lnx64.o/libtcl8.5.so(Tcl_Main+0x620) [0x7f39ba8a0740]
/home/user/software/vivado_2023.2/vivado2302/Vivado/2023.2/lib/lnx64.o/librdi_common.so(+0xda6f7b) [0x7f39c05a6f7b]
/lib/x86_64-linux-gnu/libc.so.6(+0x94ac3) [0x7f39bec94ac3]
/lib/x86_64-linux-gnu/libc.so.6(+0x126a40) [0x7f39bed26a40]
