#-----------------------------------------------------------
# Vivado v2023.2 (64-bit)
# SW Build 4029153 on Fri Oct 13 20:13:54 MDT 2023
# IP Build 4028589 on Sat Oct 14 00:45:43 MDT 2023
# SharedData Build 4025554 on Tue Oct 10 17:18:54 MDT 2023
# Start of session at: Mon Dec 18 16:24:04 2023
# Process ID: 678267
# Current directory: /home/user/vivado_project
# Command line: vivado -mode tcl
# Log file: /home/user/vivado_project/vivado.log
# Journal file: /home/user/vivado_project/vivado.jou
# Running On: user-System-Product-Name, OS: Linux, CPU Frequency: 5500.000 MHz, CPU Physical cores: 24, Host memory: 134858 MB
#-----------------------------------------------------------
read_verilog rtl.v 
/home/user/vivado_project/rtl.v
synth_design -top top
Command: synth_design -top top
Starting synth_design
Using part: xc7k70tfbv676-1
Attempting to get a license for feature 'Synthesis' and/or device 'xc7k70t'
INFO: [Common 17-349] Got license for feature 'Synthesis' and/or device 'xc7k70t'
INFO: [Synth 8-7079] Multithreading enabled for synth_design using a maximum of 4 processes.
INFO: [Synth 8-7078] Launching helper process for spawning children vivado processes
INFO: [Synth 8-7075] Helper process launched with PID 679861
---------------------------------------------------------------------------------
Starting Synthesize : Time (s): cpu = 00:00:02 ; elapsed = 00:00:02 . Memory (MB): peak = 1701.594 ; gain = 416.582 ; free physical = 43606 ; free virtual = 70004
---------------------------------------------------------------------------------
INFO: [Synth 8-6157] synthesizing module 'top' [/home/user/vivado_project/rtl.v:1]
WARNING: [Synth 8-5974] attribute "use_dsp48" has been deprecated, please use "use_dsp" instead 
INFO: [Synth 8-6157] synthesizing module 'module4' [/home/user/vivado_project/rtl.v:82]
WARNING: [Synth 8-5974] attribute "use_dsp48" has been deprecated, please use "use_dsp" instead 
WARNING: [Synth 8-6090] variable 'reg55' is written by both blocking and non-blocking assignments, entire logic could be removed [/home/user/vivado_project/rtl.v:438]
WARNING: [Synth 8-6090] variable 'reg56' is written by both blocking and non-blocking assignments, entire logic could be removed [/home/user/vivado_project/rtl.v:440]
WARNING: [Synth 8-6090] variable 'reg55' is written by both blocking and non-blocking assignments, entire logic could be removed [/home/user/vivado_project/rtl.v:446]
WARNING: [Synth 8-6090] variable 'reg56' is written by both blocking and non-blocking assignments, entire logic could be removed [/home/user/vivado_project/rtl.v:447]
WARNING: [Synth 8-6090] variable 'reg68' is written by both blocking and non-blocking assignments, entire logic could be removed [/home/user/vivado_project/rtl.v:477]
WARNING: [Synth 8-6090] variable 'reg68' is written by both blocking and non-blocking assignments, entire logic could be removed [/home/user/vivado_project/rtl.v:487]
WARNING: [Synth 8-6090] variable 'reg68' is written by both blocking and non-blocking assignments, entire logic could be removed [/home/user/vivado_project/rtl.v:477]
WARNING: [Synth 8-6090] variable 'reg68' is written by both blocking and non-blocking assignments, entire logic could be removed [/home/user/vivado_project/rtl.v:487]
INFO: [Synth 8-6157] synthesizing module 'module104' [/home/user/vivado_project/rtl.v:565]
WARNING: [Synth 8-5974] attribute "use_dsp48" has been deprecated, please use "use_dsp" instead 
INFO: [Synth 8-6157] synthesizing module 'module109' [/home/user/vivado_project/rtl.v:2630]
WARNING: [Synth 8-5974] attribute "use_dsp48" has been deprecated, please use "use_dsp" instead 
WARNING: [Synth 8-6090] variable 'reg132' is written by both blocking and non-blocking assignments, entire logic could be removed [/home/user/vivado_project/rtl.v:2993]
WARNING: [Synth 8-6090] variable 'reg133' is written by both blocking and non-blocking assignments, entire logic could be removed [/home/user/vivado_project/rtl.v:2994]
WARNING: [Synth 8-6090] variable 'reg132' is written by both blocking and non-blocking assignments, entire logic could be removed [/home/user/vivado_project/rtl.v:3001]
WARNING: [Synth 8-6090] variable 'reg133' is written by both blocking and non-blocking assignments, entire logic could be removed [/home/user/vivado_project/rtl.v:3002]
WARNING: [Synth 8-6090] variable 'reg195' is written by both blocking and non-blocking assignments, entire logic could be removed [/home/user/vivado_project/rtl.v:3219]
WARNING: [Synth 8-6090] variable 'reg196' is written by both blocking and non-blocking assignments, entire logic could be removed [/home/user/vivado_project/rtl.v:3221]
WARNING: [Synth 8-6090] variable 'reg197' is written by both blocking and non-blocking assignments, entire logic could be removed [/home/user/vivado_project/rtl.v:3223]
WARNING: [Synth 8-6090] variable 'reg195' is written by both blocking and non-blocking assignments, entire logic could be removed [/home/user/vivado_project/rtl.v:3228]
WARNING: [Synth 8-6090] variable 'reg196' is written by both blocking and non-blocking assignments, entire logic could be removed [/home/user/vivado_project/rtl.v:3229]
WARNING: [Synth 8-6090] variable 'reg197' is written by both blocking and non-blocking assignments, entire logic could be removed [/home/user/vivado_project/rtl.v:3230]
WARNING: [Synth 8-6090] variable 'reg195' is written by both blocking and non-blocking assignments, entire logic could be removed [/home/user/vivado_project/rtl.v:3219]
WARNING: [Synth 8-6090] variable 'reg196' is written by both blocking and non-blocking assignments, entire logic could be removed [/home/user/vivado_project/rtl.v:3221]
WARNING: [Synth 8-6090] variable 'reg197' is written by both blocking and non-blocking assignments, entire logic could be removed [/home/user/vivado_project/rtl.v:3223]
WARNING: [Synth 8-6090] variable 'reg195' is written by both blocking and non-blocking assignments, entire logic could be removed [/home/user/vivado_project/rtl.v:3228]
WARNING: [Synth 8-6090] variable 'reg196' is written by both blocking and non-blocking assignments, entire logic could be removed [/home/user/vivado_project/rtl.v:3229]
WARNING: [Synth 8-6090] variable 'reg197' is written by both blocking and non-blocking assignments, entire logic could be removed [/home/user/vivado_project/rtl.v:3230]
WARNING: [Synth 8-6090] variable 'reg195' is written by both blocking and non-blocking assignments, entire logic could be removed [/home/user/vivado_project/rtl.v:3219]
WARNING: [Synth 8-6090] variable 'reg196' is written by both blocking and non-blocking assignments, entire logic could be removed [/home/user/vivado_project/rtl.v:3221]
WARNING: [Synth 8-6090] variable 'reg197' is written by both blocking and non-blocking assignments, entire logic could be removed [/home/user/vivado_project/rtl.v:3223]
WARNING: [Synth 8-6090] variable 'reg195' is written by both blocking and non-blocking assignments, entire logic could be removed [/home/user/vivado_project/rtl.v:3228]
WARNING: [Synth 8-6090] variable 'reg196' is written by both blocking and non-blocking assignments, entire logic could be removed [/home/user/vivado_project/rtl.v:3229]
WARNING: [Synth 8-6090] variable 'reg197' is written by both blocking and non-blocking assignments, entire logic could be removed [/home/user/vivado_project/rtl.v:3230]
INFO: [Synth 8-6155] done synthesizing module 'module109' (0#1) [/home/user/vivado_project/rtl.v:2630]
WARNING: [Synth 8-689] width (18) of port connection 'y' does not match port width (1871) of module 'module109' [/home/user/vivado_project/rtl.v:687]
WARNING: [Synth 8-689] width (12) of port connection 'wire114' does not match port width (3) of module 'module109' [/home/user/vivado_project/rtl.v:687]
WARNING: [Synth 8-689] width (17) of port connection 'wire113' does not match port width (12) of module 'module109' [/home/user/vivado_project/rtl.v:687]
WARNING: [Synth 8-689] width (17) of port connection 'wire112' does not match port width (13) of module 'module109' [/home/user/vivado_project/rtl.v:687]
INFO: [Synth 8-6157] synthesizing module 'module270' [/home/user/vivado_project/rtl.v:1338]
WARNING: [Synth 8-5974] attribute "use_dsp48" has been deprecated, please use "use_dsp" instead 
WARNING: [Synth 8-6090] variable 'reg314' is written by both blocking and non-blocking assignments, entire logic could be removed [/home/user/vivado_project/rtl.v:1981]
WARNING: [Synth 8-6090] variable 'reg314' is written by both blocking and non-blocking assignments, entire logic could be removed [/home/user/vivado_project/rtl.v:1988]
INFO: [Synth 8-6155] done synthesizing module 'module270' (0#1) [/home/user/vivado_project/rtl.v:1338]
WARNING: [Synth 8-689] width (19) of port connection 'wire271' does not match port width (12) of module 'module270' [/home/user/vivado_project/rtl.v:688]
WARNING: [Synth 8-689] width (8) of port connection 'y' does not match port width (2846) of module 'module270' [/home/user/vivado_project/rtl.v:688]
WARNING: [Synth 8-689] width (17) of port connection 'wire272' does not match port width (10) of module 'module270' [/home/user/vivado_project/rtl.v:688]
WARNING: [Synth 8-689] width (12) of port connection 'wire274' does not match port width (7) of module 'module270' [/home/user/vivado_project/rtl.v:688]
WARNING: [Synth 8-689] width (18) of port connection 'wire275' does not match port width (15) of module 'module270' [/home/user/vivado_project/rtl.v:688]
INFO: [Synth 8-6157] synthesizing module 'module517' [/home/user/vivado_project/rtl.v:1233]
WARNING: [Synth 8-5974] attribute "use_dsp48" has been deprecated, please use "use_dsp" instead 
WARNING: [Synth 8-6090] variable 'reg525' is written by both blocking and non-blocking assignments, entire logic could be removed [/home/user/vivado_project/rtl.v:1299]
WARNING: [Synth 8-6090] variable 'reg525' is written by both blocking and non-blocking assignments, entire logic could be removed [/home/user/vivado_project/rtl.v:1307]
WARNING: [Synth 8-6090] variable 'reg525' is written by both blocking and non-blocking assignments, entire logic could be removed [/home/user/vivado_project/rtl.v:1299]
WARNING: [Synth 8-6090] variable 'reg525' is written by both blocking and non-blocking assignments, entire logic could be removed [/home/user/vivado_project/rtl.v:1307]
WARNING: [Synth 8-6090] variable 'reg525' is written by both blocking and non-blocking assignments, entire logic could be removed [/home/user/vivado_project/rtl.v:1299]
WARNING: [Synth 8-6090] variable 'reg525' is written by both blocking and non-blocking assignments, entire logic could be removed [/home/user/vivado_project/rtl.v:1307]
INFO: [Synth 8-6155] done synthesizing module 'module517' (0#1) [/home/user/vivado_project/rtl.v:1233]
WARNING: [Synth 8-689] width (8) of port connection 'wire521' does not match port width (5) of module 'module517' [/home/user/vivado_project/rtl.v:696]
WARNING: [Synth 8-689] width (21) of port connection 'y' does not match port width (239) of module 'module517' [/home/user/vivado_project/rtl.v:696]
WARNING: [Synth 8-689] width (18) of port connection 'wire519' does not match port width (15) of module 'module517' [/home/user/vivado_project/rtl.v:696]
WARNING: [Synth 8-689] width (13) of port connection 'wire518' does not match port width (12) of module 'module517' [/home/user/vivado_project/rtl.v:696]
INFO: [Synth 8-6157] synthesizing module 'module565' [/home/user/vivado_project/rtl.v:800]
WARNING: [Synth 8-5974] attribute "use_dsp48" has been deprecated, please use "use_dsp" instead 
INFO: [Synth 8-6155] done synthesizing module 'module565' (0#1) [/home/user/vivado_project/rtl.v:800]
WARNING: [Synth 8-689] width (7) of port connection 'y' does not match port width (1088) of module 'module565' [/home/user/vivado_project/rtl.v:737]
WARNING: [Synth 8-689] width (20) of port connection 'wire569' does not match port width (9) of module 'module565' [/home/user/vivado_project/rtl.v:737]
WARNING: [Synth 8-689] width (17) of port connection 'wire568' does not match port width (16) of module 'module565' [/home/user/vivado_project/rtl.v:737]
WARNING: [Synth 8-689] width (17) of port connection 'wire567' does not match port width (15) of module 'module565' [/home/user/vivado_project/rtl.v:737]
WARNING: [Synth 8-689] width (22) of port connection 'wire566' does not match port width (8) of module 'module565' [/home/user/vivado_project/rtl.v:737]
INFO: [Synth 8-6155] done synthesizing module 'module104' (0#1) [/home/user/vivado_project/rtl.v:565]
WARNING: [Synth 8-689] width (21) of port connection 'wire108' does not match port width (19) of module 'module104' [/home/user/vivado_project/rtl.v:560]
WARNING: [Synth 8-689] width (10) of port connection 'y' does not match port width (607) of module 'module104' [/home/user/vivado_project/rtl.v:560]
WARNING: [Synth 8-689] width (21) of port connection 'wire107' does not match port width (17) of module 'module104' [/home/user/vivado_project/rtl.v:560]
WARNING: [Synth 8-689] width (19) of port connection 'wire105' does not match port width (12) of module 'module104' [/home/user/vivado_project/rtl.v:560]
WARNING: [Synth 8-689] width (9) of port connection 'y' does not match port width (1871) of module 'module109' [/home/user/vivado_project/rtl.v:561]
WARNING: [Synth 8-689] width (5) of port connection 'wire114' does not match port width (3) of module 'module109' [/home/user/vivado_project/rtl.v:561]
WARNING: [Synth 8-689] width (19) of port connection 'wire113' does not match port width (12) of module 'module109' [/home/user/vivado_project/rtl.v:561]
INFO: [Synth 8-6155] done synthesizing module 'module4' (0#1) [/home/user/vivado_project/rtl.v:82]
WARNING: [Synth 8-689] width (15) of port connection 'y' does not match port width (1149) of module 'module4' [/home/user/vivado_project/rtl.v:49]
WARNING: [Synth 8-689] width (16) of port connection 'wire5' does not match port width (7) of module 'module4' [/home/user/vivado_project/rtl.v:49]
WARNING: [Synth 8-689] width (12) of port connection 'wire6' does not match port width (4) of module 'module4' [/home/user/vivado_project/rtl.v:49]
WARNING: [Synth 8-689] width (18) of port connection 'wire8' does not match port width (14) of module 'module4' [/home/user/vivado_project/rtl.v:49]
WARNING: [Synth 8-689] width (17) of port connection 'y' does not match port width (1149) of module 'module4' [/home/user/vivado_project/rtl.v:51]
WARNING: [Synth 8-689] width (15) of port connection 'wire5' does not match port width (7) of module 'module4' [/home/user/vivado_project/rtl.v:51]
WARNING: [Synth 8-689] width (16) of port connection 'wire6' does not match port width (4) of module 'module4' [/home/user/vivado_project/rtl.v:51]
WARNING: [Synth 8-689] width (22) of port connection 'wire8' does not match port width (14) of module 'module4' [/home/user/vivado_project/rtl.v:51]
WARNING: [Synth 8-689] width (12) of port connection 'wire9' does not match port width (11) of module 'module4' [/home/user/vivado_project/rtl.v:51]
WARNING: [Synth 8-689] width (15) of port connection 'wire566' does not match port width (8) of module 'module565' [/home/user/vivado_project/rtl.v:65]
WARNING: [Synth 8-689] width (17) of port connection 'wire569' does not match port width (9) of module 'module565' [/home/user/vivado_project/rtl.v:65]
WARNING: [Synth 8-689] width (15) of port connection 'y' does not match port width (1088) of module 'module565' [/home/user/vivado_project/rtl.v:65]
WARNING: [Synth 8-689] width (22) of port connection 'wire567' does not match port width (15) of module 'module565' [/home/user/vivado_project/rtl.v:65]
WARNING: [Synth 8-689] width (19) of port connection 'wire7' does not match port width (14) of module 'module4' [/home/user/vivado_project/rtl.v:69]
WARNING: [Synth 8-689] width (22) of port connection 'wire6' does not match port width (4) of module 'module4' [/home/user/vivado_project/rtl.v:69]
WARNING: [Synth 8-689] width (17) of port connection 'y' does not match port width (1149) of module 'module4' [/home/user/vivado_project/rtl.v:69]
WARNING: [Synth 8-689] width (16) of port connection 'wire9' does not match port width (11) of module 'module4' [/home/user/vivado_project/rtl.v:69]
WARNING: [Synth 8-689] width (15) of port connection 'wire5' does not match port width (7) of module 'module4' [/home/user/vivado_project/rtl.v:69]
WARNING: [Synth 8-689] width (17) of port connection 'y' does not match port width (239) of module 'module517' [/home/user/vivado_project/rtl.v:70]
WARNING: [Synth 8-689] width (19) of port connection 'wire521' does not match port width (5) of module 'module517' [/home/user/vivado_project/rtl.v:70]
WARNING: [Synth 8-689] width (19) of port connection 'wire518' does not match port width (12) of module 'module517' [/home/user/vivado_project/rtl.v:70]
WARNING: [Synth 8-689] width (8) of port connection 'y' does not match port width (239) of module 'module517' [/home/user/vivado_project/rtl.v:71]
WARNING: [Synth 8-689] width (15) of port connection 'wire521' does not match port width (5) of module 'module517' [/home/user/vivado_project/rtl.v:71]
WARNING: [Synth 8-689] width (17) of port connection 'wire518' does not match port width (12) of module 'module517' [/home/user/vivado_project/rtl.v:71]
WARNING: [Synth 8-689] width (16) of port connection 'wire274' does not match port width (7) of module 'module270' [/home/user/vivado_project/rtl.v:78]
WARNING: [Synth 8-689] width (9) of port connection 'y' does not match port width (2846) of module 'module270' [/home/user/vivado_project/rtl.v:78]
WARNING: [Synth 8-689] width (22) of port connection 'wire273' does not match port width (17) of module 'module270' [/home/user/vivado_project/rtl.v:78]
WARNING: [Synth 8-689] width (15) of port connection 'wire272' does not match port width (10) of module 'module270' [/home/user/vivado_project/rtl.v:78]
WARNING: [Synth 8-689] width (14) of port connection 'wire271' does not match port width (12) of module 'module270' [/home/user/vivado_project/rtl.v:78]
INFO: [Synth 8-6155] done synthesizing module 'top' (0#1) [/home/user/vivado_project/rtl.v:1]
WARNING: [Synth 8-6014] Unused sequential element reg259_reg was removed.  [/home/user/vivado_project/rtl.v:2805]
WARNING: [Synth 8-3936] Found unconnected internal register 'reg493_reg' and it is trimmed from '21' to '15' bits. [/home/user/vivado_project/rtl.v:1615]
WARNING: [Synth 8-6014] Unused sequential element reg494_reg was removed.  [/home/user/vivado_project/rtl.v:1614]
WARNING: [Synth 8-6014] Unused sequential element reg653_reg was removed.  [/home/user/vivado_project/rtl.v:906]
WARNING: [Synth 8-6014] Unused sequential element reg654_reg was removed.  [/home/user/vivado_project/rtl.v:905]
WARNING: [Synth 8-6014] Unused sequential element reg655_reg was removed.  [/home/user/vivado_project/rtl.v:904]
WARNING: [Synth 8-6014] Unused sequential element reg656_reg was removed.  [/home/user/vivado_project/rtl.v:903]
WARNING: [Synth 8-6014] Unused sequential element reg657_reg was removed.  [/home/user/vivado_project/rtl.v:902]
WARNING: [Synth 8-6014] Unused sequential element reg658_reg was removed.  [/home/user/vivado_project/rtl.v:901]
WARNING: [Synth 8-6014] Unused sequential element reg689_reg was removed.  [/home/user/vivado_project/rtl.v:633]
WARNING: [Synth 8-6014] Unused sequential element reg690_reg was removed.  [/home/user/vivado_project/rtl.v:632]
WARNING: [Synth 8-6014] Unused sequential element reg691_reg was removed.  [/home/user/vivado_project/rtl.v:631]
WARNING: [Synth 8-6014] Unused sequential element reg692_reg was removed.  [/home/user/vivado_project/rtl.v:630]
WARNING: [Synth 8-6014] Unused sequential element reg693_reg was removed.  [/home/user/vivado_project/rtl.v:629]
WARNING: [Synth 8-3917] design top has port y[234] driven by constant 0
WARNING: [Synth 8-3917] design top has port y[210] driven by constant 0
WARNING: [Synth 8-3917] design top has port y[209] driven by constant 0
WARNING: [Synth 8-3917] design top has port y[208] driven by constant 0
WARNING: [Synth 8-3917] design top has port y[207] driven by constant 0
WARNING: [Synth 8-3917] design top has port y[206] driven by constant 0
WARNING: [Synth 8-3917] design top has port y[205] driven by constant 0
WARNING: [Synth 8-3917] design top has port y[204] driven by constant 0
WARNING: [Synth 8-3917] design top has port y[203] driven by constant 0
WARNING: [Synth 8-3917] design top has port y[202] driven by constant 0
WARNING: [Synth 8-3917] design top has port y[201] driven by constant 0
WARNING: [Synth 8-3917] design top has port y[200] driven by constant 0
WARNING: [Synth 8-3917] design top has port y[195] driven by constant 0
WARNING: [Synth 8-3917] design top has port y[194] driven by constant 0
WARNING: [Synth 8-3917] design top has port y[193] driven by constant 0
WARNING: [Synth 8-3917] design top has port y[192] driven by constant 0
WARNING: [Synth 8-3917] design top has port y[191] driven by constant 0
WARNING: [Synth 8-3917] design top has port y[190] driven by constant 0
WARNING: [Synth 8-3917] design top has port y[189] driven by constant 0
WARNING: [Synth 8-3917] design top has port y[188] driven by constant 0
WARNING: [Synth 8-3917] design top has port y[187] driven by constant 0
WARNING: [Synth 8-3917] design top has port y[186] driven by constant 0
WARNING: [Synth 8-3917] design top has port y[185] driven by constant 0
WARNING: [Synth 8-3917] design top has port y[184] driven by constant 0
WARNING: [Synth 8-3917] design top has port y[183] driven by constant 0
WARNING: [Synth 8-3917] design top has port y[182] driven by constant 0
WARNING: [Synth 8-3917] design top has port y[181] driven by constant 0
WARNING: [Synth 8-3917] design top has port y[180] driven by constant 0
WARNING: [Synth 8-3917] design top has port y[179] driven by constant 0
WARNING: [Synth 8-3917] design top has port y[178] driven by constant 0
WARNING: [Synth 8-3917] design top has port y[177] driven by constant 0
WARNING: [Synth 8-3917] design top has port y[176] driven by constant 0
WARNING: [Synth 8-3917] design top has port y[175] driven by constant 0
WARNING: [Synth 8-3917] design top has port y[174] driven by constant 0
WARNING: [Synth 8-3917] design top has port y[173] driven by constant 0
WARNING: [Synth 8-3917] design top has port y[172] driven by constant 0
WARNING: [Synth 8-3917] design top has port y[171] driven by constant 0
WARNING: [Synth 8-3917] design top has port y[170] driven by constant 0
WARNING: [Synth 8-3917] design top has port y[169] driven by constant 0
WARNING: [Synth 8-3917] design top has port y[168] driven by constant 0
WARNING: [Synth 8-3917] design top has port y[167] driven by constant 0
WARNING: [Synth 8-3917] design top has port y[166] driven by constant 0
WARNING: [Synth 8-3917] design top has port y[165] driven by constant 0
WARNING: [Synth 8-3917] design top has port y[164] driven by constant 0
WARNING: [Synth 8-3917] design top has port y[163] driven by constant 0
WARNING: [Synth 8-3917] design top has port y[162] driven by constant 0
WARNING: [Synth 8-3917] design top has port y[161] driven by constant 0
WARNING: [Synth 8-3917] design top has port y[160] driven by constant 0
WARNING: [Synth 8-3917] design top has port y[159] driven by constant 0
WARNING: [Synth 8-3917] design top has port y[158] driven by constant 0
WARNING: [Synth 8-3917] design top has port y[157] driven by constant 0
WARNING: [Synth 8-3917] design top has port y[156] driven by constant 0
WARNING: [Synth 8-3917] design top has port y[155] driven by constant 0
WARNING: [Synth 8-3917] design top has port y[154] driven by constant 0
WARNING: [Synth 8-3917] design top has port y[153] driven by constant 0
WARNING: [Synth 8-3917] design top has port y[152] driven by constant 0
WARNING: [Synth 8-3917] design top has port y[151] driven by constant 0
WARNING: [Synth 8-3917] design top has port y[150] driven by constant 0
WARNING: [Synth 8-3917] design top has port y[149] driven by constant 0
WARNING: [Synth 8-3917] design top has port y[148] driven by constant 0
WARNING: [Synth 8-3917] design top has port y[147] driven by constant 0
WARNING: [Synth 8-3917] design top has port y[146] driven by constant 0
WARNING: [Synth 8-3917] design top has port y[145] driven by constant 0
WARNING: [Synth 8-3917] design top has port y[144] driven by constant 0
WARNING: [Synth 8-3917] design top has port y[143] driven by constant 0
WARNING: [Synth 8-3917] design top has port y[142] driven by constant 0
WARNING: [Synth 8-3917] design top has port y[141] driven by constant 0
WARNING: [Synth 8-3917] design top has port y[140] driven by constant 0
WARNING: [Synth 8-3917] design top has port y[139] driven by constant 0
WARNING: [Synth 8-3917] design top has port y[138] driven by constant 0
WARNING: [Synth 8-3917] design top has port y[124] driven by constant 0
WARNING: [Synth 8-3917] design top has port y[123] driven by constant 0
WARNING: [Synth 8-3917] design top has port y[122] driven by constant 0
WARNING: [Synth 8-3917] design top has port y[121] driven by constant 0
WARNING: [Synth 8-3917] design top has port y[120] driven by constant 0
WARNING: [Synth 8-3917] design top has port y[119] driven by constant 0
WARNING: [Synth 8-3917] design top has port y[118] driven by constant 0
WARNING: [Synth 8-3917] design top has port y[117] driven by constant 0
WARNING: [Synth 8-3917] design top has port y[116] driven by constant 0
WARNING: [Synth 8-3917] design top has port y[115] driven by constant 0
WARNING: [Synth 8-3917] design top has port y[114] driven by constant 0
WARNING: [Synth 8-3917] design top has port y[113] driven by constant 0
WARNING: [Synth 8-3917] design top has port y[26] driven by constant 0
WARNING: [Synth 8-3917] design top has port y[25] driven by constant 0
WARNING: [Synth 8-3917] design top has port y[24] driven by constant 0
WARNING: [Synth 8-3917] design top has port y[23] driven by constant 0
WARNING: [Synth 8-3917] design top has port y[19] driven by constant 0
WARNING: [Synth 8-3917] design top has port y[18] driven by constant 0
WARNING: [Synth 8-3917] design top has port y[17] driven by constant 0
WARNING: [Synth 8-3917] design top has port y[16] driven by constant 1
WARNING: [Synth 8-3917] design top has port y[15] driven by constant 0
WARNING: [Synth 8-3917] design top has port y[14] driven by constant 0
WARNING: [Synth 8-3917] design top has port y[13] driven by constant 0
WARNING: [Synth 8-3917] design top has port y[12] driven by constant 0
WARNING: [Synth 8-3917] design top has port y[0] driven by constant 0
WARNING: [Synth 8-7129] Port wire1[15] in module top is either unconnected or has no load
WARNING: [Synth 8-7129] Port wire2[11] in module top is either unconnected or has no load
WARNING: [Synth 8-7129] Port wire3[17] in module top is either unconnected or has no load
WARNING: [Synth 8-7129] Port wire3[16] in module top is either unconnected or has no load
WARNING: [Synth 8-7129] Port wire3[15] in module top is either unconnected or has no load
WARNING: [Synth 8-7129] Port wire3[14] in module top is either unconnected or has no load
---------------------------------------------------------------------------------
Finished Synthesize : Time (s): cpu = 00:00:03 ; elapsed = 00:00:03 . Memory (MB): peak = 1804.562 ; gain = 519.551 ; free physical = 44593 ; free virtual = 70997
---------------------------------------------------------------------------------
---------------------------------------------------------------------------------
Finished Constraint Validation : Time (s): cpu = 00:00:03 ; elapsed = 00:00:03 . Memory (MB): peak = 1822.375 ; gain = 537.363 ; free physical = 44494 ; free virtual = 70899
---------------------------------------------------------------------------------
---------------------------------------------------------------------------------
Start Loading Part and Timing Information
---------------------------------------------------------------------------------
Loading part: xc7k70tfbv676-1
INFO: [Device 21-403] Loading part xc7k70tfbv676-1
---------------------------------------------------------------------------------
Finished Loading Part and Timing Information : Time (s): cpu = 00:00:03 ; elapsed = 00:00:03 . Memory (MB): peak = 1830.379 ; gain = 545.367 ; free physical = 44494 ; free virtual = 70899
---------------------------------------------------------------------------------
WARNING: [Synth 8-327] inferring latch for variable 'forvar139' [/home/user/vivado_project/rtl.v:2932]
WARNING: [Synth 8-327] inferring latch for variable 'forvar143' [/home/user/vivado_project/rtl.v:2928]
WARNING: [Synth 8-327] inferring latch for variable 'forvar152' [/home/user/vivado_project/rtl.v:2918]
WARNING: [Synth 8-327] inferring latch for variable 'forvar153' [/home/user/vivado_project/rtl.v:2912]
WARNING: [Synth 8-327] inferring latch for variable 'forvar158' [/home/user/vivado_project/rtl.v:2910]
WARNING: [Synth 8-327] inferring latch for variable 'forvar234' [/home/user/vivado_project/rtl.v:2833]
WARNING: [Synth 8-327] inferring latch for variable 'forvar236' [/home/user/vivado_project/rtl.v:2825]
WARNING: [Synth 8-327] inferring latch for variable 'forvar239' [/home/user/vivado_project/rtl.v:2824]
WARNING: [Synth 8-327] inferring latch for variable 'forvar243' [/home/user/vivado_project/rtl.v:2821]
WARNING: [Synth 8-327] inferring latch for variable 'forvar277' [/home/user/vivado_project/rtl.v:1844]
WARNING: [Synth 8-327] inferring latch for variable 'forvar288' [/home/user/vivado_project/rtl.v:1833]
WARNING: [Synth 8-327] inferring latch for variable 'forvar279' [/home/user/vivado_project/rtl.v:1830]
WARNING: [Synth 8-327] inferring latch for variable 'forvar287' [/home/user/vivado_project/rtl.v:1829]
WARNING: [Synth 8-327] inferring latch for variable 'forvar352' [/home/user/vivado_project/rtl.v:1765]
WARNING: [Synth 8-327] inferring latch for variable 'forvar351' [/home/user/vivado_project/rtl.v:1760]
WARNING: [Synth 8-327] inferring latch for variable 'forvar357' [/home/user/vivado_project/rtl.v:1758]
WARNING: [Synth 8-327] inferring latch for variable 'forvar370' [/home/user/vivado_project/rtl.v:1745]
WARNING: [Synth 8-327] inferring latch for variable 'forvar372' [/home/user/vivado_project/rtl.v:1743]
WARNING: [Synth 8-327] inferring latch for variable 'forvar377' [/home/user/vivado_project/rtl.v:1738]
WARNING: [Synth 8-327] inferring latch for variable 'forvar444' [/home/user/vivado_project/rtl.v:1665]
WARNING: [Synth 8-327] inferring latch for variable 'forvar480' [/home/user/vivado_project/rtl.v:1628]
WARNING: [Synth 8-327] inferring latch for variable 'forvar580' [/home/user/vivado_project/rtl.v:979]
WARNING: [Synth 8-327] inferring latch for variable 'forvar27' [/home/user/vivado_project/rtl.v:211]
WARNING: [Synth 8-327] inferring latch for variable 'forvar26' [/home/user/vivado_project/rtl.v:207]
WARNING: [Synth 8-327] inferring latch for variable 'forvar38' [/home/user/vivado_project/rtl.v:226]
---------------------------------------------------------------------------------
Finished RTL Optimization Phase 2 : Time (s): cpu = 00:00:05 ; elapsed = 00:00:04 . Memory (MB): peak = 1847.293 ; gain = 562.281 ; free physical = 44852 ; free virtual = 71263
---------------------------------------------------------------------------------
No constraint files found.
---------------------------------------------------------------------------------
Start RTL Component Statistics 
---------------------------------------------------------------------------------
Detailed RTL Component Info : 
+---Adders : 
	   3 Input  105 Bit       Adders := 4     
	   2 Input  104 Bit       Adders := 4     
	   2 Input   26 Bit       Adders := 4     
	   3 Input   22 Bit       Adders := 4     
	   2 Input   21 Bit       Adders := 4     
	   2 Input   19 Bit       Adders := 6     
	   3 Input   18 Bit       Adders := 14    
	   2 Input   17 Bit       Adders := 12    
	   2 Input   16 Bit       Adders := 3     
	   2 Input   15 Bit       Adders := 5     
	   2 Input   13 Bit       Adders := 13    
	   3 Input   11 Bit       Adders := 4     
	   2 Input    9 Bit       Adders := 8     
	   3 Input    9 Bit       Adders := 6     
	   2 Input    8 Bit       Adders := 14    
	   4 Input    8 Bit       Adders := 5     
	   2 Input    7 Bit       Adders := 4     
	   3 Input    6 Bit       Adders := 4     
	   2 Input    5 Bit       Adders := 8     
	   3 Input    5 Bit       Adders := 4     
	   3 Input    4 Bit       Adders := 4     
	   2 Input    4 Bit       Adders := 3     
	   2 Input    3 Bit       Adders := 17    
	   2 Input    2 Bit       Adders := 3     
	   2 Input    1 Bit       Adders := 4     
+---XORs : 
	   2 Input     70 Bit         XORs := 4     
	   2 Input     40 Bit         XORs := 4     
	   2 Input     23 Bit         XORs := 7     
	   2 Input     22 Bit         XORs := 6     
	   2 Input     21 Bit         XORs := 4     
	   3 Input     21 Bit         XORs := 4     
	   2 Input     20 Bit         XORs := 10    
	   2 Input     19 Bit         XORs := 12    
	   2 Input     18 Bit         XORs := 11    
	   3 Input     17 Bit         XORs := 4     
	   2 Input     17 Bit         XORs := 22    
	   2 Input     16 Bit         XORs := 30    
	   2 Input     15 Bit         XORs := 10    
	   2 Input     14 Bit         XORs := 16    
	   2 Input     13 Bit         XORs := 8     
	   2 Input     12 Bit         XORs := 4     
	   2 Input     11 Bit         XORs := 10    
	   2 Input     10 Bit         XORs := 7     
	   2 Input      9 Bit         XORs := 9     
	   2 Input      8 Bit         XORs := 19    
	   2 Input      7 Bit         XORs := 4     
	   2 Input      6 Bit         XORs := 3     
	   2 Input      5 Bit         XORs := 8     
	   2 Input      4 Bit         XORs := 17    
+---XORs : 
	               36 Bit    Wide XORs := 4     
	               25 Bit    Wide XORs := 3     
	               21 Bit    Wide XORs := 12    
	               20 Bit    Wide XORs := 7     
	               19 Bit    Wide XORs := 4     
	               18 Bit    Wide XORs := 6     
	               17 Bit    Wide XORs := 11    
	               16 Bit    Wide XORs := 5     
	               14 Bit    Wide XORs := 7     
	               13 Bit    Wide XORs := 4     
	               12 Bit    Wide XORs := 9     
	               11 Bit    Wide XORs := 6     
	               10 Bit    Wide XORs := 4     
	                8 Bit    Wide XORs := 12    
	                7 Bit    Wide XORs := 4     
	                6 Bit    Wide XORs := 16    
	                5 Bit    Wide XORs := 11    
	                4 Bit    Wide XORs := 4     
	                2 Bit    Wide XORs := 13    
	                1 Bit    Wide XORs := 17    
+---Registers : 
	               22 Bit    Registers := 57    
	               21 Bit    Registers := 58    
	               20 Bit    Registers := 46    
	               19 Bit    Registers := 73    
	               18 Bit    Registers := 69    
	               17 Bit    Registers := 87    
	               16 Bit    Registers := 69    
	               15 Bit    Registers := 62    
	               14 Bit    Registers := 109   
	               13 Bit    Registers := 76    
	               12 Bit    Registers := 62    
	               11 Bit    Registers := 77    
	               10 Bit    Registers := 67    
	                9 Bit    Registers := 61    
	                8 Bit    Registers := 105   
	                7 Bit    Registers := 75    
	                6 Bit    Registers := 72    
	                5 Bit    Registers := 95    
	                4 Bit    Registers := 97    
	                3 Bit    Registers := 92    
	                2 Bit    Registers := 43    
	                1 Bit    Registers := 105   
+---Multipliers : 
	              2x126  Multipliers := 4     
	              17x18  Multipliers := 6     
	               8x17  Multipliers := 4     
	              16x16  Multipliers := 7     
	               9x11  Multipliers := 4     
	              10x10  Multipliers := 4     
+---Muxes : 
	   2 Input   36 Bit        Muxes := 3     
	   2 Input   24 Bit        Muxes := 3     
	   2 Input   22 Bit        Muxes := 50    
	   3 Input   22 Bit        Muxes := 6     
	   4 Input   22 Bit        Muxes := 4     
	   5 Input   22 Bit        Muxes := 4     
	   2 Input   21 Bit        Muxes := 53    
	   3 Input   21 Bit        Muxes := 6     
	   2 Input   20 Bit        Muxes := 23    
	   2 Input   19 Bit        Muxes := 80    
	   3 Input   19 Bit        Muxes := 6     
	   2 Input   18 Bit        Muxes := 34    
	   3 Input   18 Bit        Muxes := 6     
	   2 Input   17 Bit        Muxes := 77    
	   3 Input   17 Bit        Muxes := 8     
	   4 Input   17 Bit        Muxes := 5     
	   3 Input   16 Bit        Muxes := 4     
	   2 Input   16 Bit        Muxes := 63    
	   2 Input   15 Bit        Muxes := 45    
	   3 Input   15 Bit        Muxes := 8     
	   2 Input   14 Bit        Muxes := 68    
	   3 Input   14 Bit        Muxes := 4     
	   2 Input   13 Bit        Muxes := 64    
	   2 Input   12 Bit        Muxes := 33    
	   4 Input   12 Bit        Muxes := 4     
	   2 Input   11 Bit        Muxes := 96    
	   3 Input   11 Bit        Muxes := 4     
	   2 Input   10 Bit        Muxes := 48    
	   3 Input   10 Bit        Muxes := 4     
	   2 Input    9 Bit        Muxes := 61    
	   3 Input    9 Bit        Muxes := 6     
	   2 Input    8 Bit        Muxes := 107   
	   3 Input    8 Bit        Muxes := 14    
	   2 Input    7 Bit        Muxes := 72    
	   2 Input    6 Bit        Muxes := 32    
	   2 Input    5 Bit        Muxes := 49    
	   2 Input    4 Bit        Muxes := 72    
	   2 Input    3 Bit        Muxes := 72    
	   2 Input    2 Bit        Muxes := 48    
	   2 Input    1 Bit        Muxes := 108   
	   3 Input    1 Bit        Muxes := 3     
---------------------------------------------------------------------------------
Finished RTL Component Statistics 
---------------------------------------------------------------------------------
---------------------------------------------------------------------------------
Start Part Resource Summary
---------------------------------------------------------------------------------
Part Resources:
DSPs: 240 (col length:80)
BRAMs: 270 (col length: RAMB18 80 RAMB36 40)
---------------------------------------------------------------------------------
Finished Part Resource Summary
---------------------------------------------------------------------------------
No constraint files found.
---------------------------------------------------------------------------------
Start Cross Boundary and Area Optimization
---------------------------------------------------------------------------------
WARNING: [Synth 8-7080] Parallel synthesis criteria is not met
WARNING: [Synth 8-3917] design top has port y[234] driven by constant 0
WARNING: [Synth 8-3917] design top has port y[231] driven by constant 0
WARNING: [Synth 8-3917] design top has port y[229] driven by constant 1
WARNING: [Synth 8-3917] design top has port y[228] driven by constant 1
WARNING: [Synth 8-3917] design top has port y[210] driven by constant 0
INFO: [Common 17-14] Message 'Synth 8-3917' appears 100 times and further instances of the messages will be disabled. Use the Tcl command set_msg_config to change the current settings.
WARNING: [Synth 8-7129] Port wire1[15] in module top is either unconnected or has no load
WARNING: [Synth 8-7129] Port wire2[11] in module top is either unconnected or has no load
WARNING: [Synth 8-7129] Port wire3[17] in module top is either unconnected or has no load
WARNING: [Synth 8-7129] Port wire3[16] in module top is either unconnected or has no load
WARNING: [Synth 8-7129] Port wire3[15] in module top is either unconnected or has no load
WARNING: [Synth 8-7129] Port wire3[14] in module top is either unconnected or has no load
WARNING: [Synth 8-3332] Sequential element (forvar288__16) is unused and will be removed from module module270.
WARNING: [Synth 8-3332] Sequential element (forvar352) is unused and will be removed from module module270.
WARNING: [Synth 8-3332] Sequential element (forvar352__7) is unused and will be removed from module module270.
WARNING: [Synth 8-3332] Sequential element (forvar444) is unused and will be removed from module module270.
WARNING: [Synth 8-3332] Sequential element (forvar444__20) is unused and will be removed from module module270.
WARNING: [Synth 8-3332] Sequential element (forvar480) is unused and will be removed from module module270.
WARNING: [Synth 8-3332] Sequential element (forvar480__15) is unused and will be removed from module module270.
WARNING: [Synth 8-3332] Sequential element (forvar288) is unused and will be removed from module module270.
WARNING: [Synth 8-3332] Sequential element (forvar287__2) is unused and will be removed from module module270.
WARNING: [Synth 8-3332] Sequential element (forvar287) is unused and will be removed from module module270.
WARNING: [Synth 8-3332] Sequential element (forvar357__7) is unused and will be removed from module module270.
WARNING: [Synth 8-3332] Sequential element (forvar357) is unused and will be removed from module module270.
WARNING: [Synth 8-3332] Sequential element (forvar377__18) is unused and will be removed from module module270.
WARNING: [Synth 8-3332] Sequential element (forvar377) is unused and will be removed from module module270.
WARNING: [Synth 8-3332] Sequential element (forvar139) is unused and will be removed from module module109__1.
WARNING: [Synth 8-3332] Sequential element (forvar139__0) is unused and will be removed from module module109__1.
WARNING: [Synth 8-3332] Sequential element (forvar139__1) is unused and will be removed from module module109__1.
WARNING: [Synth 8-3332] Sequential element (forvar139__2) is unused and will be removed from module module109__1.
WARNING: [Synth 8-3332] Sequential element (forvar139__3) is unused and will be removed from module module109__1.
WARNING: [Synth 8-3332] Sequential element (forvar139__4) is unused and will be removed from module module109__1.
WARNING: [Synth 8-3332] Sequential element (forvar139__5) is unused and will be removed from module module109__1.
WARNING: [Synth 8-3332] Sequential element (forvar139__6) is unused and will be removed from module module109__1.
WARNING: [Synth 8-3332] Sequential element (forvar139__7) is unused and will be removed from module module109__1.
WARNING: [Synth 8-3332] Sequential element (forvar139__8) is unused and will be removed from module module109__1.
WARNING: [Synth 8-3332] Sequential element (forvar139__9) is unused and will be removed from module module109__1.
WARNING: [Synth 8-3332] Sequential element (forvar139__10) is unused and will be removed from module module109__1.
WARNING: [Synth 8-3332] Sequential element (forvar139__11) is unused and will be removed from module module109__1.
WARNING: [Synth 8-3332] Sequential element (forvar139__12) is unused and will be removed from module module109__1.
WARNING: [Synth 8-3332] Sequential element (forvar139__13) is unused and will be removed from module module109__1.
WARNING: [Synth 8-3332] Sequential element (forvar139__14) is unused and will be removed from module module109__1.
WARNING: [Synth 8-3332] Sequential element (forvar139__15) is unused and will be removed from module module109__1.
WARNING: [Synth 8-3332] Sequential element (forvar139__16) is unused and will be removed from module module109__1.
WARNING: [Synth 8-3332] Sequential element (forvar139__17) is unused and will be removed from module module109__1.
WARNING: [Synth 8-3332] Sequential element (forvar139__18) is unused and will be removed from module module109__1.
WARNING: [Synth 8-3332] Sequential element (forvar139__19) is unused and will be removed from module module109__1.
WARNING: [Synth 8-3332] Sequential element (forvar143) is unused and will be removed from module module109__1.
WARNING: [Synth 8-3332] Sequential element (forvar143__0) is unused and will be removed from module module109__1.
WARNING: [Synth 8-3332] Sequential element (forvar143__1) is unused and will be removed from module module109__1.
WARNING: [Synth 8-3332] Sequential element (forvar143__2) is unused and will be removed from module module109__1.
WARNING: [Synth 8-3332] Sequential element (forvar143__3) is unused and will be removed from module module109__1.
WARNING: [Synth 8-3332] Sequential element (forvar143__4) is unused and will be removed from module module109__1.
WARNING: [Synth 8-3332] Sequential element (forvar143__5) is unused and will be removed from module module109__1.
WARNING: [Synth 8-3332] Sequential element (forvar152) is unused and will be removed from module module109__1.
WARNING: [Synth 8-3332] Sequential element (forvar152__0) is unused and will be removed from module module109__1.
WARNING: [Synth 8-3332] Sequential element (forvar152__1) is unused and will be removed from module module109__1.
WARNING: [Synth 8-3332] Sequential element (forvar152__2) is unused and will be removed from module module109__1.
WARNING: [Synth 8-3332] Sequential element (forvar152__3) is unused and will be removed from module module109__1.
WARNING: [Synth 8-3332] Sequential element (forvar152__4) is unused and will be removed from module module109__1.
WARNING: [Synth 8-3332] Sequential element (forvar152__5) is unused and will be removed from module module109__1.
WARNING: [Synth 8-3332] Sequential element (forvar153) is unused and will be removed from module module109__1.
WARNING: [Synth 8-3332] Sequential element (forvar153__0) is unused and will be removed from module module109__1.
WARNING: [Synth 8-3332] Sequential element (forvar153__1) is unused and will be removed from module module109__1.
WARNING: [Synth 8-3332] Sequential element (forvar153__2) is unused and will be removed from module module109__1.
WARNING: [Synth 8-3332] Sequential element (forvar153__3) is unused and will be removed from module module109__1.
WARNING: [Synth 8-3332] Sequential element (forvar153__4) is unused and will be removed from module module109__1.
WARNING: [Synth 8-3332] Sequential element (forvar153__5) is unused and will be removed from module module109__1.
WARNING: [Synth 8-3332] Sequential element (forvar153__6) is unused and will be removed from module module109__1.
WARNING: [Synth 8-3332] Sequential element (forvar153__7) is unused and will be removed from module module109__1.
WARNING: [Synth 8-3332] Sequential element (forvar153__8) is unused and will be removed from module module109__1.
WARNING: [Synth 8-3332] Sequential element (forvar153__9) is unused and will be removed from module module109__1.
WARNING: [Synth 8-3332] Sequential element (forvar158) is unused and will be removed from module module109__1.
WARNING: [Synth 8-3332] Sequential element (forvar158__0) is unused and will be removed from module module109__1.
WARNING: [Synth 8-3332] Sequential element (forvar158__1) is unused and will be removed from module module109__1.
WARNING: [Synth 8-3332] Sequential element (forvar158__2) is unused and will be removed from module module109__1.
WARNING: [Synth 8-3332] Sequential element (forvar158__3) is unused and will be removed from module module109__1.
WARNING: [Synth 8-3332] Sequential element (forvar158__4) is unused and will be removed from module module109__1.
WARNING: [Synth 8-3332] Sequential element (forvar158__5) is unused and will be removed from module module109__1.
WARNING: [Synth 8-3332] Sequential element (forvar158__6) is unused and will be removed from module module109__1.
WARNING: [Synth 8-3332] Sequential element (forvar158__7) is unused and will be removed from module module109__1.
WARNING: [Synth 8-3332] Sequential element (forvar158__8) is unused and will be removed from module module109__1.
WARNING: [Synth 8-3332] Sequential element (forvar158__9) is unused and will be removed from module module109__1.
WARNING: [Synth 8-3332] Sequential element (forvar158__10) is unused and will be removed from module module109__1.
WARNING: [Synth 8-3332] Sequential element (forvar158__11) is unused and will be removed from module module109__1.
WARNING: [Synth 8-3332] Sequential element (forvar158__12) is unused and will be removed from module module109__1.
WARNING: [Synth 8-3332] Sequential element (forvar158__13) is unused and will be removed from module module109__1.
WARNING: [Synth 8-3332] Sequential element (forvar158__14) is unused and will be removed from module module109__1.
WARNING: [Synth 8-3332] Sequential element (forvar158__15) is unused and will be removed from module module109__1.
WARNING: [Synth 8-3332] Sequential element (forvar234) is unused and will be removed from module module109__1.
WARNING: [Synth 8-3332] Sequential element (forvar234__0) is unused and will be removed from module module109__1.
WARNING: [Synth 8-3332] Sequential element (forvar234__1) is unused and will be removed from module module109__1.
WARNING: [Synth 8-3332] Sequential element (forvar234__2) is unused and will be removed from module module109__1.
WARNING: [Synth 8-3332] Sequential element (forvar234__3) is unused and will be removed from module module109__1.
WARNING: [Synth 8-3332] Sequential element (forvar234__4) is unused and will be removed from module module109__1.
WARNING: [Synth 8-3332] Sequential element (forvar234__5) is unused and will be removed from module module109__1.
WARNING: [Synth 8-3332] Sequential element (forvar234__6) is unused and will be removed from module module109__1.
WARNING: [Synth 8-3332] Sequential element (forvar236) is unused and will be removed from module module109__1.
WARNING: [Synth 8-3332] Sequential element (forvar236__0) is unused and will be removed from module module109__1.
WARNING: [Synth 8-3332] Sequential element (forvar236__1) is unused and will be removed from module module109__1.
WARNING: [Synth 8-3332] Sequential element (forvar236__2) is unused and will be removed from module module109__1.
WARNING: [Synth 8-3332] Sequential element (forvar236__3) is unused and will be removed from module module109__1.
WARNING: [Synth 8-3332] Sequential element (forvar236__4) is unused and will be removed from module module109__1.
WARNING: [Synth 8-3332] Sequential element (forvar236__5) is unused and will be removed from module module109__1.
WARNING: [Synth 8-3332] Sequential element (forvar236__6) is unused and will be removed from module module109__1.
WARNING: [Synth 8-3332] Sequential element (forvar236__7) is unused and will be removed from module module109__1.
WARNING: [Synth 8-3332] Sequential element (forvar236__8) is unused and will be removed from module module109__1.
WARNING: [Synth 8-3332] Sequential element (forvar236__9) is unused and will be removed from module module109__1.
WARNING: [Synth 8-3332] Sequential element (forvar236__10) is unused and will be removed from module module109__1.
WARNING: [Synth 8-3332] Sequential element (forvar236__11) is unused and will be removed from module module109__1.
WARNING: [Synth 8-3332] Sequential element (forvar236__12) is unused and will be removed from module module109__1.
WARNING: [Synth 8-3332] Sequential element (forvar236__13) is unused and will be removed from module module109__1.
INFO: [Common 17-14] Message 'Synth 8-3332' appears 100 times and further instances of the messages will be disabled. Use the Tcl command set_msg_config to change the current settings.
