#
# An unexpected error has occurred (11)
#
Stack:
/lib/x86_64-linux-gnu/libc.so.6(+0x42520) [0x7fdedcc42520]
/home/user/software/vivado_2023.2/vivado2302/Vivado/2023.2/lib/lnx64.o/librdi_synth.so(HARTGLAddGen::regenerate(bool)+0x4e1) [0x7fdea764a801]
/home/user/software/vivado_2023.2/vivado2302/Vivado/2023.2/lib/lnx64.o/librdi_synth.so(GLAdd::GLAdd(NRealMod, DFGraph*, bool)+0x56) [0x7fdea848da16]
/home/user/software/vivado_2023.2/vivado2302/Vivado/2023.2/lib/lnx64.o/librdi_synth.so(HSynMod::createNonModGraph(DFNode*, bool)+0x406) [0x7fdea839a9c6]
/home/user/software/vivado_2023.2/vivado2302/Vivado/2023.2/lib/lnx64.o/librdi_synth.so(HSynMod::connectGraph(DFNode*)+0xa6) [0x7fdea83ab4c6]
/home/user/software/vivado_2023.2/vivado2302/Vivado/2023.2/lib/lnx64.o/librdi_synth.so(HSynMod::connectInputPin(SPinArray*, DFPin*)+0x37b) [0x7fdea83aa30b]
/home/user/software/vivado_2023.2/vivado2302/Vivado/2023.2/lib/lnx64.o/librdi_synth.so(HSynMod::connectGraph(DFNode*)+0x78) [0x7fdea83ab498]
/home/user/software/vivado_2023.2/vivado2302/Vivado/2023.2/lib/lnx64.o/librdi_synth.so(HSynMod::connectInputPin(SPinArray*, DFPin*)+0x37b) [0x7fdea83aa30b]
/home/user/software/vivado_2023.2/vivado2302/Vivado/2023.2/lib/lnx64.o/librdi_synth.so(HSynMod::connectNets()+0x74) [0x7fdea83abd44]
/home/user/software/vivado_2023.2/vivado2302/Vivado/2023.2/lib/lnx64.o/librdi_synth.so(HSynMod::regenerate(bool)+0x24) [0x7fdea83a4f44]
/home/user/software/vivado_2023.2/vivado2302/Vivado/2023.2/lib/lnx64.o/librdi_synth.so(GSyn::generateFpga(NRealMod, bool)+0x4f2) [0x7fdea7efa9b2]
/home/user/software/vivado_2023.2/vivado2302/Vivado/2023.2/lib/lnx64.o/librdi_synth.so(GSyn::generate(NRealMod, bool)+0x2cb) [0x7fdea7efb39b]
/home/user/software/vivado_2023.2/vivado2302/Vivado/2023.2/lib/lnx64.o/librdi_synth.so(NRealMod::regenerate(bool)+0x27) [0x7fdea7efb5a7]
/home/user/software/vivado_2023.2/vivado2302/Vivado/2023.2/lib/lnx64.o/librdi_synth.so(HARTNDb::HARTMergeResynPartitionsR(NRealMod, HARTNDb::MergePhase, bool)+0x2557) [0x7fdea7242007]
/home/user/software/vivado_2023.2/vivado2302/Vivado/2023.2/lib/lnx64.o/librdi_synth.so(HARTNDb::HARTMergeResynPartitionsR(NRealMod, HARTNDb::MergePhase, bool)+0xca8) [0x7fdea7240758]
/home/user/software/vivado_2023.2/vivado2302/Vivado/2023.2/lib/lnx64.o/librdi_synth.so(HARTNDb::HARTMergeResynPartitions(NRealMod, HARTNDb::MergePhase, bool)+0x178) [0x7fdea7243008]
/home/user/software/vivado_2023.2/vivado2302/Vivado/2023.2/lib/lnx64.o/librdi_synth.so(HARTNDb::reSynthReInfer(bool)+0xe2) [0x7fdea7243222]
/home/user/software/vivado_2023.2/vivado2302/Vivado/2023.2/lib/lnx64.o/librdi_synth.so(+0x13dae73) [0x7fdea73dae73]
/home/user/software/vivado_2023.2/vivado2302/Vivado/2023.2/lib/lnx64.o/librdi_synth.so(+0x1321b35) [0x7fdea7321b35]
/home/user/software/vivado_2023.2/vivado2302/Vivado/2023.2/lib/lnx64.o/libtcl8.5.so(+0x3356f) [0x7fded883356f]
/home/user/software/vivado_2023.2/vivado2302/Vivado/2023.2/lib/lnx64.o/libtcl8.5.so(+0x34bf8) [0x7fded8834bf8]
/home/user/software/vivado_2023.2/vivado2302/Vivado/2023.2/lib/lnx64.o/libtcl8.5.so(Tcl_EvalEx+0x13) [0x7fded8835163]
/home/user/software/vivado_2023.2/vivado2302/Vivado/2023.2/lib/lnx64.o/libtcl8.5.so(TclEvalObjEx+0x1e0) [0x7fded8835380]
/home/user/software/vivado_2023.2/vivado2302/Vivado/2023.2/lib/lnx64.o/libtcl8.5.so(+0x3b445) [0x7fded883b445]
/home/user/software/vivado_2023.2/vivado2302/Vivado/2023.2/lib/lnx64.o/libtcl8.5.so(+0x3356f) [0x7fded883356f]
/home/user/software/vivado_2023.2/vivado2302/Vivado/2023.2/lib/lnx64.o/libtcl8.5.so(+0x76945) [0x7fded8876945]
/home/user/software/vivado_2023.2/vivado2302/Vivado/2023.2/lib/lnx64.o/libtcl8.5.so(+0x7e0f9) [0x7fded887e0f9]
/home/user/software/vivado_2023.2/vivado2302/Vivado/2023.2/lib/lnx64.o/libtcl8.5.so(TclEvalObjEx+0x76) [0x7fded8835216]
/home/user/software/vivado_2023.2/vivado2302/Vivado/2023.2/lib/lnx64.o/librdi_commontasks.so(+0x261fb1) [0x7fded1061fb1]
/home/user/software/vivado_2023.2/vivado2302/Vivado/2023.2/lib/lnx64.o/libtcl8.5.so(+0x3356f) [0x7fded883356f]
/home/user/software/vivado_2023.2/vivado2302/Vivado/2023.2/lib/lnx64.o/libtcl8.5.so(+0x76945) [0x7fded8876945]
/home/user/software/vivado_2023.2/vivado2302/Vivado/2023.2/lib/lnx64.o/libtcl8.5.so(TclObjInterpProcCore+0x420) [0x7fded88b7ed0]
/home/user/software/vivado_2023.2/vivado2302/Vivado/2023.2/lib/lnx64.o/libtcl8.5.so(+0x3356f) [0x7fded883356f]
/home/user/software/vivado_2023.2/vivado2302/Vivado/2023.2/lib/lnx64.o/libtcl8.5.so(+0x76945) [0x7fded8876945]
/home/user/software/vivado_2023.2/vivado2302/Vivado/2023.2/lib/lnx64.o/libtcl8.5.so(TclObjInterpProcCore+0x420) [0x7fded88b7ed0]
/home/user/software/vivado_2023.2/vivado2302/Vivado/2023.2/lib/lnx64.o/libtcl8.5.so(+0x3356f) [0x7fded883356f]
/home/user/software/vivado_2023.2/vivado2302/Vivado/2023.2/lib/lnx64.o/libtcl8.5.so(+0x76945) [0x7fded8876945]
/home/user/software/vivado_2023.2/vivado2302/Vivado/2023.2/lib/lnx64.o/libtcl8.5.so(TclObjInterpProcCore+0x420) [0x7fded88b7ed0]
/home/user/software/vivado_2023.2/vivado2302/Vivado/2023.2/lib/lnx64.o/libtcl8.5.so(+0x3356f) [0x7fded883356f]
/home/user/software/vivado_2023.2/vivado2302/Vivado/2023.2/lib/lnx64.o/libtcl8.5.so(+0x76945) [0x7fded8876945]
/home/user/software/vivado_2023.2/vivado2302/Vivado/2023.2/lib/lnx64.o/libtcl8.5.so(TclObjInterpProcCore+0x420) [0x7fded88b7ed0]
/home/user/software/vivado_2023.2/vivado2302/Vivado/2023.2/lib/lnx64.o/libtcl8.5.so(+0x3356f) [0x7fded883356f]
/home/user/software/vivado_2023.2/vivado2302/Vivado/2023.2/lib/lnx64.o/libtcl8.5.so(+0x76945) [0x7fded8876945]
/home/user/software/vivado_2023.2/vivado2302/Vivado/2023.2/lib/lnx64.o/libtcl8.5.so(+0x7e0f9) [0x7fded887e0f9]
/home/user/software/vivado_2023.2/vivado2302/Vivado/2023.2/lib/lnx64.o/libtcl8.5.so(TclEvalObjEx+0x76) [0x7fded8835216]
/home/user/software/vivado_2023.2/vivado2302/Vivado/2023.2/lib/lnx64.o/librdi_common.so(hdi::tcltasks::task_manager::eval_in_tcl(Tcl_Interp*, Tcl_Obj*, char const*, bool)+0x74d) [0x7fdede57be1d]
/home/user/software/vivado_2023.2/vivado2302/Vivado/2023.2/lib/lnx64.o/librdi_common.so(hdi::tcltasks::task_manager::eval_in_tcl(Tcl_Interp*, char const*, char const*, bool)+0xda) [0x7fdede57c3ca]
/home/user/software/vivado_2023.2/vivado2302/Vivado/2023.2/lib/lnx64.o/librdi_synth.so(HARTNDb::processGenomesSequentially(bool, char const*, char const*)+0xbce) [0x7fdea72a8e8e]
/home/user/software/vivado_2023.2/vivado2302/Vivado/2023.2/lib/lnx64.o/librdi_synth.so(+0x13c1aa8) [0x7fdea73c1aa8]
/home/user/software/vivado_2023.2/vivado2302/Vivado/2023.2/lib/lnx64.o/librdi_synth.so(+0x1321b35) [0x7fdea7321b35]
/home/user/software/vivado_2023.2/vivado2302/Vivado/2023.2/lib/lnx64.o/libtcl8.5.so(+0x3356f) [0x7fded883356f]
/home/user/software/vivado_2023.2/vivado2302/Vivado/2023.2/lib/lnx64.o/libtcl8.5.so(+0x34bf8) [0x7fded8834bf8]
/home/user/software/vivado_2023.2/vivado2302/Vivado/2023.2/lib/lnx64.o/libtcl8.5.so(Tcl_EvalEx+0x13) [0x7fded8835163]
/home/user/software/vivado_2023.2/vivado2302/Vivado/2023.2/lib/lnx64.o/libtcl8.5.so(TclEvalObjEx+0x1e0) [0x7fded8835380]
/home/user/software/vivado_2023.2/vivado2302/Vivado/2023.2/lib/lnx64.o/libtcl8.5.so(+0x3b445) [0x7fded883b445]
/home/user/software/vivado_2023.2/vivado2302/Vivado/2023.2/lib/lnx64.o/libtcl8.5.so(+0x3356f) [0x7fded883356f]
/home/user/software/vivado_2023.2/vivado2302/Vivado/2023.2/lib/lnx64.o/libtcl8.5.so(+0x76945) [0x7fded8876945]
/home/user/software/vivado_2023.2/vivado2302/Vivado/2023.2/lib/lnx64.o/libtcl8.5.so(+0x7e0f9) [0x7fded887e0f9]
/home/user/software/vivado_2023.2/vivado2302/Vivado/2023.2/lib/lnx64.o/libtcl8.5.so(TclEvalObjEx+0x76) [0x7fded8835216]
/home/user/software/vivado_2023.2/vivado2302/Vivado/2023.2/lib/lnx64.o/librdi_commontasks.so(+0x261fb1) [0x7fded1061fb1]
/home/user/software/vivado_2023.2/vivado2302/Vivado/2023.2/lib/lnx64.o/libtcl8.5.so(+0x3356f) [0x7fded883356f]
/home/user/software/vivado_2023.2/vivado2302/Vivado/2023.2/lib/lnx64.o/libtcl8.5.so(+0x76945) [0x7fded8876945]
/home/user/software/vivado_2023.2/vivado2302/Vivado/2023.2/lib/lnx64.o/libtcl8.5.so(TclObjInterpProcCore+0x420) [0x7fded88b7ed0]
/home/user/software/vivado_2023.2/vivado2302/Vivado/2023.2/lib/lnx64.o/libtcl8.5.so(+0x3356f) [0x7fded883356f]
/home/user/software/vivado_2023.2/vivado2302/Vivado/2023.2/lib/lnx64.o/libtcl8.5.so(+0x76945) [0x7fded8876945]
/home/user/software/vivado_2023.2/vivado2302/Vivado/2023.2/lib/lnx64.o/libtcl8.5.so(TclObjInterpProcCore+0x420) [0x7fded88b7ed0]
/home/user/software/vivado_2023.2/vivado2302/Vivado/2023.2/lib/lnx64.o/libtcl8.5.so(+0x3356f) [0x7fded883356f]
/home/user/software/vivado_2023.2/vivado2302/Vivado/2023.2/lib/lnx64.o/libtcl8.5.so(+0x76945) [0x7fded8876945]
/home/user/software/vivado_2023.2/vivado2302/Vivado/2023.2/lib/lnx64.o/libtcl8.5.so(TclObjInterpProcCore+0x420) [0x7fded88b7ed0]
/home/user/software/vivado_2023.2/vivado2302/Vivado/2023.2/lib/lnx64.o/libtcl8.5.so(+0x3356f) [0x7fded883356f]
/home/user/software/vivado_2023.2/vivado2302/Vivado/2023.2/lib/lnx64.o/libtcl8.5.so(+0x76945) [0x7fded8876945]
/home/user/software/vivado_2023.2/vivado2302/Vivado/2023.2/lib/lnx64.o/libtcl8.5.so(+0x7e0f9) [0x7fded887e0f9]
/home/user/software/vivado_2023.2/vivado2302/Vivado/2023.2/lib/lnx64.o/libtcl8.5.so(TclEvalObjEx+0x76) [0x7fded8835216]
/home/user/software/vivado_2023.2/vivado2302/Vivado/2023.2/lib/lnx64.o/librdi_commontasks.so(+0x261fb1) [0x7fded1061fb1]
/home/user/software/vivado_2023.2/vivado2302/Vivado/2023.2/lib/lnx64.o/libtcl8.5.so(+0x3356f) [0x7fded883356f]
/home/user/software/vivado_2023.2/vivado2302/Vivado/2023.2/lib/lnx64.o/libtcl8.5.so(+0x76945) [0x7fded8876945]
/home/user/software/vivado_2023.2/vivado2302/Vivado/2023.2/lib/lnx64.o/libtcl8.5.so(Tcl_ExprObj+0xf8) [0x7fded887dcd8]
/home/user/software/vivado_2023.2/vivado2302/Vivado/2023.2/lib/lnx64.o/libtcl8.5.so(Tcl_ExprBooleanObj+0x16) [0x7fded8833f56]
/home/user/software/vivado_2023.2/vivado2302/Vivado/2023.2/lib/lnx64.o/libtcl8.5.so(+0x3e7ae) [0x7fded883e7ae]
/home/user/software/vivado_2023.2/vivado2302/Vivado/2023.2/lib/lnx64.o/libtcl8.5.so(+0x3356f) [0x7fded883356f]
/home/user/software/vivado_2023.2/vivado2302/Vivado/2023.2/lib/lnx64.o/libtcl8.5.so(+0x34bf8) [0x7fded8834bf8]
/home/user/software/vivado_2023.2/vivado2302/Vivado/2023.2/lib/lnx64.o/libtcl8.5.so(Tcl_EvalEx+0x13) [0x7fded8835163]
/home/user/software/vivado_2023.2/vivado2302/Vivado/2023.2/lib/lnx64.o/libtcl8.5.so(Tcl_FSEvalFileEx+0x1da) [0x7fded8899d2a]
/home/user/software/vivado_2023.2/vivado2302/Vivado/2023.2/lib/lnx64.o/librdi_commontasks.so(+0x27e220) [0x7fded107e220]
/home/user/software/vivado_2023.2/vivado2302/Vivado/2023.2/lib/lnx64.o/librdi_common.so(+0xd7d9bf) [0x7fdede57d9bf]
/home/user/software/vivado_2023.2/vivado2302/Vivado/2023.2/lib/lnx64.o/libtcl8.5.so(+0x3356f) [0x7fded883356f]
/home/user/software/vivado_2023.2/vivado2302/Vivado/2023.2/lib/lnx64.o/libtcl8.5.so(+0x76945) [0x7fded8876945]
/home/user/software/vivado_2023.2/vivado2302/Vivado/2023.2/lib/lnx64.o/libtcl8.5.so(+0x7e0f9) [0x7fded887e0f9]
/home/user/software/vivado_2023.2/vivado2302/Vivado/2023.2/lib/lnx64.o/libtcl8.5.so(TclEvalObjEx+0x76) [0x7fded8835216]
/home/user/software/vivado_2023.2/vivado2302/Vivado/2023.2/lib/lnx64.o/libtcl8.5.so(+0xb7637) [0x7fded88b7637]
/home/user/software/vivado_2023.2/vivado2302/Vivado/2023.2/lib/lnx64.o/libtcl8.5.so(+0x3356f) [0x7fded883356f]
/home/user/software/vivado_2023.2/vivado2302/Vivado/2023.2/lib/lnx64.o/libtcl8.5.so(+0x76945) [0x7fded8876945]
/home/user/software/vivado_2023.2/vivado2302/Vivado/2023.2/lib/lnx64.o/libtcl8.5.so(+0x7e0f9) [0x7fded887e0f9]
/home/user/software/vivado_2023.2/vivado2302/Vivado/2023.2/lib/lnx64.o/libtcl8.5.so(TclEvalObjEx+0x76) [0x7fded8835216]
/home/user/software/vivado_2023.2/vivado2302/Vivado/2023.2/lib/lnx64.o/librdi_commontasks.so(+0x261f0e) [0x7fded1061f0e]
/home/user/software/vivado_2023.2/vivado2302/Vivado/2023.2/lib/lnx64.o/libtcl8.5.so(+0x3356f) [0x7fded883356f]
/home/user/software/vivado_2023.2/vivado2302/Vivado/2023.2/lib/lnx64.o/libtcl8.5.so(+0x34bf8) [0x7fded8834bf8]
/home/user/software/vivado_2023.2/vivado2302/Vivado/2023.2/lib/lnx64.o/libtcl8.5.so(+0xad566) [0x7fded88ad566]
/home/user/software/vivado_2023.2/vivado2302/Vivado/2023.2/lib/lnx64.o/libtcl8.5.so(+0x34785) [0x7fded8834785]
/home/user/software/vivado_2023.2/vivado2302/Vivado/2023.2/lib/lnx64.o/libtcl8.5.so(Tcl_EvalEx+0x13) [0x7fded8835163]
/home/user/software/vivado_2023.2/vivado2302/Vivado/2023.2/lib/lnx64.o/libtcl8.5.so(Tcl_FSEvalFileEx+0x1da) [0x7fded8899d2a]
/home/user/software/vivado_2023.2/vivado2302/Vivado/2023.2/lib/lnx64.o/librdi_commontasks.so(+0x27e220) [0x7fded107e220]
/home/user/software/vivado_2023.2/vivado2302/Vivado/2023.2/lib/lnx64.o/librdi_common.so(+0xd7d9bf) [0x7fdede57d9bf]
/home/user/software/vivado_2023.2/vivado2302/Vivado/2023.2/lib/lnx64.o/libtcl8.5.so(+0x3356f) [0x7fded883356f]
/home/user/software/vivado_2023.2/vivado2302/Vivado/2023.2/lib/lnx64.o/libtcl8.5.so(Tcl_EvalObjv+0x32) [0x7fded88336a2]
/home/user/software/vivado_2023.2/vivado2302/Vivado/2023.2/lib/lnx64.o/libtcl8.5.so(TclEvalObjEx+0x322) [0x7fded88354c2]
/home/user/software/vivado_2023.2/vivado2302/Vivado/2023.2/lib/lnx64.o/librdi_common.so(hdi::tcltasks::task_manager::eval_in_tcl(Tcl_Interp*, Tcl_Obj*, char const*, bool)+0x74d) [0x7fdede57be1d]
/home/user/software/vivado_2023.2/vivado2302/Vivado/2023.2/lib/lnx64.o/librdi_designutils.so(HRTInvoker::inProcessLaunch(HDGUIStatus&)+0x310) [0x7fdec6e24380]
/home/user/software/vivado_2023.2/vivado2302/Vivado/2023.2/lib/lnx64.o/librdi_designutils.so(HRTInvoker::launch(HDGUIStatus&)+0x33) [0x7fdec6e24933]
/home/user/software/vivado_2023.2/vivado2302/Vivado/2023.2/lib/lnx64.o/librdi_vivadotasks.so(+0x70211c) [0x7fdea0b0211c]
/home/user/software/vivado_2023.2/vivado2302/Vivado/2023.2/lib/lnx64.o/librdi_vivadotasks.so(+0x70b832) [0x7fdea0b0b832]
/home/user/software/vivado_2023.2/vivado2302/Vivado/2023.2/lib/lnx64.o/librdi_common.so(+0xd7d9bf) [0x7fdede57d9bf]
/home/user/software/vivado_2023.2/vivado2302/Vivado/2023.2/lib/lnx64.o/libtcl8.5.so(+0x3356f) [0x7fded883356f]
/home/user/software/vivado_2023.2/vivado2302/Vivado/2023.2/lib/lnx64.o/libtcl8.5.so(+0x76945) [0x7fded8876945]
/home/user/software/vivado_2023.2/vivado2302/Vivado/2023.2/lib/lnx64.o/libtcl8.5.so(+0x7e0f9) [0x7fded887e0f9]
/home/user/software/vivado_2023.2/vivado2302/Vivado/2023.2/lib/lnx64.o/libtcl8.5.so(TclEvalObjEx+0x76) [0x7fded8835216]
/home/user/software/vivado_2023.2/vivado2302/Vivado/2023.2/lib/lnx64.o/libtcl8.5.so(Tcl_RecordAndEvalObj+0x143) [0x7fded8883bd3]
/home/user/software/vivado_2023.2/vivado2302/Vivado/2023.2/lib/lnx64.o/librdi_commontasks.so(+0x2fc369) [0x7fded10fc369]
/home/user/software/vivado_2023.2/vivado2302/Vivado/2023.2/lib/lnx64.o/libtcl8.5.so(Tcl_Main+0x620) [0x7fded88a0740]
/home/user/software/vivado_2023.2/vivado2302/Vivado/2023.2/lib/lnx64.o/librdi_common.so(+0xda6f7b) [0x7fdede5a6f7b]
/lib/x86_64-linux-gnu/libc.so.6(+0x94ac3) [0x7fdedcc94ac3]
/lib/x86_64-linux-gnu/libc.so.6(+0x126a40) [0x7fdedcd26a40]
