#
# An unexpected error has occurred (11)
#
Stack:
/lib/x86_64-linux-gnu/libc.so.6(+0x42520) [0x7fb9af242520]
/home/user/software/vivado2023/Vivado/2023.2/lib/lnx64.o/librdi_synth.so(DFNode::findDFPin(UString const&) const+0x4) [0x7fb97ad03d24]
/home/user/software/vivado2023/Vivado/2023.2/lib/lnx64.o/librdi_synth.so(HARTHCollapseCounter(DFGraph*)+0x245) [0x7fb9797a5c05]
/home/user/software/vivado2023/Vivado/2023.2/lib/lnx64.o/librdi_synth.so(HARTHOptPost::optimize()+0x15cd) [0x7fb9796fe26d]
/home/user/software/vivado2023/Vivado/2023.2/lib/lnx64.o/librdi_synth.so(HARTHOptDfg::optimizePass2()+0x1ba00) [0x7fb979f0c4d0]
/home/user/software/vivado2023/Vivado/2023.2/lib/lnx64.o/librdi_synth.so(HARTNDb::optimizeAndMap()+0x1078) [0x7fb9798466f8]
/home/user/software/vivado2023/Vivado/2023.2/lib/lnx64.o/librdi_synth.so(HARTNDb::map()+0x1b) [0x7fb97984704b]
/home/user/software/vivado2023/Vivado/2023.2/lib/lnx64.o/librdi_synth.so(+0x14998d3) [0x7fb979a998d3]
/home/user/software/vivado2023/Vivado/2023.2/lib/lnx64.o/librdi_synth.so(+0x1321b35) [0x7fb979921b35]
/home/user/software/vivado2023/Vivado/2023.2/lib/lnx64.o/libtcl8.5.so(+0x3356f) [0x7fb9aae3356f]
/home/user/software/vivado2023/Vivado/2023.2/lib/lnx64.o/libtcl8.5.so(+0x34bf8) [0x7fb9aae34bf8]
/home/user/software/vivado2023/Vivado/2023.2/lib/lnx64.o/libtcl8.5.so(Tcl_EvalEx+0x13) [0x7fb9aae35163]
/home/user/software/vivado2023/Vivado/2023.2/lib/lnx64.o/libtcl8.5.so(TclEvalObjEx+0x1e0) [0x7fb9aae35380]
/home/user/software/vivado2023/Vivado/2023.2/lib/lnx64.o/libtcl8.5.so(+0x3b445) [0x7fb9aae3b445]
/home/user/software/vivado2023/Vivado/2023.2/lib/lnx64.o/libtcl8.5.so(+0x3356f) [0x7fb9aae3356f]
/home/user/software/vivado2023/Vivado/2023.2/lib/lnx64.o/libtcl8.5.so(+0x76945) [0x7fb9aae76945]
/home/user/software/vivado2023/Vivado/2023.2/lib/lnx64.o/libtcl8.5.so(+0x7e0f9) [0x7fb9aae7e0f9]
/home/user/software/vivado2023/Vivado/2023.2/lib/lnx64.o/libtcl8.5.so(TclEvalObjEx+0x76) [0x7fb9aae35216]
/home/user/software/vivado2023/Vivado/2023.2/lib/lnx64.o/librdi_commontasks.so(+0x261fb1) [0x7fb9a3661fb1]
/home/user/software/vivado2023/Vivado/2023.2/lib/lnx64.o/libtcl8.5.so(+0x3356f) [0x7fb9aae3356f]
/home/user/software/vivado2023/Vivado/2023.2/lib/lnx64.o/libtcl8.5.so(+0x76945) [0x7fb9aae76945]
/home/user/software/vivado2023/Vivado/2023.2/lib/lnx64.o/libtcl8.5.so(TclObjInterpProcCore+0x420) [0x7fb9aaeb7ed0]
/home/user/software/vivado2023/Vivado/2023.2/lib/lnx64.o/libtcl8.5.so(+0x3356f) [0x7fb9aae3356f]
/home/user/software/vivado2023/Vivado/2023.2/lib/lnx64.o/libtcl8.5.so(+0x76945) [0x7fb9aae76945]
/home/user/software/vivado2023/Vivado/2023.2/lib/lnx64.o/libtcl8.5.so(+0x7e0f9) [0x7fb9aae7e0f9]
/home/user/software/vivado2023/Vivado/2023.2/lib/lnx64.o/libtcl8.5.so(TclEvalObjEx+0x76) [0x7fb9aae35216]
/home/user/software/vivado2023/Vivado/2023.2/lib/lnx64.o/librdi_commontasks.so(+0x261fb1) [0x7fb9a3661fb1]
/home/user/software/vivado2023/Vivado/2023.2/lib/lnx64.o/libtcl8.5.so(+0x3356f) [0x7fb9aae3356f]
/home/user/software/vivado2023/Vivado/2023.2/lib/lnx64.o/libtcl8.5.so(+0x76945) [0x7fb9aae76945]
/home/user/software/vivado2023/Vivado/2023.2/lib/lnx64.o/libtcl8.5.so(Tcl_ExprObj+0xf8) [0x7fb9aae7dcd8]
/home/user/software/vivado2023/Vivado/2023.2/lib/lnx64.o/libtcl8.5.so(Tcl_ExprBooleanObj+0x16) [0x7fb9aae33f56]
/home/user/software/vivado2023/Vivado/2023.2/lib/lnx64.o/libtcl8.5.so(+0x3e7ae) [0x7fb9aae3e7ae]
/home/user/software/vivado2023/Vivado/2023.2/lib/lnx64.o/libtcl8.5.so(+0x3356f) [0x7fb9aae3356f]
/home/user/software/vivado2023/Vivado/2023.2/lib/lnx64.o/libtcl8.5.so(+0x34bf8) [0x7fb9aae34bf8]
/home/user/software/vivado2023/Vivado/2023.2/lib/lnx64.o/libtcl8.5.so(Tcl_EvalEx+0x13) [0x7fb9aae35163]
/home/user/software/vivado2023/Vivado/2023.2/lib/lnx64.o/libtcl8.5.so(Tcl_FSEvalFileEx+0x1da) [0x7fb9aae99d2a]
/home/user/software/vivado2023/Vivado/2023.2/lib/lnx64.o/librdi_commontasks.so(+0x27e220) [0x7fb9a367e220]
/home/user/software/vivado2023/Vivado/2023.2/lib/lnx64.o/librdi_common.so(+0xd7d9bf) [0x7fb9b0b7d9bf]
/home/user/software/vivado2023/Vivado/2023.2/lib/lnx64.o/libtcl8.5.so(+0x3356f) [0x7fb9aae3356f]
/home/user/software/vivado2023/Vivado/2023.2/lib/lnx64.o/libtcl8.5.so(+0x76945) [0x7fb9aae76945]
/home/user/software/vivado2023/Vivado/2023.2/lib/lnx64.o/libtcl8.5.so(+0x7e0f9) [0x7fb9aae7e0f9]
/home/user/software/vivado2023/Vivado/2023.2/lib/lnx64.o/libtcl8.5.so(TclEvalObjEx+0x76) [0x7fb9aae35216]
/home/user/software/vivado2023/Vivado/2023.2/lib/lnx64.o/libtcl8.5.so(+0xb7637) [0x7fb9aaeb7637]
/home/user/software/vivado2023/Vivado/2023.2/lib/lnx64.o/libtcl8.5.so(+0x3356f) [0x7fb9aae3356f]
/home/user/software/vivado2023/Vivado/2023.2/lib/lnx64.o/libtcl8.5.so(+0x76945) [0x7fb9aae76945]
/home/user/software/vivado2023/Vivado/2023.2/lib/lnx64.o/libtcl8.5.so(+0x7e0f9) [0x7fb9aae7e0f9]
/home/user/software/vivado2023/Vivado/2023.2/lib/lnx64.o/libtcl8.5.so(TclEvalObjEx+0x76) [0x7fb9aae35216]
/home/user/software/vivado2023/Vivado/2023.2/lib/lnx64.o/librdi_commontasks.so(+0x261f0e) [0x7fb9a3661f0e]
/home/user/software/vivado2023/Vivado/2023.2/lib/lnx64.o/libtcl8.5.so(+0x3356f) [0x7fb9aae3356f]
/home/user/software/vivado2023/Vivado/2023.2/lib/lnx64.o/libtcl8.5.so(+0x34bf8) [0x7fb9aae34bf8]
/home/user/software/vivado2023/Vivado/2023.2/lib/lnx64.o/libtcl8.5.so(+0xad566) [0x7fb9aaead566]
/home/user/software/vivado2023/Vivado/2023.2/lib/lnx64.o/libtcl8.5.so(+0x34785) [0x7fb9aae34785]
/home/user/software/vivado2023/Vivado/2023.2/lib/lnx64.o/libtcl8.5.so(Tcl_EvalEx+0x13) [0x7fb9aae35163]
/home/user/software/vivado2023/Vivado/2023.2/lib/lnx64.o/libtcl8.5.so(Tcl_FSEvalFileEx+0x1da) [0x7fb9aae99d2a]
/home/user/software/vivado2023/Vivado/2023.2/lib/lnx64.o/librdi_commontasks.so(+0x27e220) [0x7fb9a367e220]
/home/user/software/vivado2023/Vivado/2023.2/lib/lnx64.o/librdi_common.so(+0xd7d9bf) [0x7fb9b0b7d9bf]
/home/user/software/vivado2023/Vivado/2023.2/lib/lnx64.o/libtcl8.5.so(+0x3356f) [0x7fb9aae3356f]
/home/user/software/vivado2023/Vivado/2023.2/lib/lnx64.o/libtcl8.5.so(Tcl_EvalObjv+0x32) [0x7fb9aae336a2]
/home/user/software/vivado2023/Vivado/2023.2/lib/lnx64.o/libtcl8.5.so(TclEvalObjEx+0x322) [0x7fb9aae354c2]
/home/user/software/vivado2023/Vivado/2023.2/lib/lnx64.o/librdi_common.so(hdi::tcltasks::task_manager::eval_in_tcl(Tcl_Interp*, Tcl_Obj*, char const*, bool)+0x74d) [0x7fb9b0b7be1d]
/home/user/software/vivado2023/Vivado/2023.2/lib/lnx64.o/librdi_designutils.so(HRTInvoker::inProcessLaunch(HDGUIStatus&)+0x310) [0x7fb999424380]
/home/user/software/vivado2023/Vivado/2023.2/lib/lnx64.o/librdi_designutils.so(HRTInvoker::launch(HDGUIStatus&)+0x33) [0x7fb999424933]
/home/user/software/vivado2023/Vivado/2023.2/lib/lnx64.o/librdi_vivadotasks.so(+0x70211c) [0x7fb97310211c]
/home/user/software/vivado2023/Vivado/2023.2/lib/lnx64.o/librdi_vivadotasks.so(+0x70b832) [0x7fb97310b832]
/home/user/software/vivado2023/Vivado/2023.2/lib/lnx64.o/librdi_common.so(+0xd7d9bf) [0x7fb9b0b7d9bf]
/home/user/software/vivado2023/Vivado/2023.2/lib/lnx64.o/libtcl8.5.so(+0x3356f) [0x7fb9aae3356f]
/home/user/software/vivado2023/Vivado/2023.2/lib/lnx64.o/libtcl8.5.so(+0x76945) [0x7fb9aae76945]
/home/user/software/vivado2023/Vivado/2023.2/lib/lnx64.o/libtcl8.5.so(+0x7e0f9) [0x7fb9aae7e0f9]
/home/user/software/vivado2023/Vivado/2023.2/lib/lnx64.o/libtcl8.5.so(TclEvalObjEx+0x76) [0x7fb9aae35216]
/home/user/software/vivado2023/Vivado/2023.2/lib/lnx64.o/libtcl8.5.so(Tcl_RecordAndEvalObj+0x143) [0x7fb9aae83bd3]
/home/user/software/vivado2023/Vivado/2023.2/lib/lnx64.o/librdi_commontasks.so(+0x2fc369) [0x7fb9a36fc369]
/home/user/software/vivado2023/Vivado/2023.2/lib/lnx64.o/libtcl8.5.so(Tcl_Main+0x620) [0x7fb9aaea0740]
/home/user/software/vivado2023/Vivado/2023.2/lib/lnx64.o/librdi_common.so(+0xda6f7b) [0x7fb9b0ba6f7b]
/lib/x86_64-linux-gnu/libc.so.6(+0x94ac3) [0x7fb9af294ac3]
/lib/x86_64-linux-gnu/libc.so.6(+0x126a40) [0x7fb9af326a40]
