#
# An unexpected error has occurred (11)
#
Stack:
/lib/x86_64-linux-gnu/libc.so.6(+0x42520) [0x7f4ec1642520]
/home/user/software/vivado2023/Vivado/2023.2/lib/lnx64.o/librdi_synth.so(ConstProp::reconnect(NNet, NNet)+0x579) [0x7f4e8c8ba7d9]
/home/user/software/vivado2023/Vivado/2023.2/lib/lnx64.o/librdi_synth.so(ConstProp::getEquivalentNet(NNet, bool, UHashSet<NNetC*, NNetC*, UEKey<NNetC*>, UHashSetNode<NNetC*>, NNetC*, UEValue<NNetC*, UHashSetNode<NNetC*> > >*)+0xce8) [0x7f4e8c8bb8a8]
/home/user/software/vivado2023/Vivado/2023.2/lib/lnx64.o/librdi_synth.so(ConstProp::propagateXORCY(NInst, bool)+0x17a) [0x7f4e8ce7538a]
/home/user/software/vivado2023/Vivado/2023.2/lib/lnx64.o/librdi_synth.so(ConstProp::evaluateCombinational(NInst, bool, UHashSet<NNetC*, NNetC*, UEKey<NNetC*>, UHashSetNode<NNetC*>, NNetC*, UEValue<NNetC*, UHashSetNode<NNetC*> > >*)+0xc84) [0x7f4e8c8c6904]
/home/user/software/vivado2023/Vivado/2023.2/lib/lnx64.o/librdi_synth.so(ConstProp::evaluate(NInst, int, bool, UHashSet<NNetC*, NNetC*, UEKey<NNetC*>, UHashSetNode<NNetC*>, NNetC*, UEValue<NNetC*, UHashSetNode<NNetC*> > >*)+0x482) [0x7f4e8c8c6f92]
/home/user/software/vivado2023/Vivado/2023.2/lib/lnx64.o/librdi_synth.so(ConstProp::getEquivalentNet(NNet, bool, UHashSet<NNetC*, NNetC*, UEKey<NNetC*>, UHashSetNode<NNetC*>, NNetC*, UEValue<NNetC*, UHashSetNode<NNetC*> > >*)+0x20e) [0x7f4e8c8badce]
/home/user/software/vivado2023/Vivado/2023.2/lib/lnx64.o/librdi_synth.so(ConstProp::getBDDsOfInputs(NInst, UHashMap<NNetC*, int, NNetC*, UEKey<NNetC*> >&, int&, bool&, bool, UHashSet<NNetC*, NNetC*, UEKey<NNetC*>, UHashSetNode<NNetC*>, NNetC*, UEValue<NNetC*, UHashSetNode<NNetC*> > >*, BDD&)+0x1aa) [0x7f4e8c8bbada]
/home/user/software/vivado2023/Vivado/2023.2/lib/lnx64.o/librdi_synth.so(ConstProp::evaluateCombinational(NInst, bool, UHashSet<NNetC*, NNetC*, UEKey<NNetC*>, UHashSetNode<NNetC*>, NNetC*, UEValue<NNetC*, UHashSetNode<NNetC*> > >*)+0x257) [0x7f4e8c8c5ed7]
/home/user/software/vivado2023/Vivado/2023.2/lib/lnx64.o/librdi_synth.so(ConstProp::evaluate(NInst, int, bool, UHashSet<NNetC*, NNetC*, UEKey<NNetC*>, UHashSetNode<NNetC*>, NNetC*, UEValue<NNetC*, UHashSetNode<NNetC*> > >*)+0x482) [0x7f4e8c8c6f92]
/home/user/software/vivado2023/Vivado/2023.2/lib/lnx64.o/librdi_synth.so(ConstProp::getEquivalentNet(NNet, bool, UHashSet<NNetC*, NNetC*, UEKey<NNetC*>, UHashSetNode<NNetC*>, NNetC*, UEValue<NNetC*, UHashSetNode<NNetC*> > >*)+0x20e) [0x7f4e8c8badce]
/home/user/software/vivado2023/Vivado/2023.2/lib/lnx64.o/librdi_synth.so(ConstProp::getBDDsOfInputs(NInst, UHashMap<NNetC*, int, NNetC*, UEKey<NNetC*> >&, int&, bool&, bool, UHashSet<NNetC*, NNetC*, UEKey<NNetC*>, UHashSetNode<NNetC*>, NNetC*, UEValue<NNetC*, UHashSetNode<NNetC*> > >*, BDD&)+0x1aa) [0x7f4e8c8bbada]
/home/user/software/vivado2023/Vivado/2023.2/lib/lnx64.o/librdi_synth.so(ConstProp::evaluateCombinational(NInst, bool, UHashSet<NNetC*, NNetC*, UEKey<NNetC*>, UHashSetNode<NNetC*>, NNetC*, UEValue<NNetC*, UHashSetNode<NNetC*> > >*)+0x257) [0x7f4e8c8c5ed7]
/home/user/software/vivado2023/Vivado/2023.2/lib/lnx64.o/librdi_synth.so(ConstProp::evaluate(NInst, int, bool, UHashSet<NNetC*, NNetC*, UEKey<NNetC*>, UHashSetNode<NNetC*>, NNetC*, UEValue<NNetC*, UHashSetNode<NNetC*> > >*)+0x482) [0x7f4e8c8c6f92]
/home/user/software/vivado2023/Vivado/2023.2/lib/lnx64.o/librdi_synth.so(ConstProp::getEquivalentNet(NNet, bool, UHashSet<NNetC*, NNetC*, UEKey<NNetC*>, UHashSetNode<NNetC*>, NNetC*, UEValue<NNetC*, UHashSetNode<NNetC*> > >*)+0x20e) [0x7f4e8c8badce]
/home/user/software/vivado2023/Vivado/2023.2/lib/lnx64.o/librdi_synth.so(ConstProp::getBDDsOfInputs(NInst, UHashMap<NNetC*, int, NNetC*, UEKey<NNetC*> >&, int&, bool&, bool, UHashSet<NNetC*, NNetC*, UEKey<NNetC*>, UHashSetNode<NNetC*>, NNetC*, UEValue<NNetC*, UHashSetNode<NNetC*> > >*, BDD&)+0x1aa) [0x7f4e8c8bbada]
/home/user/software/vivado2023/Vivado/2023.2/lib/lnx64.o/librdi_synth.so(ConstProp::evaluateCombinational(NInst, bool, UHashSet<NNetC*, NNetC*, UEKey<NNetC*>, UHashSetNode<NNetC*>, NNetC*, UEValue<NNetC*, UHashSetNode<NNetC*> > >*)+0x257) [0x7f4e8c8c5ed7]
/home/user/software/vivado2023/Vivado/2023.2/lib/lnx64.o/librdi_synth.so(ConstProp::evaluate(NInst, int, bool, UHashSet<NNetC*, NNetC*, UEKey<NNetC*>, UHashSetNode<NNetC*>, NNetC*, UEValue<NNetC*, UHashSetNode<NNetC*> > >*)+0x482) [0x7f4e8c8c6f92]
/home/user/software/vivado2023/Vivado/2023.2/lib/lnx64.o/librdi_synth.so(ConstProp::getEquivalentNet(NNet, bool, UHashSet<NNetC*, NNetC*, UEKey<NNetC*>, UHashSetNode<NNetC*>, NNetC*, UEValue<NNetC*, UHashSetNode<NNetC*> > >*)+0x20e) [0x7f4e8c8badce]
/home/user/software/vivado2023/Vivado/2023.2/lib/lnx64.o/librdi_synth.so(ConstProp::getBDDsOfInputs(NInst, UHashMap<NNetC*, int, NNetC*, UEKey<NNetC*> >&, int&, bool&, bool, UHashSet<NNetC*, NNetC*, UEKey<NNetC*>, UHashSetNode<NNetC*>, NNetC*, UEValue<NNetC*, UHashSetNode<NNetC*> > >*, BDD&)+0x1aa) [0x7f4e8c8bbada]
/home/user/software/vivado2023/Vivado/2023.2/lib/lnx64.o/librdi_synth.so(ConstProp::evaluateCombinational(NInst, bool, UHashSet<NNetC*, NNetC*, UEKey<NNetC*>, UHashSetNode<NNetC*>, NNetC*, UEValue<NNetC*, UHashSetNode<NNetC*> > >*)+0x257) [0x7f4e8c8c5ed7]
/home/user/software/vivado2023/Vivado/2023.2/lib/lnx64.o/librdi_synth.so(ConstProp::evaluate(NInst, int, bool, UHashSet<NNetC*, NNetC*, UEKey<NNetC*>, UHashSetNode<NNetC*>, NNetC*, UEValue<NNetC*, UHashSetNode<NNetC*> > >*)+0x482) [0x7f4e8c8c6f92]
/home/user/software/vivado2023/Vivado/2023.2/lib/lnx64.o/librdi_synth.so(ConstProp::getEquivalentNet(NNet, bool, UHashSet<NNetC*, NNetC*, UEKey<NNetC*>, UHashSetNode<NNetC*>, NNetC*, UEValue<NNetC*, UHashSetNode<NNetC*> > >*)+0x20e) [0x7f4e8c8badce]
/home/user/software/vivado2023/Vivado/2023.2/lib/lnx64.o/librdi_synth.so(ConstProp::getBDDsOfInputs(NInst, UHashMap<NNetC*, int, NNetC*, UEKey<NNetC*> >&, int&, bool&, bool, UHashSet<NNetC*, NNetC*, UEKey<NNetC*>, UHashSetNode<NNetC*>, NNetC*, UEValue<NNetC*, UHashSetNode<NNetC*> > >*, BDD&)+0x1aa) [0x7f4e8c8bbada]
/home/user/software/vivado2023/Vivado/2023.2/lib/lnx64.o/librdi_synth.so(ConstProp::evaluateCombinational(NInst, bool, UHashSet<NNetC*, NNetC*, UEKey<NNetC*>, UHashSetNode<NNetC*>, NNetC*, UEValue<NNetC*, UHashSetNode<NNetC*> > >*)+0x257) [0x7f4e8c8c5ed7]
/home/user/software/vivado2023/Vivado/2023.2/lib/lnx64.o/librdi_synth.so(ConstProp::evaluate(NInst, int, bool, UHashSet<NNetC*, NNetC*, UEKey<NNetC*>, UHashSetNode<NNetC*>, NNetC*, UEValue<NNetC*, UHashSetNode<NNetC*> > >*)+0x482) [0x7f4e8c8c6f92]
/home/user/software/vivado2023/Vivado/2023.2/lib/lnx64.o/librdi_synth.so(ConstProp::getEquivalentNet(NNet, bool, UHashSet<NNetC*, NNetC*, UEKey<NNetC*>, UHashSetNode<NNetC*>, NNetC*, UEValue<NNetC*, UHashSetNode<NNetC*> > >*)+0x20e) [0x7f4e8c8badce]
/home/user/software/vivado2023/Vivado/2023.2/lib/lnx64.o/librdi_synth.so(ConstProp::getBDDsOfInputs(NInst, UHashMap<NNetC*, int, NNetC*, UEKey<NNetC*> >&, int&, bool&, bool, UHashSet<NNetC*, NNetC*, UEKey<NNetC*>, UHashSetNode<NNetC*>, NNetC*, UEValue<NNetC*, UHashSetNode<NNetC*> > >*, BDD&)+0x1aa) [0x7f4e8c8bbada]
/home/user/software/vivado2023/Vivado/2023.2/lib/lnx64.o/librdi_synth.so(ConstProp::evaluateCombinational(NInst, bool, UHashSet<NNetC*, NNetC*, UEKey<NNetC*>, UHashSetNode<NNetC*>, NNetC*, UEValue<NNetC*, UHashSetNode<NNetC*> > >*)+0x257) [0x7f4e8c8c5ed7]
/home/user/software/vivado2023/Vivado/2023.2/lib/lnx64.o/librdi_synth.so(ConstProp::evaluate(NInst, int, bool, UHashSet<NNetC*, NNetC*, UEKey<NNetC*>, UHashSetNode<NNetC*>, NNetC*, UEValue<NNetC*, UHashSetNode<NNetC*> > >*)+0x482) [0x7f4e8c8c6f92]
/home/user/software/vivado2023/Vivado/2023.2/lib/lnx64.o/librdi_synth.so(ConstProp::getEquivalentNet(NNet, bool, UHashSet<NNetC*, NNetC*, UEKey<NNetC*>, UHashSetNode<NNetC*>, NNetC*, UEValue<NNetC*, UHashSetNode<NNetC*> > >*)+0x20e) [0x7f4e8c8badce]
/home/user/software/vivado2023/Vivado/2023.2/lib/lnx64.o/librdi_synth.so(ConstProp::evaluateModule(NInst, NRealMod, int, bool, UHashSet<NNetC*, NNetC*, UEKey<NNetC*>, UHashSetNode<NNetC*>, NNetC*, UEValue<NNetC*, UHashSetNode<NNetC*> > >*)+0x169) [0x7f4e8c8c1c89]
/home/user/software/vivado2023/Vivado/2023.2/lib/lnx64.o/librdi_synth.so(ConstProp::evaluate(NInst, int, bool, UHashSet<NNetC*, NNetC*, UEKey<NNetC*>, UHashSetNode<NNetC*>, NNetC*, UEValue<NNetC*, UHashSetNode<NNetC*> > >*)+0x445) [0x7f4e8c8c6f55]
/home/user/software/vivado2023/Vivado/2023.2/lib/lnx64.o/librdi_synth.so(ConstProp::getEquivalentNet(NNet, bool, UHashSet<NNetC*, NNetC*, UEKey<NNetC*>, UHashSetNode<NNetC*>, NNetC*, UEValue<NNetC*, UHashSetNode<NNetC*> > >*)+0x20e) [0x7f4e8c8badce]
/home/user/software/vivado2023/Vivado/2023.2/lib/lnx64.o/librdi_synth.so(ConstProp::propagate(bool, bool, bool, bool, bool, bool, bool, bool, bool, int)+0xc34) [0x7f4e8c8c8674]
/home/user/software/vivado2023/Vivado/2023.2/lib/lnx64.o/librdi_synth.so(HARTNDb::constPropBottomUpNew(NRealMod, UHashSet<UString, UString, UEKey<UString>, UHashSetNode<UString>, UString, UEValue<UString, UHashSetNode<UString> > >&, UHashSet<UString, UString, UEKey<UString>, UHashSetNode<UString>, UString, UEValue<UString, UHashSetNode<UString> > >&)+0x581) [0x7f4e8bc3c961]
/home/user/software/vivado2023/Vivado/2023.2/lib/lnx64.o/librdi_synth.so(HARTNDb::constProp()+0x33d) [0x7f4e8bc3d66d]
/home/user/software/vivado2023/Vivado/2023.2/lib/lnx64.o/librdi_synth.so(+0x1449083) [0x7f4e8be49083]
/home/user/software/vivado2023/Vivado/2023.2/lib/lnx64.o/librdi_synth.so(+0x1321b35) [0x7f4e8bd21b35]
/home/user/software/vivado2023/Vivado/2023.2/lib/lnx64.o/libtcl8.5.so(+0x3356f) [0x7f4ebd23356f]
/home/user/software/vivado2023/Vivado/2023.2/lib/lnx64.o/libtcl8.5.so(+0x34bf8) [0x7f4ebd234bf8]
/home/user/software/vivado2023/Vivado/2023.2/lib/lnx64.o/libtcl8.5.so(Tcl_EvalEx+0x13) [0x7f4ebd235163]
/home/user/software/vivado2023/Vivado/2023.2/lib/lnx64.o/libtcl8.5.so(TclEvalObjEx+0x1e0) [0x7f4ebd235380]
/home/user/software/vivado2023/Vivado/2023.2/lib/lnx64.o/libtcl8.5.so(+0x3b445) [0x7f4ebd23b445]
/home/user/software/vivado2023/Vivado/2023.2/lib/lnx64.o/libtcl8.5.so(+0x3356f) [0x7f4ebd23356f]
/home/user/software/vivado2023/Vivado/2023.2/lib/lnx64.o/libtcl8.5.so(+0x76945) [0x7f4ebd276945]
/home/user/software/vivado2023/Vivado/2023.2/lib/lnx64.o/libtcl8.5.so(+0x7e0f9) [0x7f4ebd27e0f9]
/home/user/software/vivado2023/Vivado/2023.2/lib/lnx64.o/libtcl8.5.so(TclEvalObjEx+0x76) [0x7f4ebd235216]
/home/user/software/vivado2023/Vivado/2023.2/lib/lnx64.o/librdi_commontasks.so(+0x261fb1) [0x7f4eb5a61fb1]
/home/user/software/vivado2023/Vivado/2023.2/lib/lnx64.o/libtcl8.5.so(+0x3356f) [0x7f4ebd23356f]
/home/user/software/vivado2023/Vivado/2023.2/lib/lnx64.o/libtcl8.5.so(+0x76945) [0x7f4ebd276945]
/home/user/software/vivado2023/Vivado/2023.2/lib/lnx64.o/libtcl8.5.so(TclObjInterpProcCore+0x420) [0x7f4ebd2b7ed0]
/home/user/software/vivado2023/Vivado/2023.2/lib/lnx64.o/libtcl8.5.so(+0x3356f) [0x7f4ebd23356f]
/home/user/software/vivado2023/Vivado/2023.2/lib/lnx64.o/libtcl8.5.so(+0x76945) [0x7f4ebd276945]
/home/user/software/vivado2023/Vivado/2023.2/lib/lnx64.o/libtcl8.5.so(TclObjInterpProcCore+0x420) [0x7f4ebd2b7ed0]
/home/user/software/vivado2023/Vivado/2023.2/lib/lnx64.o/libtcl8.5.so(+0x3356f) [0x7f4ebd23356f]
/home/user/software/vivado2023/Vivado/2023.2/lib/lnx64.o/libtcl8.5.so(+0x76945) [0x7f4ebd276945]
/home/user/software/vivado2023/Vivado/2023.2/lib/lnx64.o/libtcl8.5.so(TclObjInterpProcCore+0x420) [0x7f4ebd2b7ed0]
/home/user/software/vivado2023/Vivado/2023.2/lib/lnx64.o/libtcl8.5.so(+0x3356f) [0x7f4ebd23356f]
/home/user/software/vivado2023/Vivado/2023.2/lib/lnx64.o/libtcl8.5.so(+0x76945) [0x7f4ebd276945]
/home/user/software/vivado2023/Vivado/2023.2/lib/lnx64.o/libtcl8.5.so(+0x7e0f9) [0x7f4ebd27e0f9]
/home/user/software/vivado2023/Vivado/2023.2/lib/lnx64.o/libtcl8.5.so(TclEvalObjEx+0x76) [0x7f4ebd235216]
/home/user/software/vivado2023/Vivado/2023.2/lib/lnx64.o/librdi_common.so(hdi::tcltasks::task_manager::eval_in_tcl(Tcl_Interp*, Tcl_Obj*, char const*, bool)+0x74d) [0x7f4ec2f7be1d]
/home/user/software/vivado2023/Vivado/2023.2/lib/lnx64.o/librdi_common.so(hdi::tcltasks::task_manager::eval_in_tcl(Tcl_Interp*, char const*, char const*, bool)+0xda) [0x7f4ec2f7c3ca]
/home/user/software/vivado2023/Vivado/2023.2/lib/lnx64.o/librdi_synth.so(HARTNDb::processGenomesSequentially(bool, char const*, char const*)+0xbce) [0x7f4e8bca8e8e]
/home/user/software/vivado2023/Vivado/2023.2/lib/lnx64.o/librdi_synth.so(+0x13c1aa8) [0x7f4e8bdc1aa8]
/home/user/software/vivado2023/Vivado/2023.2/lib/lnx64.o/librdi_synth.so(+0x1321b35) [0x7f4e8bd21b35]
/home/user/software/vivado2023/Vivado/2023.2/lib/lnx64.o/libtcl8.5.so(+0x3356f) [0x7f4ebd23356f]
/home/user/software/vivado2023/Vivado/2023.2/lib/lnx64.o/libtcl8.5.so(+0x34bf8) [0x7f4ebd234bf8]
/home/user/software/vivado2023/Vivado/2023.2/lib/lnx64.o/libtcl8.5.so(Tcl_EvalEx+0x13) [0x7f4ebd235163]
/home/user/software/vivado2023/Vivado/2023.2/lib/lnx64.o/libtcl8.5.so(TclEvalObjEx+0x1e0) [0x7f4ebd235380]
/home/user/software/vivado2023/Vivado/2023.2/lib/lnx64.o/libtcl8.5.so(+0x3b445) [0x7f4ebd23b445]
/home/user/software/vivado2023/Vivado/2023.2/lib/lnx64.o/libtcl8.5.so(+0x3356f) [0x7f4ebd23356f]
/home/user/software/vivado2023/Vivado/2023.2/lib/lnx64.o/libtcl8.5.so(+0x76945) [0x7f4ebd276945]
/home/user/software/vivado2023/Vivado/2023.2/lib/lnx64.o/libtcl8.5.so(+0x7e0f9) [0x7f4ebd27e0f9]
/home/user/software/vivado2023/Vivado/2023.2/lib/lnx64.o/libtcl8.5.so(TclEvalObjEx+0x76) [0x7f4ebd235216]
/home/user/software/vivado2023/Vivado/2023.2/lib/lnx64.o/librdi_commontasks.so(+0x261fb1) [0x7f4eb5a61fb1]
/home/user/software/vivado2023/Vivado/2023.2/lib/lnx64.o/libtcl8.5.so(+0x3356f) [0x7f4ebd23356f]
/home/user/software/vivado2023/Vivado/2023.2/lib/lnx64.o/libtcl8.5.so(+0x76945) [0x7f4ebd276945]
/home/user/software/vivado2023/Vivado/2023.2/lib/lnx64.o/libtcl8.5.so(TclObjInterpProcCore+0x420) [0x7f4ebd2b7ed0]
/home/user/software/vivado2023/Vivado/2023.2/lib/lnx64.o/libtcl8.5.so(+0x3356f) [0x7f4ebd23356f]
/home/user/software/vivado2023/Vivado/2023.2/lib/lnx64.o/libtcl8.5.so(+0x76945) [0x7f4ebd276945]
/home/user/software/vivado2023/Vivado/2023.2/lib/lnx64.o/libtcl8.5.so(TclObjInterpProcCore+0x420) [0x7f4ebd2b7ed0]
/home/user/software/vivado2023/Vivado/2023.2/lib/lnx64.o/libtcl8.5.so(+0x3356f) [0x7f4ebd23356f]
/home/user/software/vivado2023/Vivado/2023.2/lib/lnx64.o/libtcl8.5.so(+0x76945) [0x7f4ebd276945]
/home/user/software/vivado2023/Vivado/2023.2/lib/lnx64.o/libtcl8.5.so(TclObjInterpProcCore+0x420) [0x7f4ebd2b7ed0]
/home/user/software/vivado2023/Vivado/2023.2/lib/lnx64.o/libtcl8.5.so(+0x3356f) [0x7f4ebd23356f]
/home/user/software/vivado2023/Vivado/2023.2/lib/lnx64.o/libtcl8.5.so(+0x76945) [0x7f4ebd276945]
/home/user/software/vivado2023/Vivado/2023.2/lib/lnx64.o/libtcl8.5.so(+0x7e0f9) [0x7f4ebd27e0f9]
/home/user/software/vivado2023/Vivado/2023.2/lib/lnx64.o/libtcl8.5.so(TclEvalObjEx+0x76) [0x7f4ebd235216]
/home/user/software/vivado2023/Vivado/2023.2/lib/lnx64.o/librdi_commontasks.so(+0x261fb1) [0x7f4eb5a61fb1]
/home/user/software/vivado2023/Vivado/2023.2/lib/lnx64.o/libtcl8.5.so(+0x3356f) [0x7f4ebd23356f]
/home/user/software/vivado2023/Vivado/2023.2/lib/lnx64.o/libtcl8.5.so(+0x76945) [0x7f4ebd276945]
/home/user/software/vivado2023/Vivado/2023.2/lib/lnx64.o/libtcl8.5.so(Tcl_ExprObj+0xf8) [0x7f4ebd27dcd8]
/home/user/software/vivado2023/Vivado/2023.2/lib/lnx64.o/libtcl8.5.so(Tcl_ExprBooleanObj+0x16) [0x7f4ebd233f56]
/home/user/software/vivado2023/Vivado/2023.2/lib/lnx64.o/libtcl8.5.so(+0x3e7ae) [0x7f4ebd23e7ae]
/home/user/software/vivado2023/Vivado/2023.2/lib/lnx64.o/libtcl8.5.so(+0x3356f) [0x7f4ebd23356f]
/home/user/software/vivado2023/Vivado/2023.2/lib/lnx64.o/libtcl8.5.so(+0x34bf8) [0x7f4ebd234bf8]
/home/user/software/vivado2023/Vivado/2023.2/lib/lnx64.o/libtcl8.5.so(Tcl_EvalEx+0x13) [0x7f4ebd235163]
/home/user/software/vivado2023/Vivado/2023.2/lib/lnx64.o/libtcl8.5.so(Tcl_FSEvalFileEx+0x1da) [0x7f4ebd299d2a]
/home/user/software/vivado2023/Vivado/2023.2/lib/lnx64.o/librdi_commontasks.so(+0x27e220) [0x7f4eb5a7e220]
/home/user/software/vivado2023/Vivado/2023.2/lib/lnx64.o/librdi_common.so(+0xd7d9bf) [0x7f4ec2f7d9bf]
/home/user/software/vivado2023/Vivado/2023.2/lib/lnx64.o/libtcl8.5.so(+0x3356f) [0x7f4ebd23356f]
/home/user/software/vivado2023/Vivado/2023.2/lib/lnx64.o/libtcl8.5.so(+0x76945) [0x7f4ebd276945]
/home/user/software/vivado2023/Vivado/2023.2/lib/lnx64.o/libtcl8.5.so(+0x7e0f9) [0x7f4ebd27e0f9]
/home/user/software/vivado2023/Vivado/2023.2/lib/lnx64.o/libtcl8.5.so(TclEvalObjEx+0x76) [0x7f4ebd235216]
/home/user/software/vivado2023/Vivado/2023.2/lib/lnx64.o/libtcl8.5.so(+0xb7637) [0x7f4ebd2b7637]
/home/user/software/vivado2023/Vivado/2023.2/lib/lnx64.o/libtcl8.5.so(+0x3356f) [0x7f4ebd23356f]
/home/user/software/vivado2023/Vivado/2023.2/lib/lnx64.o/libtcl8.5.so(+0x76945) [0x7f4ebd276945]
/home/user/software/vivado2023/Vivado/2023.2/lib/lnx64.o/libtcl8.5.so(+0x7e0f9) [0x7f4ebd27e0f9]
/home/user/software/vivado2023/Vivado/2023.2/lib/lnx64.o/libtcl8.5.so(TclEvalObjEx+0x76) [0x7f4ebd235216]
/home/user/software/vivado2023/Vivado/2023.2/lib/lnx64.o/librdi_commontasks.so(+0x261f0e) [0x7f4eb5a61f0e]
/home/user/software/vivado2023/Vivado/2023.2/lib/lnx64.o/libtcl8.5.so(+0x3356f) [0x7f4ebd23356f]
/home/user/software/vivado2023/Vivado/2023.2/lib/lnx64.o/libtcl8.5.so(+0x34bf8) [0x7f4ebd234bf8]
/home/user/software/vivado2023/Vivado/2023.2/lib/lnx64.o/libtcl8.5.so(+0xad566) [0x7f4ebd2ad566]
/home/user/software/vivado2023/Vivado/2023.2/lib/lnx64.o/libtcl8.5.so(+0x34785) [0x7f4ebd234785]
/home/user/software/vivado2023/Vivado/2023.2/lib/lnx64.o/libtcl8.5.so(Tcl_EvalEx+0x13) [0x7f4ebd235163]
/home/user/software/vivado2023/Vivado/2023.2/lib/lnx64.o/libtcl8.5.so(Tcl_FSEvalFileEx+0x1da) [0x7f4ebd299d2a]
/home/user/software/vivado2023/Vivado/2023.2/lib/lnx64.o/librdi_commontasks.so(+0x27e220) [0x7f4eb5a7e220]
/home/user/software/vivado2023/Vivado/2023.2/lib/lnx64.o/librdi_common.so(+0xd7d9bf) [0x7f4ec2f7d9bf]
/home/user/software/vivado2023/Vivado/2023.2/lib/lnx64.o/libtcl8.5.so(+0x3356f) [0x7f4ebd23356f]
/home/user/software/vivado2023/Vivado/2023.2/lib/lnx64.o/libtcl8.5.so(Tcl_EvalObjv+0x32) [0x7f4ebd2336a2]
/home/user/software/vivado2023/Vivado/2023.2/lib/lnx64.o/libtcl8.5.so(TclEvalObjEx+0x322) [0x7f4ebd2354c2]
/home/user/software/vivado2023/Vivado/2023.2/lib/lnx64.o/librdi_common.so(hdi::tcltasks::task_manager::eval_in_tcl(Tcl_Interp*, Tcl_Obj*, char const*, bool)+0x74d) [0x7f4ec2f7be1d]
/home/user/software/vivado2023/Vivado/2023.2/lib/lnx64.o/librdi_designutils.so(HRTInvoker::inProcessLaunch(HDGUIStatus&)+0x310) [0x7f4eab824380]
/home/user/software/vivado2023/Vivado/2023.2/lib/lnx64.o/librdi_designutils.so(HRTInvoker::launch(HDGUIStatus&)+0x33) [0x7f4eab824933]
/home/user/software/vivado2023/Vivado/2023.2/lib/lnx64.o/librdi_vivadotasks.so(+0x70211c) [0x7f4e8550211c]
/home/user/software/vivado2023/Vivado/2023.2/lib/lnx64.o/librdi_vivadotasks.so(+0x70b832) [0x7f4e8550b832]
/home/user/software/vivado2023/Vivado/2023.2/lib/lnx64.o/librdi_common.so(+0xd7d9bf) [0x7f4ec2f7d9bf]
/home/user/software/vivado2023/Vivado/2023.2/lib/lnx64.o/libtcl8.5.so(+0x3356f) [0x7f4ebd23356f]
/home/user/software/vivado2023/Vivado/2023.2/lib/lnx64.o/libtcl8.5.so(+0x76945) [0x7f4ebd276945]
/home/user/software/vivado2023/Vivado/2023.2/lib/lnx64.o/libtcl8.5.so(+0x7e0f9) [0x7f4ebd27e0f9]
/home/user/software/vivado2023/Vivado/2023.2/lib/lnx64.o/libtcl8.5.so(TclEvalObjEx+0x76) [0x7f4ebd235216]
/home/user/software/vivado2023/Vivado/2023.2/lib/lnx64.o/libtcl8.5.so(Tcl_RecordAndEvalObj+0x143) [0x7f4ebd283bd3]
/home/user/software/vivado2023/Vivado/2023.2/lib/lnx64.o/librdi_commontasks.so(+0x2fc369) [0x7f4eb5afc369]
/home/user/software/vivado2023/Vivado/2023.2/lib/lnx64.o/libtcl8.5.so(Tcl_Main+0x620) [0x7f4ebd2a0740]
/home/user/software/vivado2023/Vivado/2023.2/lib/lnx64.o/librdi_common.so(+0xda6f7b) [0x7f4ec2fa6f7b]
/lib/x86_64-linux-gnu/libc.so.6(+0x94ac3) [0x7f4ec1694ac3]
/lib/x86_64-linux-gnu/libc.so.6(+0x126a40) [0x7f4ec1726a40]
