#-----------------------------------------------------------
# Vivado v2023.2 (64-bit)
# SW Build 4029153 on Fri Oct 13 20:13:54 MDT 2023
# IP Build 4028589 on Sat Oct 14 00:45:43 MDT 2023
# SharedData Build 4025554 on Tue Oct 10 17:18:54 MDT 2023
# Start of session at: Thu Dec  7 21:59:51 2023
# Process ID: 3098925
# Current directory: /home/user/vivado_project
# Command line: vivado -mode tcl
# Log file: /home/user/vivado_project/vivado.log
# Journal file: /home/user/vivado_project/vivado.jou
# Running On: user-System-Product-Name, OS: Linux, CPU Frequency: 5500.000 MHz, CPU Physical cores: 24, Host memory: 134858 MB
#-----------------------------------------------------------
read_verilog rtl.v 
/home/user/vivado_project/rtl.v
synth_design -top top
Command: synth_design -top top
Starting synth_design
Using part: xc7k70tfbv676-1
Attempting to get a license for feature 'Synthesis' and/or device 'xc7k70t'
INFO: [Common 17-349] Got license for feature 'Synthesis' and/or device 'xc7k70t'
INFO: [Synth 8-7079] Multithreading enabled for synth_design using a maximum of 4 processes.
INFO: [Synth 8-7078] Launching helper process for spawning children vivado processes
INFO: [Synth 8-7075] Helper process launched with PID 3101265
---------------------------------------------------------------------------------
Starting Synthesize : Time (s): cpu = 00:00:02 ; elapsed = 00:00:02 . Memory (MB): peak = 1701.152 ; gain = 415.648 ; free physical = 7125 ; free virtual = 99649
---------------------------------------------------------------------------------
INFO: [Synth 8-6157] synthesizing module 'top' [/home/user/vivado_project/rtl.v:1]
WARNING: [Synth 8-5974] attribute "use_dsp48" has been deprecated, please use "use_dsp" instead 
INFO: [Synth 8-6157] synthesizing module 'module22' [/home/user/vivado_project/rtl.v:736]
WARNING: [Synth 8-5974] attribute "use_dsp48" has been deprecated, please use "use_dsp" instead 
INFO: [Synth 8-6157] synthesizing module 'module29' [/home/user/vivado_project/rtl.v:3878]
WARNING: [Synth 8-5974] attribute "use_dsp48" has been deprecated, please use "use_dsp" instead 
INFO: [Synth 8-6155] done synthesizing module 'module29' (0#1) [/home/user/vivado_project/rtl.v:3878]
WARNING: [Synth 8-689] width (14) of port connection 'y' does not match port width (198) of module 'module29' [/home/user/vivado_project/rtl.v:1018]
WARNING: [Synth 8-689] width (22) of port connection 'wire33' does not match port width (20) of module 'module29' [/home/user/vivado_project/rtl.v:1018]
WARNING: [Synth 8-689] width (20) of port connection 'wire32' does not match port width (7) of module 'module29' [/home/user/vivado_project/rtl.v:1018]
WARNING: [Synth 8-689] width (19) of port connection 'wire31' does not match port width (16) of module 'module29' [/home/user/vivado_project/rtl.v:1018]
INFO: [Synth 8-6157] synthesizing module 'module82' [/home/user/vivado_project/rtl.v:3329]
WARNING: [Synth 8-5974] attribute "use_dsp48" has been deprecated, please use "use_dsp" instead 
WARNING: [Synth 8-6090] variable 'reg92' is written by both blocking and non-blocking assignments, entire logic could be removed [/home/user/vivado_project/rtl.v:3566]
WARNING: [Synth 8-6090] variable 'reg92' is written by both blocking and non-blocking assignments, entire logic could be removed [/home/user/vivado_project/rtl.v:3579]
WARNING: [Synth 8-6090] variable 'reg124' is written by both blocking and non-blocking assignments, entire logic could be removed [/home/user/vivado_project/rtl.v:3637]
WARNING: [Synth 8-6090] variable 'reg124' is written by both blocking and non-blocking assignments, entire logic could be removed [/home/user/vivado_project/rtl.v:3645]
WARNING: [Synth 8-6090] variable 'reg124' is written by both blocking and non-blocking assignments, entire logic could be removed [/home/user/vivado_project/rtl.v:3637]
WARNING: [Synth 8-6090] variable 'reg124' is written by both blocking and non-blocking assignments, entire logic could be removed [/home/user/vivado_project/rtl.v:3645]
WARNING: [Synth 8-6090] variable 'reg124' is written by both blocking and non-blocking assignments, entire logic could be removed [/home/user/vivado_project/rtl.v:3637]
WARNING: [Synth 8-6090] variable 'reg124' is written by both blocking and non-blocking assignments, entire logic could be removed [/home/user/vivado_project/rtl.v:3645]
WARNING: [Synth 8-6090] variable 'reg183' is written by both blocking and non-blocking assignments, entire logic could be removed [/home/user/vivado_project/rtl.v:3826]
WARNING: [Synth 8-6090] variable 'reg185' is written by both blocking and non-blocking assignments, entire logic could be removed [/home/user/vivado_project/rtl.v:3831]
WARNING: [Synth 8-6090] variable 'reg183' is written by both blocking and non-blocking assignments, entire logic could be removed [/home/user/vivado_project/rtl.v:3839]
WARNING: [Synth 8-6090] variable 'reg185' is written by both blocking and non-blocking assignments, entire logic could be removed [/home/user/vivado_project/rtl.v:3842]
WARNING: [Synth 8-6090] variable 'reg189' is written by both blocking and non-blocking assignments, entire logic could be removed [/home/user/vivado_project/rtl.v:3852]
WARNING: [Synth 8-6090] variable 'reg189' is written by both blocking and non-blocking assignments, entire logic could be removed [/home/user/vivado_project/rtl.v:3867]
WARNING: [Synth 8-6090] variable 'reg189' is written by both blocking and non-blocking assignments, entire logic could be removed [/home/user/vivado_project/rtl.v:3852]
WARNING: [Synth 8-6090] variable 'reg189' is written by both blocking and non-blocking assignments, entire logic could be removed [/home/user/vivado_project/rtl.v:3867]
WARNING: [Synth 8-6090] variable 'reg189' is written by both blocking and non-blocking assignments, entire logic could be removed [/home/user/vivado_project/rtl.v:3852]
WARNING: [Synth 8-6090] variable 'reg189' is written by both blocking and non-blocking assignments, entire logic could be removed [/home/user/vivado_project/rtl.v:3867]
INFO: [Synth 8-6155] done synthesizing module 'module82' (0#1) [/home/user/vivado_project/rtl.v:3329]
WARNING: [Synth 8-689] width (15) of port connection 'y' does not match port width (1178) of module 'module82' [/home/user/vivado_project/rtl.v:1100]
WARNING: [Synth 8-689] width (11) of port connection 'wire84' does not match port width (4) of module 'module82' [/home/user/vivado_project/rtl.v:1100]
WARNING: [Synth 8-689] width (16) of port connection 'wire87' does not match port width (15) of module 'module82' [/home/user/vivado_project/rtl.v:1100]
WARNING: [Synth 8-689] width (22) of port connection 'wire86' does not match port width (13) of module 'module82' [/home/user/vivado_project/rtl.v:1100]
INFO: [Synth 8-6157] synthesizing module 'module199' [/home/user/vivado_project/rtl.v:2136]
WARNING: [Synth 8-5974] attribute "use_dsp48" has been deprecated, please use "use_dsp" instead 
WARNING: [Synth 8-451] negative shift count is treated as unsigned [/home/user/vivado_project/rtl.v:2814]
WARNING: [Synth 8-451] negative shift count is treated as unsigned [/home/user/vivado_project/rtl.v:2814]
WARNING: [Synth 8-451] negative shift count is treated as unsigned [/home/user/vivado_project/rtl.v:2814]
WARNING: [Synth 8-451] negative shift count is treated as unsigned [/home/user/vivado_project/rtl.v:2814]
WARNING: [Synth 8-6090] variable 'reg290' is written by both blocking and non-blocking assignments, entire logic could be removed [/home/user/vivado_project/rtl.v:2867]
WARNING: [Synth 8-6090] variable 'reg290' is written by both blocking and non-blocking assignments, entire logic could be removed [/home/user/vivado_project/rtl.v:2874]
WARNING: [Synth 8-6090] variable 'reg319' is written by both blocking and non-blocking assignments, entire logic could be removed [/home/user/vivado_project/rtl.v:3005]
WARNING: [Synth 8-6090] variable 'reg319' is written by both blocking and non-blocking assignments, entire logic could be removed [/home/user/vivado_project/rtl.v:3009]
WARNING: [Synth 8-6090] variable 'reg319' is written by both blocking and non-blocking assignments, entire logic could be removed [/home/user/vivado_project/rtl.v:3005]
WARNING: [Synth 8-6090] variable 'reg319' is written by both blocking and non-blocking assignments, entire logic could be removed [/home/user/vivado_project/rtl.v:3009]
WARNING: [Synth 8-6090] variable 'reg319' is written by both blocking and non-blocking assignments, entire logic could be removed [/home/user/vivado_project/rtl.v:3005]
WARNING: [Synth 8-6090] variable 'reg319' is written by both blocking and non-blocking assignments, entire logic could be removed [/home/user/vivado_project/rtl.v:3009]
WARNING: [Synth 8-6090] variable 'reg331' is written by both blocking and non-blocking assignments, entire logic could be removed [/home/user/vivado_project/rtl.v:3047]
WARNING: [Synth 8-6090] variable 'reg331' is written by both blocking and non-blocking assignments, entire logic could be removed [/home/user/vivado_project/rtl.v:3054]
WARNING: [Synth 8-6090] variable 'reg331' is written by both blocking and non-blocking assignments, entire logic could be removed [/home/user/vivado_project/rtl.v:3047]
WARNING: [Synth 8-6090] variable 'reg331' is written by both blocking and non-blocking assignments, entire logic could be removed [/home/user/vivado_project/rtl.v:3054]
WARNING: [Synth 8-6090] variable 'reg331' is written by both blocking and non-blocking assignments, entire logic could be removed [/home/user/vivado_project/rtl.v:3047]
WARNING: [Synth 8-6090] variable 'reg331' is written by both blocking and non-blocking assignments, entire logic could be removed [/home/user/vivado_project/rtl.v:3054]
INFO: [Synth 8-6155] done synthesizing module 'module199' (0#1) [/home/user/vivado_project/rtl.v:2136]
WARNING: [Synth 8-689] width (17) of port connection 'y' does not match port width (2425) of module 'module199' [/home/user/vivado_project/rtl.v:1101]
WARNING: [Synth 8-689] width (12) of port connection 'wire200' does not match port width (5) of module 'module199' [/home/user/vivado_project/rtl.v:1101]
INFO: [Synth 8-6157] synthesizing module 'module412' [/home/user/vivado_project/rtl.v:1352]
WARNING: [Synth 8-5974] attribute "use_dsp48" has been deprecated, please use "use_dsp" instead 
WARNING: [Synth 8-6090] variable 'reg499' is written by both blocking and non-blocking assignments, entire logic could be removed [/home/user/vivado_project/rtl.v:1890]
WARNING: [Synth 8-6090] variable 'reg499' is written by both blocking and non-blocking assignments, entire logic could be removed [/home/user/vivado_project/rtl.v:1904]
WARNING: [Synth 8-6090] variable 'reg499' is written by both blocking and non-blocking assignments, entire logic could be removed [/home/user/vivado_project/rtl.v:1890]
WARNING: [Synth 8-6090] variable 'reg499' is written by both blocking and non-blocking assignments, entire logic could be removed [/home/user/vivado_project/rtl.v:1904]
WARNING: [Synth 8-6090] variable 'reg499' is written by both blocking and non-blocking assignments, entire logic could be removed [/home/user/vivado_project/rtl.v:1890]
WARNING: [Synth 8-6090] variable 'reg499' is written by both blocking and non-blocking assignments, entire logic could be removed [/home/user/vivado_project/rtl.v:1904]
WARNING: [Synth 8-451] negative shift count is treated as unsigned [/home/user/vivado_project/rtl.v:1972]
WARNING: [Synth 8-6090] variable 'reg546' is written by both blocking and non-blocking assignments, entire logic could be removed [/home/user/vivado_project/rtl.v:2103]
WARNING: [Synth 8-6090] variable 'reg547' is written by both blocking and non-blocking assignments, entire logic could be removed [/home/user/vivado_project/rtl.v:2104]
WARNING: [Synth 8-6090] variable 'reg548' is written by both blocking and non-blocking assignments, entire logic could be removed [/home/user/vivado_project/rtl.v:2105]
WARNING: [Synth 8-6090] variable 'reg549' is written by both blocking and non-blocking assignments, entire logic could be removed [/home/user/vivado_project/rtl.v:2106]
WARNING: [Synth 8-6090] variable 'reg546' is written by both blocking and non-blocking assignments, entire logic could be removed [/home/user/vivado_project/rtl.v:2110]
WARNING: [Synth 8-6090] variable 'reg547' is written by both blocking and non-blocking assignments, entire logic could be removed [/home/user/vivado_project/rtl.v:2111]
WARNING: [Synth 8-6090] variable 'reg548' is written by both blocking and non-blocking assignments, entire logic could be removed [/home/user/vivado_project/rtl.v:2112]
WARNING: [Synth 8-6090] variable 'reg549' is written by both blocking and non-blocking assignments, entire logic could be removed [/home/user/vivado_project/rtl.v:2115]
WARNING: [Synth 8-6090] variable 'reg546' is written by both blocking and non-blocking assignments, entire logic could be removed [/home/user/vivado_project/rtl.v:2103]
WARNING: [Synth 8-6090] variable 'reg547' is written by both blocking and non-blocking assignments, entire logic could be removed [/home/user/vivado_project/rtl.v:2104]
WARNING: [Synth 8-6090] variable 'reg548' is written by both blocking and non-blocking assignments, entire logic could be removed [/home/user/vivado_project/rtl.v:2105]
WARNING: [Synth 8-6090] variable 'reg549' is written by both blocking and non-blocking assignments, entire logic could be removed [/home/user/vivado_project/rtl.v:2106]
WARNING: [Synth 8-6090] variable 'reg546' is written by both blocking and non-blocking assignments, entire logic could be removed [/home/user/vivado_project/rtl.v:2110]
WARNING: [Synth 8-6090] variable 'reg547' is written by both blocking and non-blocking assignments, entire logic could be removed [/home/user/vivado_project/rtl.v:2111]
WARNING: [Synth 8-6090] variable 'reg548' is written by both blocking and non-blocking assignments, entire logic could be removed [/home/user/vivado_project/rtl.v:2112]
WARNING: [Synth 8-6090] variable 'reg549' is written by both blocking and non-blocking assignments, entire logic could be removed [/home/user/vivado_project/rtl.v:2115]
INFO: [Synth 8-6155] done synthesizing module 'module412' (0#1) [/home/user/vivado_project/rtl.v:1352]
WARNING: [Synth 8-689] width (7) of port connection 'y' does not match port width (1638) of module 'module412' [/home/user/vivado_project/rtl.v:1102]
WARNING: [Synth 8-689] width (17) of port connection 'wire417' does not match port width (12) of module 'module412' [/home/user/vivado_project/rtl.v:1102]
WARNING: [Synth 8-689] width (12) of port connection 'wire415' does not match port width (8) of module 'module412' [/home/user/vivado_project/rtl.v:1102]
WARNING: [Synth 8-689] width (16) of port connection 'wire413' does not match port width (13) of module 'module412' [/home/user/vivado_project/rtl.v:1102]
WARNING: [Synth 8-689] width (18) of port connection 'y' does not match port width (1178) of module 'module82' [/home/user/vivado_project/rtl.v:1103]
WARNING: [Synth 8-689] width (17) of port connection 'wire85' does not match port width (16) of module 'module82' [/home/user/vivado_project/rtl.v:1103]
WARNING: [Synth 8-689] width (20) of port connection 'wire84' does not match port width (4) of module 'module82' [/home/user/vivado_project/rtl.v:1103]
WARNING: [Synth 8-689] width (17) of port connection 'wire83' does not match port width (16) of module 'module82' [/home/user/vivado_project/rtl.v:1103]
WARNING: [Synth 8-689] width (7) of port connection 'y' does not match port width (1178) of module 'module82' [/home/user/vivado_project/rtl.v:1106]
WARNING: [Synth 8-689] width (20) of port connection 'wire86' does not match port width (13) of module 'module82' [/home/user/vivado_project/rtl.v:1106]
WARNING: [Synth 8-689] width (15) of port connection 'wire84' does not match port width (4) of module 'module82' [/home/user/vivado_project/rtl.v:1106]
WARNING: [Synth 8-689] width (18) of port connection 'wire416' does not match port width (15) of module 'module412' [/home/user/vivado_project/rtl.v:1108]
WARNING: [Synth 8-689] width (15) of port connection 'wire415' does not match port width (8) of module 'module412' [/home/user/vivado_project/rtl.v:1108]
WARNING: [Synth 8-689] width (11) of port connection 'y' does not match port width (1638) of module 'module412' [/home/user/vivado_project/rtl.v:1108]
INFO: [Synth 8-6155] done synthesizing module 'module22' (0#1) [/home/user/vivado_project/rtl.v:736]
WARNING: [Synth 8-689] width (5) of port connection 'y' does not match port width (1604) of module 'module22' [/home/user/vivado_project/rtl.v:335]
WARNING: [Synth 8-689] width (19) of port connection 'wire24' does not match port width (3) of module 'module22' [/home/user/vivado_project/rtl.v:335]
WARNING: [Synth 8-689] width (17) of port connection 'y' does not match port width (1638) of module 'module412' [/home/user/vivado_project/rtl.v:338]
WARNING: [Synth 8-689] width (15) of port connection 'wire417' does not match port width (12) of module 'module412' [/home/user/vivado_project/rtl.v:338]
WARNING: [Synth 8-689] width (19) of port connection 'wire416' does not match port width (15) of module 'module412' [/home/user/vivado_project/rtl.v:338]
WARNING: [Synth 8-689] width (18) of port connection 'wire415' does not match port width (8) of module 'module412' [/home/user/vivado_project/rtl.v:338]
WARNING: [Synth 8-689] width (19) of port connection 'wire413' does not match port width (13) of module 'module412' [/home/user/vivado_project/rtl.v:338]
WARNING: [Synth 8-689] width (13) of port connection 'wire32' does not match port width (7) of module 'module29' [/home/user/vivado_project/rtl.v:341]
WARNING: [Synth 8-689] width (21) of port connection 'wire33' does not match port width (20) of module 'module29' [/home/user/vivado_project/rtl.v:341]
WARNING: [Synth 8-689] width (10) of port connection 'y' does not match port width (198) of module 'module29' [/home/user/vivado_project/rtl.v:341]
WARNING: [Synth 8-689] width (19) of port connection 'wire31' does not match port width (16) of module 'module29' [/home/user/vivado_project/rtl.v:341]
INFO: [Synth 8-6155] done synthesizing module 'top' (0#1) [/home/user/vivado_project/rtl.v:1]
WARNING: [Synth 8-6014] Unused sequential element reg186_reg was removed.  [/home/user/vivado_project/rtl.v:3456]
WARNING: [Synth 8-6014] Unused sequential element reg187_reg was removed.  [/home/user/vivado_project/rtl.v:3455]
WARNING: [Synth 8-6014] Unused sequential element reg189_reg was removed.  [/home/user/vivado_project/rtl.v:3453]
WARNING: [Synth 8-6014] Unused sequential element reg190_reg was removed.  [/home/user/vivado_project/rtl.v:3452]
WARNING: [Synth 8-6014] Unused sequential element reg191_reg was removed.  [/home/user/vivado_project/rtl.v:3451]
WARNING: [Synth 8-6014] Unused sequential element reg192_reg was removed.  [/home/user/vivado_project/rtl.v:3450]
WARNING: [Synth 8-6014] Unused sequential element reg193_reg was removed.  [/home/user/vivado_project/rtl.v:3449]
WARNING: [Synth 8-6014] Unused sequential element reg395_reg was removed.  [/home/user/vivado_project/rtl.v:2368]
WARNING: [Synth 8-6014] Unused sequential element reg396_reg was removed.  [/home/user/vivado_project/rtl.v:2367]
WARNING: [Synth 8-6014] Unused sequential element reg397_reg was removed.  [/home/user/vivado_project/rtl.v:2366]
WARNING: [Synth 8-6014] Unused sequential element reg398_reg was removed.  [/home/user/vivado_project/rtl.v:2365]
WARNING: [Synth 8-6014] Unused sequential element reg399_reg was removed.  [/home/user/vivado_project/rtl.v:2364]
WARNING: [Synth 8-6014] Unused sequential element reg400_reg was removed.  [/home/user/vivado_project/rtl.v:2363]
WARNING: [Synth 8-6014] Unused sequential element reg401_reg was removed.  [/home/user/vivado_project/rtl.v:2362]
WARNING: [Synth 8-6014] Unused sequential element reg402_reg was removed.  [/home/user/vivado_project/rtl.v:2361]
WARNING: [Synth 8-6014] Unused sequential element reg403_reg was removed.  [/home/user/vivado_project/rtl.v:2360]
WARNING: [Synth 8-6014] Unused sequential element reg404_reg was removed.  [/home/user/vivado_project/rtl.v:2359]
WARNING: [Synth 8-6014] Unused sequential element reg405_reg was removed.  [/home/user/vivado_project/rtl.v:2358]
WARNING: [Synth 8-6014] Unused sequential element reg406_reg was removed.  [/home/user/vivado_project/rtl.v:2357]
WARNING: [Synth 8-6014] Unused sequential element reg407_reg was removed.  [/home/user/vivado_project/rtl.v:2356]
WARNING: [Synth 8-3848] Net forvar247 in module/entity module199 does not have driver. [/home/user/vivado_project/rtl.v:2312]
WARNING: [Synth 8-6014] Unused sequential element reg548_reg was removed.  [/home/user/vivado_project/rtl.v:1518]
WARNING: [Synth 8-6014] Unused sequential element reg549_reg was removed.  [/home/user/vivado_project/rtl.v:1517]
WARNING: [Synth 8-6014] Unused sequential element reg550_reg was removed.  [/home/user/vivado_project/rtl.v:1516]
WARNING: [Synth 8-6014] Unused sequential element reg552_reg was removed.  [/home/user/vivado_project/rtl.v:1514]
WARNING: [Synth 8-6014] Unused sequential element reg553_reg was removed.  [/home/user/vivado_project/rtl.v:1513]
WARNING: [Synth 8-6014] Unused sequential element reg554_reg was removed.  [/home/user/vivado_project/rtl.v:1512]
WARNING: [Synth 8-6014] Unused sequential element reg555_reg was removed.  [/home/user/vivado_project/rtl.v:1511]
WARNING: [Synth 8-6014] Unused sequential element reg629_reg was removed.  [/home/user/vivado_project/rtl.v:919]
WARNING: [Synth 8-6014] Unused sequential element reg660_reg was removed.  [/home/user/vivado_project/rtl.v:888]
WARNING: [Synth 8-6014] Unused sequential element reg661_reg was removed.  [/home/user/vivado_project/rtl.v:887]
WARNING: [Synth 8-6014] Unused sequential element reg662_reg was removed.  [/home/user/vivado_project/rtl.v:886]
WARNING: [Synth 8-6014] Unused sequential element reg663_reg was removed.  [/home/user/vivado_project/rtl.v:885]
WARNING: [Synth 8-6014] Unused sequential element reg664_reg was removed.  [/home/user/vivado_project/rtl.v:884]
WARNING: [Synth 8-6014] Unused sequential element reg665_reg was removed.  [/home/user/vivado_project/rtl.v:883]
WARNING: [Synth 8-6014] Unused sequential element reg666_reg was removed.  [/home/user/vivado_project/rtl.v:882]
WARNING: [Synth 8-6014] Unused sequential element reg658_reg was removed.  [/home/user/vivado_project/rtl.v:881]
WARNING: [Synth 8-6014] Unused sequential element reg667_reg was removed.  [/home/user/vivado_project/rtl.v:879]
WARNING: [Synth 8-3917] design top has port y[1489] driven by constant 0
WARNING: [Synth 8-3917] design top has port y[1488] driven by constant 0
WARNING: [Synth 8-3917] design top has port y[1487] driven by constant 0
WARNING: [Synth 8-3917] design top has port y[1486] driven by constant 0
WARNING: [Synth 8-3917] design top has port y[1485] driven by constant 0
WARNING: [Synth 8-3917] design top has port y[1484] driven by constant 0
WARNING: [Synth 8-3917] design top has port y[1483] driven by constant 0
WARNING: [Synth 8-3917] design top has port y[1482] driven by constant 0
WARNING: [Synth 8-3917] design top has port y[1481] driven by constant 0
WARNING: [Synth 8-3917] design top has port y[1480] driven by constant 0
WARNING: [Synth 8-3917] design top has port y[1479] driven by constant 0
WARNING: [Synth 8-3917] design top has port y[1478] driven by constant 0
WARNING: [Synth 8-3917] design top has port y[1477] driven by constant 0
WARNING: [Synth 8-3917] design top has port y[1476] driven by constant 0
WARNING: [Synth 8-3917] design top has port y[1475] driven by constant 0
WARNING: [Synth 8-3917] design top has port y[1474] driven by constant 0
WARNING: [Synth 8-3917] design top has port y[1473] driven by constant 0
WARNING: [Synth 8-3917] design top has port y[1472] driven by constant 0
WARNING: [Synth 8-3917] design top has port y[1471] driven by constant 0
WARNING: [Synth 8-3917] design top has port y[1470] driven by constant 0
WARNING: [Synth 8-3917] design top has port y[1469] driven by constant 0
WARNING: [Synth 8-3917] design top has port y[1468] driven by constant 0
WARNING: [Synth 8-3917] design top has port y[1467] driven by constant 0
WARNING: [Synth 8-3917] design top has port y[1466] driven by constant 0
WARNING: [Synth 8-3917] design top has port y[1465] driven by constant 0
WARNING: [Synth 8-3917] design top has port y[1464] driven by constant 0
WARNING: [Synth 8-3917] design top has port y[1463] driven by constant 0
WARNING: [Synth 8-3917] design top has port y[1462] driven by constant 0
WARNING: [Synth 8-3917] design top has port y[1461] driven by constant 0
WARNING: [Synth 8-3917] design top has port y[1460] driven by constant 0
WARNING: [Synth 8-3917] design top has port y[1459] driven by constant 0
WARNING: [Synth 8-3917] design top has port y[1458] driven by constant 0
WARNING: [Synth 8-3917] design top has port y[1457] driven by constant 0
WARNING: [Synth 8-3917] design top has port y[1456] driven by constant 0
WARNING: [Synth 8-3917] design top has port y[1455] driven by constant 0
WARNING: [Synth 8-3917] design top has port y[1454] driven by constant 0
WARNING: [Synth 8-3917] design top has port y[1453] driven by constant 0
WARNING: [Synth 8-3917] design top has port y[1452] driven by constant 0
WARNING: [Synth 8-3917] design top has port y[1451] driven by constant 0
WARNING: [Synth 8-3917] design top has port y[1450] driven by constant 0
WARNING: [Synth 8-3917] design top has port y[1449] driven by constant 0
WARNING: [Synth 8-3917] design top has port y[1448] driven by constant 0
WARNING: [Synth 8-3917] design top has port y[1447] driven by constant 0
WARNING: [Synth 8-3917] design top has port y[1446] driven by constant 0
WARNING: [Synth 8-3917] design top has port y[1445] driven by constant 0
WARNING: [Synth 8-3917] design top has port y[1444] driven by constant 0
WARNING: [Synth 8-3917] design top has port y[1443] driven by constant 0
WARNING: [Synth 8-3917] design top has port y[1442] driven by constant 0
WARNING: [Synth 8-3917] design top has port y[1441] driven by constant 0
WARNING: [Synth 8-3917] design top has port y[1440] driven by constant 0
WARNING: [Synth 8-3917] design top has port y[1439] driven by constant 0
WARNING: [Synth 8-3917] design top has port y[1433] driven by constant 0
WARNING: [Synth 8-3917] design top has port y[1266] driven by constant 0
WARNING: [Synth 8-3917] design top has port y[1265] driven by constant 0
WARNING: [Synth 8-3917] design top has port y[1264] driven by constant 0
WARNING: [Synth 8-3917] design top has port y[1263] driven by constant 0
WARNING: [Synth 8-3917] design top has port y[1262] driven by constant 0
WARNING: [Synth 8-3917] design top has port y[1261] driven by constant 0
WARNING: [Synth 8-3917] design top has port y[1260] driven by constant 0
WARNING: [Synth 8-3917] design top has port y[1259] driven by constant 0
WARNING: [Synth 8-3917] design top has port y[1258] driven by constant 0
WARNING: [Synth 8-3917] design top has port y[1257] driven by constant 0
WARNING: [Synth 8-3917] design top has port y[1256] driven by constant 0
WARNING: [Synth 8-3917] design top has port y[1255] driven by constant 0
WARNING: [Synth 8-3917] design top has port y[1254] driven by constant 0
WARNING: [Synth 8-3917] design top has port y[1250] driven by constant 0
WARNING: [Synth 8-3917] design top has port y[1249] driven by constant 0
WARNING: [Synth 8-3917] design top has port y[1248] driven by constant 0
WARNING: [Synth 8-3917] design top has port y[1247] driven by constant 0
WARNING: [Synth 8-3917] design top has port y[1246] driven by constant 0
WARNING: [Synth 8-3917] design top has port y[1245] driven by constant 0
WARNING: [Synth 8-3917] design top has port y[1244] driven by constant 0
WARNING: [Synth 8-3917] design top has port y[1243] driven by constant 0
WARNING: [Synth 8-3917] design top has port y[1242] driven by constant 0
WARNING: [Synth 8-3917] design top has port y[1241] driven by constant 0
WARNING: [Synth 8-3917] design top has port y[1240] driven by constant 0
WARNING: [Synth 8-3917] design top has port y[1220] driven by constant 0
WARNING: [Synth 8-3917] design top has port y[1219] driven by constant 0
WARNING: [Synth 8-3917] design top has port y[1218] driven by constant 0
WARNING: [Synth 8-3917] design top has port y[1192] driven by constant 0
WARNING: [Synth 8-3917] design top has port y[1191] driven by constant 0
WARNING: [Synth 8-3917] design top has port y[1190] driven by constant 0
WARNING: [Synth 8-3917] design top has port y[1189] driven by constant 0
WARNING: [Synth 8-3917] design top has port y[1188] driven by constant 0
WARNING: [Synth 8-3917] design top has port y[1187] driven by constant 0
WARNING: [Synth 8-3917] design top has port y[1186] driven by constant 0
WARNING: [Synth 8-3917] design top has port y[1185] driven by constant 0
WARNING: [Synth 8-3917] design top has port y[1155] driven by constant 0
WARNING: [Synth 8-3917] design top has port y[1154] driven by constant 0
WARNING: [Synth 8-3917] design top has port y[1153] driven by constant 0
WARNING: [Synth 8-3917] design top has port y[1152] driven by constant 0
WARNING: [Synth 8-3917] design top has port y[1151] driven by constant 0
WARNING: [Synth 8-3917] design top has port y[1150] driven by constant 0
WARNING: [Synth 8-3917] design top has port y[1149] driven by constant 0
WARNING: [Synth 8-3917] design top has port y[1148] driven by constant 0
WARNING: [Synth 8-3917] design top has port y[1147] driven by constant 0
WARNING: [Synth 8-3917] design top has port y[1146] driven by constant 0
WARNING: [Synth 8-3917] design top has port y[1145] driven by constant 0
WARNING: [Synth 8-3917] design top has port y[1144] driven by constant 0
WARNING: [Synth 8-3917] design top has port y[1143] driven by constant 0
INFO: [Common 17-14] Message 'Synth 8-3917' appears 100 times and further instances of the messages will be disabled. Use the Tcl command set_msg_config to change the current settings.
WARNING: [Synth 8-7129] Port clk[0] in module module29 is either unconnected or has no load
WARNING: [Synth 8-7129] Port wire31[15] in module module29 is either unconnected or has no load
WARNING: [Synth 8-7129] Port wire31[14] in module module29 is either unconnected or has no load
WARNING: [Synth 8-7129] Port wire31[13] in module module29 is either unconnected or has no load
WARNING: [Synth 8-7129] Port wire31[12] in module module29 is either unconnected or has no load
WARNING: [Synth 8-7129] Port wire31[11] in module module29 is either unconnected or has no load
WARNING: [Synth 8-7129] Port wire31[10] in module module29 is either unconnected or has no load
WARNING: [Synth 8-7129] Port wire31[9] in module module29 is either unconnected or has no load
WARNING: [Synth 8-7129] Port wire31[8] in module module29 is either unconnected or has no load
WARNING: [Synth 8-7129] Port wire31[7] in module module29 is either unconnected or has no load
WARNING: [Synth 8-7129] Port wire31[6] in module module29 is either unconnected or has no load
WARNING: [Synth 8-7129] Port wire31[5] in module module29 is either unconnected or has no load
WARNING: [Synth 8-7129] Port wire31[4] in module module29 is either unconnected or has no load
WARNING: [Synth 8-7129] Port wire31[3] in module module29 is either unconnected or has no load
WARNING: [Synth 8-7129] Port wire31[1] in module module29 is either unconnected or has no load
WARNING: [Synth 8-7129] Port wire31[0] in module module29 is either unconnected or has no load
WARNING: [Synth 8-7129] Port wire204[18] in module module199 is either unconnected or has no load
WARNING: [Synth 8-7129] Port wire204[17] in module module199 is either unconnected or has no load
WARNING: [Synth 8-7129] Port wire204[16] in module module199 is either unconnected or has no load
WARNING: [Synth 8-7129] Port wire204[15] in module module199 is either unconnected or has no load
WARNING: [Synth 8-7129] Port wire204[14] in module module199 is either unconnected or has no load
WARNING: [Synth 8-7129] Port wire204[13] in module module199 is either unconnected or has no load
WARNING: [Synth 8-7129] Port wire204[12] in module module199 is either unconnected or has no load
WARNING: [Synth 8-7129] Port wire204[11] in module module199 is either unconnected or has no load
WARNING: [Synth 8-7129] Port wire204[10] in module module199 is either unconnected or has no load
WARNING: [Synth 8-7129] Port wire204[9] in module module199 is either unconnected or has no load
WARNING: [Synth 8-7129] Port wire204[8] in module module199 is either unconnected or has no load
WARNING: [Synth 8-7129] Port wire204[7] in module module199 is either unconnected or has no load
WARNING: [Synth 8-7129] Port wire204[6] in module module199 is either unconnected or has no load
WARNING: [Synth 8-7129] Port wire204[5] in module module199 is either unconnected or has no load
WARNING: [Synth 8-7129] Port wire204[4] in module module199 is either unconnected or has no load
WARNING: [Synth 8-7129] Port wire204[3] in module module199 is either unconnected or has no load
---------------------------------------------------------------------------------
Finished Synthesize : Time (s): cpu = 00:00:03 ; elapsed = 00:00:03 . Memory (MB): peak = 1807.121 ; gain = 521.617 ; free physical = 6394 ; free virtual = 98919
---------------------------------------------------------------------------------
---------------------------------------------------------------------------------
Finished Constraint Validation : Time (s): cpu = 00:00:03 ; elapsed = 00:00:03 . Memory (MB): peak = 1821.965 ; gain = 536.461 ; free physical = 6353 ; free virtual = 98878
---------------------------------------------------------------------------------
---------------------------------------------------------------------------------
Start Loading Part and Timing Information
---------------------------------------------------------------------------------
Loading part: xc7k70tfbv676-1
INFO: [Device 21-403] Loading part xc7k70tfbv676-1
---------------------------------------------------------------------------------
Finished Loading Part and Timing Information : Time (s): cpu = 00:00:03 ; elapsed = 00:00:03 . Memory (MB): peak = 1829.969 ; gain = 544.465 ; free physical = 6348 ; free virtual = 98875
---------------------------------------------------------------------------------
WARNING: [Synth 8-327] inferring latch for variable 'forvar134' [/home/user/vivado_project/rtl.v:3505]
WARNING: [Synth 8-327] inferring latch for variable 'forvar259' [/home/user/vivado_project/rtl.v:2509]
WARNING: [Synth 8-327] inferring latch for variable 'forvar280' [/home/user/vivado_project/rtl.v:2488]
WARNING: [Synth 8-327] inferring latch for variable 'forvar284' [/home/user/vivado_project/rtl.v:2484]
WARNING: [Synth 8-327] inferring latch for variable 'forvar340' [/home/user/vivado_project/rtl.v:2426]
WARNING: [Synth 8-327] inferring latch for variable 'forvar347' [/home/user/vivado_project/rtl.v:2419]
WARNING: [Synth 8-327] inferring latch for variable 'forvar419' [/home/user/vivado_project/rtl.v:1651]
WARNING: [Synth 8-327] inferring latch for variable 'forvar456' [/home/user/vivado_project/rtl.v:1613]
WARNING: [Synth 8-327] inferring latch for variable 'forvar468' [/home/user/vivado_project/rtl.v:1601]
WARNING: [Synth 8-327] inferring latch for variable 'forvar524' [/home/user/vivado_project/rtl.v:1544]
WARNING: [Synth 8-327] inferring latch for variable 'forvar527' [/home/user/vivado_project/rtl.v:1541]
WARNING: [Synth 8-327] inferring latch for variable 'forvar63' [/home/user/vivado_project/rtl.v:1001]
WARNING: [Synth 8-327] inferring latch for variable 'forvar68' [/home/user/vivado_project/rtl.v:996]
WARNING: [Synth 8-327] inferring latch for variable 'forvar658' [/home/user/vivado_project/rtl.v:890]
WARNING: [Synth 8-327] inferring latch for variable 'forvar9' [/home/user/vivado_project/rtl.v:245]
WARNING: [Synth 8-327] inferring latch for variable 'forvar690' [/home/user/vivado_project/rtl.v:224]
WARNING: [Synth 8-327] inferring latch for variable 'forvar688' [/home/user/vivado_project/rtl.v:221]
WARNING: [Synth 8-327] inferring latch for variable 'forvar720' [/home/user/vivado_project/rtl.v:188]
WARNING: [Synth 8-327] inferring latch for variable 'forvar748' [/home/user/vivado_project/rtl.v:162]
WARNING: [Synth 8-327] inferring latch for variable 'forvar753' [/home/user/vivado_project/rtl.v:154]
WARNING: [Synth 8-327] inferring latch for variable 'forvar756' [/home/user/vivado_project/rtl.v:153]
---------------------------------------------------------------------------------
Finished RTL Optimization Phase 2 : Time (s): cpu = 00:00:05 ; elapsed = 00:00:04 . Memory (MB): peak = 1846.883 ; gain = 561.379 ; free physical = 5544 ; free virtual = 98068
---------------------------------------------------------------------------------
No constraint files found.
---------------------------------------------------------------------------------
Start RTL Component Statistics 
---------------------------------------------------------------------------------
Detailed RTL Component Info : 
+---Adders : 
	   2 Input   96 Bit       Adders := 3     
	   2 Input   22 Bit       Adders := 1     
	   2 Input   20 Bit       Adders := 2     
	   2 Input   19 Bit       Adders := 2     
	   3 Input   18 Bit       Adders := 3     
	   2 Input   17 Bit       Adders := 3     
	   3 Input   16 Bit       Adders := 3     
	   2 Input   16 Bit       Adders := 3     
	   2 Input   15 Bit       Adders := 1     
	   3 Input   13 Bit       Adders := 3     
	   2 Input   12 Bit       Adders := 3     
	   3 Input   12 Bit       Adders := 1     
	   2 Input   10 Bit       Adders := 3     
	   2 Input    9 Bit       Adders := 1     
	   2 Input    8 Bit       Adders := 1     
	   2 Input    7 Bit       Adders := 4     
	   2 Input    5 Bit       Adders := 1     
	   2 Input    4 Bit       Adders := 3     
	   3 Input    3 Bit       Adders := 1     
	   2 Input    1 Bit       Adders := 1     
+---XORs : 
	   2 Input    152 Bit         XORs := 3     
	   2 Input     96 Bit         XORs := 3     
	   2 Input     88 Bit         XORs := 1     
	   2 Input     22 Bit         XORs := 4     
	   2 Input     21 Bit         XORs := 5     
	   2 Input     20 Bit         XORs := 4     
	   2 Input     19 Bit         XORs := 6     
	   2 Input     18 Bit         XORs := 8     
	   2 Input     17 Bit         XORs := 1     
	   2 Input     16 Bit         XORs := 11    
	   2 Input     15 Bit         XORs := 4     
	   2 Input     14 Bit         XORs := 3     
	   2 Input     13 Bit         XORs := 4     
	   2 Input     12 Bit         XORs := 3     
	   2 Input     11 Bit         XORs := 4     
	   2 Input     10 Bit         XORs := 4     
	   2 Input      9 Bit         XORs := 1     
	   2 Input      8 Bit         XORs := 2     
	   2 Input      7 Bit         XORs := 3     
	   2 Input      5 Bit         XORs := 1     
	   2 Input      4 Bit         XORs := 2     
	   2 Input      3 Bit         XORs := 4     
	   2 Input      1 Bit         XORs := 1     
+---XORs : 
	               45 Bit    Wide XORs := 1     
	               22 Bit    Wide XORs := 3     
	               21 Bit    Wide XORs := 1     
	               20 Bit    Wide XORs := 10    
	               18 Bit    Wide XORs := 8     
	               17 Bit    Wide XORs := 3     
	               16 Bit    Wide XORs := 10    
	               15 Bit    Wide XORs := 5     
	               14 Bit    Wide XORs := 4     
	               13 Bit    Wide XORs := 3     
	               12 Bit    Wide XORs := 2     
	               11 Bit    Wide XORs := 9     
	               10 Bit    Wide XORs := 7     
	                9 Bit    Wide XORs := 5     
	                8 Bit    Wide XORs := 14    
	                7 Bit    Wide XORs := 3     
	                6 Bit    Wide XORs := 1     
	                5 Bit    Wide XORs := 6     
	                4 Bit    Wide XORs := 8     
	                3 Bit    Wide XORs := 4     
	                2 Bit    Wide XORs := 6     
	                1 Bit    Wide XORs := 13    
+---Registers : 
	               22 Bit    Registers := 17    
	               21 Bit    Registers := 24    
	               20 Bit    Registers := 19    
	               19 Bit    Registers := 19    
	               18 Bit    Registers := 34    
	               17 Bit    Registers := 16    
	               16 Bit    Registers := 24    
	               15 Bit    Registers := 20    
	               14 Bit    Registers := 29    
	               13 Bit    Registers := 37    
	               12 Bit    Registers := 24    
	               11 Bit    Registers := 30    
	               10 Bit    Registers := 35    
	                9 Bit    Registers := 33    
	                8 Bit    Registers := 29    
	                7 Bit    Registers := 35    
	                6 Bit    Registers := 40    
	                5 Bit    Registers := 37    
	                4 Bit    Registers := 26    
	                3 Bit    Registers := 38    
	                2 Bit    Registers := 35    
	                1 Bit    Registers := 52    
+---Multipliers : 
	              24x95  Multipliers := 3     
	              18x22  Multipliers := 1     
	               1x21  Multipliers := 1     
	               8x19  Multipliers := 1     
	               3x14  Multipliers := 1     
	               7x12  Multipliers := 3     
	                8x9  Multipliers := 3     
	                9x9  Multipliers := 1     
	                1x7  Multipliers := 3     
	                1x5  Multipliers := 1     
	                1x3  Multipliers := 3     
	                1x1  Multipliers := 3     
+---Muxes : 
	   2 Input   89 Bit        Muxes := 1     
	   3 Input   71 Bit        Muxes := 3     
	   2 Input   38 Bit        Muxes := 1     
	   2 Input   31 Bit        Muxes := 1     
	   2 Input   30 Bit        Muxes := 1     
	   2 Input   26 Bit        Muxes := 3     
	   2 Input   24 Bit        Muxes := 6     
	   2 Input   22 Bit        Muxes := 23    
	   3 Input   22 Bit        Muxes := 3     
	   2 Input   21 Bit        Muxes := 26    
	   2 Input   20 Bit        Muxes := 15    
	   4 Input   20 Bit        Muxes := 1     
	   2 Input   19 Bit        Muxes := 35    
	   3 Input   19 Bit        Muxes := 1     
	   2 Input   18 Bit        Muxes := 32    
	   2 Input   17 Bit        Muxes := 17    
	   4 Input   17 Bit        Muxes := 3     
	   3 Input   17 Bit        Muxes := 1     
	   2 Input   16 Bit        Muxes := 43    
	   2 Input   15 Bit        Muxes := 22    
	   2 Input   14 Bit        Muxes := 11    
	   2 Input   13 Bit        Muxes := 20    
	   2 Input   12 Bit        Muxes := 112   
	   2 Input   11 Bit        Muxes := 33    
	   2 Input   10 Bit        Muxes := 22    
	   2 Input    9 Bit        Muxes := 28    
	   5 Input    9 Bit        Muxes := 1     
	   2 Input    8 Bit        Muxes := 61    
	   3 Input    8 Bit        Muxes := 4     
	   2 Input    7 Bit        Muxes := 13    
	   2 Input    6 Bit        Muxes := 17    
	   2 Input    5 Bit        Muxes := 16    
	   3 Input    4 Bit        Muxes := 4     
	   2 Input    4 Bit        Muxes := 11    
	   2 Input    3 Bit        Muxes := 67    
	   3 Input    3 Bit        Muxes := 4     
	   2 Input    2 Bit        Muxes := 22    
	   2 Input    1 Bit        Muxes := 56    
	   3 Input    1 Bit        Muxes := 1     
---------------------------------------------------------------------------------
Finished RTL Component Statistics 
---------------------------------------------------------------------------------
---------------------------------------------------------------------------------
Start Part Resource Summary
---------------------------------------------------------------------------------
Part Resources:
DSPs: 240 (col length:80)
BRAMs: 270 (col length: RAMB18 80 RAMB36 40)
---------------------------------------------------------------------------------
Finished Part Resource Summary
---------------------------------------------------------------------------------
No constraint files found.
---------------------------------------------------------------------------------
Start Cross Boundary and Area Optimization
---------------------------------------------------------------------------------
WARNING: [Synth 8-7080] Parallel synthesis criteria is not met
WARNING: [Synth 8-3332] Sequential element (forvar419) is unused and will be removed from module module412.
WARNING: [Synth 8-3332] Sequential element (forvar419__0) is unused and will be removed from module module412.
WARNING: [Synth 8-3332] Sequential element (forvar419__1) is unused and will be removed from module module412.
WARNING: [Synth 8-3332] Sequential element (forvar419__2) is unused and will be removed from module module412.
WARNING: [Synth 8-3332] Sequential element (forvar419__3) is unused and will be removed from module module412.
WARNING: [Synth 8-3332] Sequential element (forvar419__4) is unused and will be removed from module module412.
WARNING: [Synth 8-3332] Sequential element (forvar419__5) is unused and will be removed from module module412.
WARNING: [Synth 8-3332] Sequential element (forvar419__6) is unused and will be removed from module module412.
WARNING: [Synth 8-3332] Sequential element (forvar419__7) is unused and will be removed from module module412.
WARNING: [Synth 8-3332] Sequential element (forvar419__8) is unused and will be removed from module module412.
WARNING: [Synth 8-3332] Sequential element (forvar419__9) is unused and will be removed from module module412.
WARNING: [Synth 8-3332] Sequential element (forvar456) is unused and will be removed from module module412.
WARNING: [Synth 8-3332] Sequential element (forvar456__0) is unused and will be removed from module module412.
WARNING: [Synth 8-3332] Sequential element (forvar456__1) is unused and will be removed from module module412.
WARNING: [Synth 8-3332] Sequential element (forvar456__2) is unused and will be removed from module module412.
WARNING: [Synth 8-3332] Sequential element (forvar456__3) is unused and will be removed from module module412.
WARNING: [Synth 8-3332] Sequential element (forvar456__4) is unused and will be removed from module module412.
WARNING: [Synth 8-3332] Sequential element (forvar456__5) is unused and will be removed from module module412.
WARNING: [Synth 8-3332] Sequential element (forvar456__6) is unused and will be removed from module module412.
WARNING: [Synth 8-3332] Sequential element (forvar456__7) is unused and will be removed from module module412.
WARNING: [Synth 8-3332] Sequential element (forvar456__8) is unused and will be removed from module module412.
WARNING: [Synth 8-3332] Sequential element (forvar456__9) is unused and will be removed from module module412.
WARNING: [Synth 8-3332] Sequential element (forvar456__10) is unused and will be removed from module module412.
WARNING: [Synth 8-3332] Sequential element (forvar456__11) is unused and will be removed from module module412.
WARNING: [Synth 8-3332] Sequential element (forvar456__12) is unused and will be removed from module module412.
WARNING: [Synth 8-3332] Sequential element (forvar456__13) is unused and will be removed from module module412.
WARNING: [Synth 8-3332] Sequential element (forvar456__14) is unused and will be removed from module module412.
WARNING: [Synth 8-3332] Sequential element (forvar468) is unused and will be removed from module module412.
WARNING: [Synth 8-3332] Sequential element (forvar468__0) is unused and will be removed from module module412.
WARNING: [Synth 8-3332] Sequential element (forvar468__1) is unused and will be removed from module module412.
WARNING: [Synth 8-3332] Sequential element (forvar468__2) is unused and will be removed from module module412.
WARNING: [Synth 8-3332] Sequential element (forvar468__3) is unused and will be removed from module module412.
WARNING: [Synth 8-3332] Sequential element (forvar468__4) is unused and will be removed from module module412.
WARNING: [Synth 8-3332] Sequential element (forvar468__5) is unused and will be removed from module module412.
WARNING: [Synth 8-3332] Sequential element (forvar468__6) is unused and will be removed from module module412.
WARNING: [Synth 8-3332] Sequential element (forvar468__7) is unused and will be removed from module module412.
WARNING: [Synth 8-3332] Sequential element (forvar468__8) is unused and will be removed from module module412.
WARNING: [Synth 8-3332] Sequential element (forvar468__9) is unused and will be removed from module module412.
WARNING: [Synth 8-3332] Sequential element (forvar468__10) is unused and will be removed from module module412.
WARNING: [Synth 8-3332] Sequential element (forvar468__11) is unused and will be removed from module module412.
WARNING: [Synth 8-3332] Sequential element (forvar468__12) is unused and will be removed from module module412.
WARNING: [Synth 8-3332] Sequential element (forvar468__13) is unused and will be removed from module module412.
WARNING: [Synth 8-3332] Sequential element (forvar468__14) is unused and will be removed from module module412.
WARNING: [Synth 8-3332] Sequential element (forvar468__15) is unused and will be removed from module module412.
WARNING: [Synth 8-3332] Sequential element (forvar524__12) is unused and will be removed from module module412.
WARNING: [Synth 8-3332] Sequential element (forvar527) is unused and will be removed from module module412.
WARNING: [Synth 8-3332] Sequential element (forvar134) is unused and will be removed from module module82__1.
WARNING: [Synth 8-3332] Sequential element (forvar134__0) is unused and will be removed from module module82__1.
WARNING: [Synth 8-3332] Sequential element (forvar134__1) is unused and will be removed from module module82__1.
WARNING: [Synth 8-3332] Sequential element (forvar134__2) is unused and will be removed from module module82__1.
WARNING: [Synth 8-3332] Sequential element (forvar134__3) is unused and will be removed from module module82__1.
WARNING: [Synth 8-3332] Sequential element (forvar259) is unused and will be removed from module module199.
WARNING: [Synth 8-3332] Sequential element (forvar259__0) is unused and will be removed from module module199.
WARNING: [Synth 8-3332] Sequential element (forvar259__1) is unused and will be removed from module module199.
WARNING: [Synth 8-3332] Sequential element (forvar259__2) is unused and will be removed from module module199.
WARNING: [Synth 8-3332] Sequential element (forvar259__3) is unused and will be removed from module module199.
WARNING: [Synth 8-3332] Sequential element (forvar259__4) is unused and will be removed from module module199.
WARNING: [Synth 8-3332] Sequential element (forvar259__5) is unused and will be removed from module module199.
WARNING: [Synth 8-3332] Sequential element (forvar259__6) is unused and will be removed from module module199.
WARNING: [Synth 8-3332] Sequential element (forvar259__7) is unused and will be removed from module module199.
WARNING: [Synth 8-3332] Sequential element (forvar259__8) is unused and will be removed from module module199.
WARNING: [Synth 8-3332] Sequential element (forvar259__9) is unused and will be removed from module module199.
WARNING: [Synth 8-3332] Sequential element (forvar259__10) is unused and will be removed from module module199.
WARNING: [Synth 8-3332] Sequential element (forvar259__11) is unused and will be removed from module module199.
WARNING: [Synth 8-3332] Sequential element (forvar259__12) is unused and will be removed from module module199.
WARNING: [Synth 8-3332] Sequential element (forvar259__13) is unused and will be removed from module module199.
WARNING: [Synth 8-3332] Sequential element (forvar259__14) is unused and will be removed from module module199.
WARNING: [Synth 8-3332] Sequential element (forvar259__15) is unused and will be removed from module module199.
WARNING: [Synth 8-3332] Sequential element (forvar259__16) is unused and will be removed from module module199.
WARNING: [Synth 8-3332] Sequential element (forvar259__17) is unused and will be removed from module module199.
WARNING: [Synth 8-3332] Sequential element (forvar280) is unused and will be removed from module module199.
WARNING: [Synth 8-3332] Sequential element (forvar280__0) is unused and will be removed from module module199.
WARNING: [Synth 8-3332] Sequential element (forvar280__1) is unused and will be removed from module module199.
WARNING: [Synth 8-3332] Sequential element (forvar280__2) is unused and will be removed from module module199.
WARNING: [Synth 8-3332] Sequential element (forvar280__3) is unused and will be removed from module module199.
WARNING: [Synth 8-3332] Sequential element (forvar280__4) is unused and will be removed from module module199.
WARNING: [Synth 8-3332] Sequential element (forvar280__5) is unused and will be removed from module module199.
WARNING: [Synth 8-3332] Sequential element (forvar284) is unused and will be removed from module module199.
WARNING: [Synth 8-3332] Sequential element (forvar284__0) is unused and will be removed from module module199.
WARNING: [Synth 8-3332] Sequential element (forvar284__1) is unused and will be removed from module module199.
WARNING: [Synth 8-3332] Sequential element (forvar284__2) is unused and will be removed from module module199.
WARNING: [Synth 8-3332] Sequential element (forvar340) is unused and will be removed from module module199.
WARNING: [Synth 8-3332] Sequential element (forvar340__0) is unused and will be removed from module module199.
WARNING: [Synth 8-3332] Sequential element (forvar340__1) is unused and will be removed from module module199.
WARNING: [Synth 8-3332] Sequential element (forvar340__2) is unused and will be removed from module module199.
WARNING: [Synth 8-3332] Sequential element (forvar340__3) is unused and will be removed from module module199.
WARNING: [Synth 8-3332] Sequential element (forvar340__4) is unused and will be removed from module module199.
WARNING: [Synth 8-3332] Sequential element (forvar340__5) is unused and will be removed from module module199.
WARNING: [Synth 8-3332] Sequential element (forvar340__6) is unused and will be removed from module module199.
WARNING: [Synth 8-3332] Sequential element (forvar340__7) is unused and will be removed from module module199.
WARNING: [Synth 8-3332] Sequential element (forvar340__8) is unused and will be removed from module module199.
WARNING: [Synth 8-3332] Sequential element (forvar340__9) is unused and will be removed from module module199.
WARNING: [Synth 8-3332] Sequential element (forvar340__10) is unused and will be removed from module module199.
WARNING: [Synth 8-3332] Sequential element (forvar340__11) is unused and will be removed from module module199.
WARNING: [Synth 8-3332] Sequential element (forvar340__12) is unused and will be removed from module module199.
WARNING: [Synth 8-3332] Sequential element (forvar340__13) is unused and will be removed from module module199.
WARNING: [Synth 8-3332] Sequential element (forvar340__14) is unused and will be removed from module module199.
WARNING: [Synth 8-3332] Sequential element (forvar340__15) is unused and will be removed from module module199.
WARNING: [Synth 8-3332] Sequential element (forvar340__16) is unused and will be removed from module module199.
WARNING: [Synth 8-3332] Sequential element (forvar340__17) is unused and will be removed from module module199.
INFO: [Common 17-14] Message 'Synth 8-3332' appears 100 times and further instances of the messages will be disabled. Use the Tcl command set_msg_config to change the current settings.
